OpenROAD 0a584d123190322b0725d5440c2c486d91d3afd8 
This program is licensed under the BSD-3 license. See the LICENSE file for details.
Components of this program may be licensed under more restrictive licenses which must be honored.
[INFO ODB-0222] Reading LEF file: /project/openlane/runs/run_1/tmp/merged.min.lef
[INFO ODB-0223]     Created 13 technology layers
[INFO ODB-0224]     Created 25 technology vias
[INFO ODB-0225]     Created 441 library cells
[INFO ODB-0226] Finished LEF file:  /project/openlane/runs/run_1/tmp/merged.min.lef
[INFO ODB-0127] Reading DEF file: /project/openlane/runs/run_1/results/routing/riscv_cpu.def
[INFO ODB-0128] Design: riscv_cpu
[INFO ODB-0094] 		Created 100000 Insts
[INFO ODB-0130]     Created 170 pins.
[INFO ODB-0131]     Created 103119 components and 421131 component-terminals.
[INFO ODB-0132]     Created 2 special nets and 385040 connections.
[INFO ODB-0133]     Created 10187 nets and 36087 connections.
[INFO ODB-0134] Finished DEF file: /project/openlane/runs/run_1/results/routing/riscv_cpu.def
define_corners Typical
read_liberty -corner Typical /build/pdk/sky130A/libs.ref/sky130_fd_sc_hd/lib/sky130_fd_sc_hd__tt_025C_1v80.lib
Using 1e-12 for capacitance...
Using 1e+03 for resistance...
Using 1e-09 for time...
Using 1e+00 for voltage...
Using 1e-03 for current...
Using 1e-09 for power...
Using 1e-06 for distance...
Using RCX ruleset '/build/pdk/sky130A/libs.tech/openlane/rules.openrcx.sky130A.min.calibre'...
[INFO RCX-0431] Defined process_corner X with ext_model_index 0
[INFO RCX-0029] Defined extraction corner X
[INFO RCX-0008] extracting parasitics of riscv_cpu ...
[INFO RCX-0435] Reading extraction model file /build/pdk/sky130A/libs.tech/openlane/rules.openrcx.sky130A.min.calibre ...
[INFO RCX-0436] RC segment generation riscv_cpu (max_merge_res 50.0) ...
[INFO RCX-0040] Final 45375 rc segments
[INFO RCX-0439] Coupling Cap extraction riscv_cpu ...
[INFO RCX-0440] Coupling threshhold is 0.1000 fF, coupling capacitance less than 0.1000 fF will be grounded.
[INFO RCX-0043] 109692 wires to be extracted
[INFO RCX-0442] 20% completion -- 22546 wires have been extracted
[INFO RCX-0442] 51% completion -- 56371 wires have been extracted
[INFO RCX-0442] 75% completion -- 82429 wires have been extracted
[INFO RCX-0442] 100% completion -- 109692 wires have been extracted
[INFO RCX-0045] Extract 10187 nets, 55561 rsegs, 55561 caps, 127206 ccs
[INFO RCX-0015] Finished extracting riscv_cpu.
Writing result to /project/openlane/runs/run_1/results/routing/mca/process_corner_min/riscv_cpu.spef...
Setting global connections for newly added cells…
[WARNING] Did not save OpenROAD database!
Writing extracted parasitics to '/project/openlane/runs/run_1/results/routing/mca/process_corner_min/riscv_cpu.spef'…
[INFO RCX-0016] Writing SPEF ...
[INFO RCX-0443] 10187 nets finished
[INFO RCX-0017] Finished writing SPEF ...
