
Magic 8.3 revision 416 - Compiled on Tue Jul 25 11:03:51 UTC 2023.
Starting magic under Tcl interpreter
Using the terminal as the console.
Using NULL graphics device.
Processing system .magicrc file
Sourcing design .magicrc for technology sky130A ...
2 Magic internal units = 1 Lambda
Input style sky130(): scaleFactor=2, multiplier=2
The following types are not handled by extraction and will be treated as non-electrical types:
    ubm 
Scaled tech values by 2 / 1 to match internal grid scaling
Loading sky130A Device Generator Menu ...
Using technology "sky130A", version 1.0.466-0-gbdc9412
Reading LEF data from file /build/pdk/sky130A/libs.ref/sky130_fd_sc_hd/techlef/sky130_fd_sc_hd__nom.tlef.
This action cannot be undone.
LEF read, Line 78 (Message): Unknown keyword "ANTENNAMODEL" in LEF file; ignoring.
LEF read, Line 79 (Message): Unknown keyword "ANTENNADIFFSIDEAREARATIO" in LEF file; ignoring.
LEF read, Line 112 (Message): Unknown keyword "MINENCLOSEDAREA" in LEF file; ignoring.
LEF read, Line 114 (Message): Unknown keyword "ANTENNAMODEL" in LEF file; ignoring.
LEF read, Line 115 (Message): Unknown keyword "ANTENNADIFFSIDEAREARATIO" in LEF file; ignoring.
LEF read, Line 121 (Message): Unknown keyword "MAXIMUMDENSITY" in LEF file; ignoring.
LEF read, Line 122 (Message): Unknown keyword "DENSITYCHECKWINDOW" in LEF file; ignoring.
LEF read, Line 123 (Message): Unknown keyword "DENSITYCHECKSTEP" in LEF file; ignoring.
LEF read, Line 156 (Message): Unknown keyword "MINENCLOSEDAREA" in LEF file; ignoring.
LEF read, Line 164 (Message): Unknown keyword "ANTENNAMODEL" in LEF file; ignoring.
LEF read, Line 165 (Message): Unknown keyword "ANTENNADIFFSIDEAREARATIO" in LEF file; ignoring.
LEF read, Line 167 (Message): Unknown keyword "MAXIMUMDENSITY" in LEF file; ignoring.
LEF read, Line 168 (Message): Unknown keyword "DENSITYCHECKWINDOW" in LEF file; ignoring.
LEF read, Line 169 (Message): Unknown keyword "DENSITYCHECKSTEP" in LEF file; ignoring.
LEF read, Line 206 (Message): Unknown keyword "ANTENNAMODEL" in LEF file; ignoring.
LEF read, Line 207 (Message): Unknown keyword "ANTENNADIFFSIDEAREARATIO" in LEF file; ignoring.
LEF read, Line 209 (Message): Unknown keyword "MAXIMUMDENSITY" in LEF file; ignoring.
LEF read, Line 210 (Message): Unknown keyword "DENSITYCHECKWINDOW" in LEF file; ignoring.
LEF read, Line 211 (Message): Unknown keyword "DENSITYCHECKSTEP" in LEF file; ignoring.
LEF read, Line 248 (Message): Unknown keyword "ANTENNAMODEL" in LEF file; ignoring.
LEF read, Line 249 (Message): Unknown keyword "ANTENNADIFFSIDEAREARATIO" in LEF file; ignoring.
LEF read, Line 251 (Message): Unknown keyword "MAXIMUMDENSITY" in LEF file; ignoring.
LEF read, Line 252 (Message): Unknown keyword "DENSITYCHECKWINDOW" in LEF file; ignoring.
LEF read, Line 253 (Message): Unknown keyword "DENSITYCHECKSTEP" in LEF file; ignoring.
LEF read, Line 290 (Message): Unknown keyword "ANTENNAMODEL" in LEF file; ignoring.
LEF read, Line 291 (Message): Unknown keyword "ANTENNADIFFSIDEAREARATIO" in LEF file; ignoring.
LEF read: Processed 797 lines.
Reading DEF data from file /project/openlane/runs/run_1/results/routing/riscv_cpu.def.
This action cannot be undone.
  Processed 4 vias total.
Cell sky130_fd_sc_hd__diode_2 read from path /build/pdk/sky130A/libs.ref/sky130_fd_sc_hd/mag
Cell sky130_fd_sc_hd__decap_3 read from path /build/pdk/sky130A/libs.ref/sky130_fd_sc_hd/mag
Cell sky130_ef_sc_hd__decap_12 read from path /build/pdk/sky130A/libs.ref/sky130_fd_sc_hd/mag
Cell sky130_fd_sc_hd__fill_2 read from path /build/pdk/sky130A/libs.ref/sky130_fd_sc_hd/mag
Cell sky130_fd_sc_hd__decap_8 read from path /build/pdk/sky130A/libs.ref/sky130_fd_sc_hd/mag
Cell sky130_fd_sc_hd__decap_4 read from path /build/pdk/sky130A/libs.ref/sky130_fd_sc_hd/mag
Cell sky130_fd_sc_hd__fill_1 read from path /build/pdk/sky130A/libs.ref/sky130_fd_sc_hd/mag
Cell sky130_fd_sc_hd__decap_6 read from path /build/pdk/sky130A/libs.ref/sky130_fd_sc_hd/mag
Cell sky130_fd_sc_hd__tapvpwrvgnd_1 read from path /build/pdk/sky130A/libs.ref/sky130_fd_sc_hd/mag
Cell sky130_fd_sc_hd__or2_1 read from path /build/pdk/sky130A/libs.ref/sky130_fd_sc_hd/mag
Cell sky130_fd_sc_hd__buf_2 read from path /build/pdk/sky130A/libs.ref/sky130_fd_sc_hd/mag
Cell sky130_fd_sc_hd__clkbuf_2 read from path /build/pdk/sky130A/libs.ref/sky130_fd_sc_hd/mag
Cell sky130_fd_sc_hd__clkbuf_4 read from path /build/pdk/sky130A/libs.ref/sky130_fd_sc_hd/mag
Cell sky130_fd_sc_hd__inv_2 read from path /build/pdk/sky130A/libs.ref/sky130_fd_sc_hd/mag
Cell sky130_fd_sc_hd__a22o_1 read from path /build/pdk/sky130A/libs.ref/sky130_fd_sc_hd/mag
Cell sky130_fd_sc_hd__a221o_1 read from path /build/pdk/sky130A/libs.ref/sky130_fd_sc_hd/mag
Cell sky130_fd_sc_hd__a221oi_1 read from path /build/pdk/sky130A/libs.ref/sky130_fd_sc_hd/mag
Cell sky130_fd_sc_hd__o221a_1 read from path /build/pdk/sky130A/libs.ref/sky130_fd_sc_hd/mag
Cell sky130_fd_sc_hd__xnor2_1 read from path /build/pdk/sky130A/libs.ref/sky130_fd_sc_hd/mag
Cell sky130_fd_sc_hd__buf_4 read from path /build/pdk/sky130A/libs.ref/sky130_fd_sc_hd/mag
Cell sky130_fd_sc_hd__o22a_1 read from path /build/pdk/sky130A/libs.ref/sky130_fd_sc_hd/mag
Cell sky130_fd_sc_hd__and3_1 read from path /build/pdk/sky130A/libs.ref/sky130_fd_sc_hd/mag
Cell sky130_fd_sc_hd__or2_2 read from path /build/pdk/sky130A/libs.ref/sky130_fd_sc_hd/mag
Cell sky130_fd_sc_hd__o41a_4 read from path /build/pdk/sky130A/libs.ref/sky130_fd_sc_hd/mag
Cell sky130_fd_sc_hd__o21a_1 read from path /build/pdk/sky130A/libs.ref/sky130_fd_sc_hd/mag
Cell sky130_fd_sc_hd__or4_1 read from path /build/pdk/sky130A/libs.ref/sky130_fd_sc_hd/mag
Cell sky130_fd_sc_hd__nor2_1 read from path /build/pdk/sky130A/libs.ref/sky130_fd_sc_hd/mag
Cell sky130_fd_sc_hd__a211o_1 read from path /build/pdk/sky130A/libs.ref/sky130_fd_sc_hd/mag
Cell sky130_fd_sc_hd__o221ai_2 read from path /build/pdk/sky130A/libs.ref/sky130_fd_sc_hd/mag
Cell sky130_fd_sc_hd__o21ai_1 read from path /build/pdk/sky130A/libs.ref/sky130_fd_sc_hd/mag
Cell sky130_fd_sc_hd__nand2_1 read from path /build/pdk/sky130A/libs.ref/sky130_fd_sc_hd/mag
Cell sky130_fd_sc_hd__o2bb2a_1 read from path /build/pdk/sky130A/libs.ref/sky130_fd_sc_hd/mag
Cell sky130_fd_sc_hd__o211a_1 read from path /build/pdk/sky130A/libs.ref/sky130_fd_sc_hd/mag
Cell sky130_fd_sc_hd__and2b_1 read from path /build/pdk/sky130A/libs.ref/sky130_fd_sc_hd/mag
Cell sky130_fd_sc_hd__and3b_2 read from path /build/pdk/sky130A/libs.ref/sky130_fd_sc_hd/mag
Cell sky130_fd_sc_hd__nor4b_1 read from path /build/pdk/sky130A/libs.ref/sky130_fd_sc_hd/mag
Cell sky130_fd_sc_hd__a21oi_1 read from path /build/pdk/sky130A/libs.ref/sky130_fd_sc_hd/mag
Cell sky130_fd_sc_hd__and4bb_4 read from path /build/pdk/sky130A/libs.ref/sky130_fd_sc_hd/mag
Cell sky130_fd_sc_hd__and4bb_2 read from path /build/pdk/sky130A/libs.ref/sky130_fd_sc_hd/mag
Cell sky130_fd_sc_hd__dlymetal6s2s_1 read from path /build/pdk/sky130A/libs.ref/sky130_fd_sc_hd/mag
Cell sky130_fd_sc_hd__nor4_1 read from path /build/pdk/sky130A/libs.ref/sky130_fd_sc_hd/mag
Cell sky130_fd_sc_hd__clkbuf_1 read from path /build/pdk/sky130A/libs.ref/sky130_fd_sc_hd/mag
Cell sky130_fd_sc_hd__o41ai_2 read from path /build/pdk/sky130A/libs.ref/sky130_fd_sc_hd/mag
Cell sky130_fd_sc_hd__buf_1 read from path /build/pdk/sky130A/libs.ref/sky130_fd_sc_hd/mag
Cell sky130_fd_sc_hd__and4_1 read from path /build/pdk/sky130A/libs.ref/sky130_fd_sc_hd/mag
Cell sky130_fd_sc_hd__and3_2 read from path /build/pdk/sky130A/libs.ref/sky130_fd_sc_hd/mag
Cell sky130_fd_sc_hd__buf_8 read from path /build/pdk/sky130A/libs.ref/sky130_fd_sc_hd/mag
Cell sky130_fd_sc_hd__mux2_1 read from path /build/pdk/sky130A/libs.ref/sky130_fd_sc_hd/mag
Cell sky130_fd_sc_hd__mux2_4 read from path /build/pdk/sky130A/libs.ref/sky130_fd_sc_hd/mag
Cell sky130_fd_sc_hd__mux2_2 read from path /build/pdk/sky130A/libs.ref/sky130_fd_sc_hd/mag
Cell sky130_fd_sc_hd__mux2_8 read from path /build/pdk/sky130A/libs.ref/sky130_fd_sc_hd/mag
Cell sky130_fd_sc_hd__clkbuf_8 read from path /build/pdk/sky130A/libs.ref/sky130_fd_sc_hd/mag
Cell sky130_fd_sc_hd__buf_6 read from path /build/pdk/sky130A/libs.ref/sky130_fd_sc_hd/mag
Cell sky130_fd_sc_hd__mux4_1 read from path /build/pdk/sky130A/libs.ref/sky130_fd_sc_hd/mag
Cell sky130_fd_sc_hd__mux4_2 read from path /build/pdk/sky130A/libs.ref/sky130_fd_sc_hd/mag
Cell sky130_fd_sc_hd__a21o_1 read from path /build/pdk/sky130A/libs.ref/sky130_fd_sc_hd/mag
Cell sky130_fd_sc_hd__o211a_2 read from path /build/pdk/sky130A/libs.ref/sky130_fd_sc_hd/mag
Cell sky130_fd_sc_hd__or3_1 read from path /build/pdk/sky130A/libs.ref/sky130_fd_sc_hd/mag
Cell sky130_fd_sc_hd__a311o_2 read from path /build/pdk/sky130A/libs.ref/sky130_fd_sc_hd/mag
Cell sky130_fd_sc_hd__a311o_1 read from path /build/pdk/sky130A/libs.ref/sky130_fd_sc_hd/mag
Cell sky130_fd_sc_hd__or4b_4 read from path /build/pdk/sky130A/libs.ref/sky130_fd_sc_hd/mag
Cell sky130_fd_sc_hd__nor3_2 read from path /build/pdk/sky130A/libs.ref/sky130_fd_sc_hd/mag
Cell sky130_fd_sc_hd__o31a_1 read from path /build/pdk/sky130A/libs.ref/sky130_fd_sc_hd/mag
Cell sky130_fd_sc_hd__or4_2 read from path /build/pdk/sky130A/libs.ref/sky130_fd_sc_hd/mag
Cell sky130_fd_sc_hd__o41a_1 read from path /build/pdk/sky130A/libs.ref/sky130_fd_sc_hd/mag
Cell sky130_fd_sc_hd__o41a_2 read from path /build/pdk/sky130A/libs.ref/sky130_fd_sc_hd/mag
Cell sky130_fd_sc_hd__nor3_4 read from path /build/pdk/sky130A/libs.ref/sky130_fd_sc_hd/mag
Cell sky130_fd_sc_hd__nor2_2 read from path /build/pdk/sky130A/libs.ref/sky130_fd_sc_hd/mag
Cell sky130_fd_sc_hd__nand4_2 read from path /build/pdk/sky130A/libs.ref/sky130_fd_sc_hd/mag
Cell sky130_fd_sc_hd__nor3_1 read from path /build/pdk/sky130A/libs.ref/sky130_fd_sc_hd/mag
Cell sky130_fd_sc_hd__nand4_4 read from path /build/pdk/sky130A/libs.ref/sky130_fd_sc_hd/mag
Cell sky130_fd_sc_hd__and4_4 read from path /build/pdk/sky130A/libs.ref/sky130_fd_sc_hd/mag
Cell sky130_fd_sc_hd__nor4_2 read from path /build/pdk/sky130A/libs.ref/sky130_fd_sc_hd/mag
Cell sky130_fd_sc_hd__o31ai_1 read from path /build/pdk/sky130A/libs.ref/sky130_fd_sc_hd/mag
Cell sky130_fd_sc_hd__o21bai_4 read from path /build/pdk/sky130A/libs.ref/sky130_fd_sc_hd/mag
Cell sky130_fd_sc_hd__nand3_2 read from path /build/pdk/sky130A/libs.ref/sky130_fd_sc_hd/mag
Cell sky130_fd_sc_hd__nor2_4 read from path /build/pdk/sky130A/libs.ref/sky130_fd_sc_hd/mag
Cell sky130_fd_sc_hd__or2b_2 read from path /build/pdk/sky130A/libs.ref/sky130_fd_sc_hd/mag
Cell sky130_fd_sc_hd__nand3b_1 read from path /build/pdk/sky130A/libs.ref/sky130_fd_sc_hd/mag
Cell sky130_fd_sc_hd__nand3b_2 read from path /build/pdk/sky130A/libs.ref/sky130_fd_sc_hd/mag
Cell sky130_fd_sc_hd__nand4b_4 read from path /build/pdk/sky130A/libs.ref/sky130_fd_sc_hd/mag
Cell sky130_fd_sc_hd__a31oi_4 read from path /build/pdk/sky130A/libs.ref/sky130_fd_sc_hd/mag
Cell sky130_fd_sc_hd__o21bai_2 read from path /build/pdk/sky130A/libs.ref/sky130_fd_sc_hd/mag
Cell sky130_fd_sc_hd__a21oi_4 read from path /build/pdk/sky130A/libs.ref/sky130_fd_sc_hd/mag
Cell sky130_fd_sc_hd__o21a_2 read from path /build/pdk/sky130A/libs.ref/sky130_fd_sc_hd/mag
Cell sky130_fd_sc_hd__o221ai_4 read from path /build/pdk/sky130A/libs.ref/sky130_fd_sc_hd/mag
Cell sky130_fd_sc_hd__o21ba_1 read from path /build/pdk/sky130A/libs.ref/sky130_fd_sc_hd/mag
Cell sky130_fd_sc_hd__nand3_4 read from path /build/pdk/sky130A/libs.ref/sky130_fd_sc_hd/mag
Cell sky130_fd_sc_hd__o21ai_4 read from path /build/pdk/sky130A/libs.ref/sky130_fd_sc_hd/mag
Cell sky130_fd_sc_hd__o211a_4 read from path /build/pdk/sky130A/libs.ref/sky130_fd_sc_hd/mag
Cell sky130_fd_sc_hd__and2_2 read from path /build/pdk/sky130A/libs.ref/sky130_fd_sc_hd/mag
Cell sky130_fd_sc_hd__a31o_1 read from path /build/pdk/sky130A/libs.ref/sky130_fd_sc_hd/mag
Cell sky130_fd_sc_hd__a21o_2 read from path /build/pdk/sky130A/libs.ref/sky130_fd_sc_hd/mag
Cell sky130_fd_sc_hd__nor2b_4 read from path /build/pdk/sky130A/libs.ref/sky130_fd_sc_hd/mag
Cell sky130_fd_sc_hd__nand2_2 read from path /build/pdk/sky130A/libs.ref/sky130_fd_sc_hd/mag
Cell sky130_fd_sc_hd__o211ai_4 read from path /build/pdk/sky130A/libs.ref/sky130_fd_sc_hd/mag
Cell sky130_fd_sc_hd__nand2_4 read from path /build/pdk/sky130A/libs.ref/sky130_fd_sc_hd/mag
Cell sky130_fd_sc_hd__a21boi_4 read from path /build/pdk/sky130A/libs.ref/sky130_fd_sc_hd/mag
Cell sky130_fd_sc_hd__nand2b_4 read from path /build/pdk/sky130A/libs.ref/sky130_fd_sc_hd/mag
Cell sky130_fd_sc_hd__a21o_4 read from path /build/pdk/sky130A/libs.ref/sky130_fd_sc_hd/mag
Cell sky130_fd_sc_hd__o2111ai_4 read from path /build/pdk/sky130A/libs.ref/sky130_fd_sc_hd/mag
Cell sky130_fd_sc_hd__o21a_4 read from path /build/pdk/sky130A/libs.ref/sky130_fd_sc_hd/mag
Cell sky130_fd_sc_hd__o21ai_2 read from path /build/pdk/sky130A/libs.ref/sky130_fd_sc_hd/mag
Cell sky130_fd_sc_hd__nand4_1 read from path /build/pdk/sky130A/libs.ref/sky130_fd_sc_hd/mag
Cell sky130_fd_sc_hd__and2_1 read from path /build/pdk/sky130A/libs.ref/sky130_fd_sc_hd/mag
Cell sky130_fd_sc_hd__or2b_1 read from path /build/pdk/sky130A/libs.ref/sky130_fd_sc_hd/mag
Cell sky130_fd_sc_hd__o22a_2 read from path /build/pdk/sky130A/libs.ref/sky130_fd_sc_hd/mag
Cell sky130_fd_sc_hd__a211oi_2 read from path /build/pdk/sky130A/libs.ref/sky130_fd_sc_hd/mag
Cell sky130_fd_sc_hd__o311a_1 read from path /build/pdk/sky130A/libs.ref/sky130_fd_sc_hd/mag
Cell sky130_fd_sc_hd__a311o_4 read from path /build/pdk/sky130A/libs.ref/sky130_fd_sc_hd/mag
Cell sky130_fd_sc_hd__xor2_4 read from path /build/pdk/sky130A/libs.ref/sky130_fd_sc_hd/mag
Cell sky130_fd_sc_hd__o31ai_4 read from path /build/pdk/sky130A/libs.ref/sky130_fd_sc_hd/mag
Cell sky130_fd_sc_hd__xnor2_4 read from path /build/pdk/sky130A/libs.ref/sky130_fd_sc_hd/mag
Cell sky130_fd_sc_hd__clkinv_4 read from path /build/pdk/sky130A/libs.ref/sky130_fd_sc_hd/mag
Cell sky130_fd_sc_hd__o41ai_4 read from path /build/pdk/sky130A/libs.ref/sky130_fd_sc_hd/mag
Cell sky130_fd_sc_hd__and4_2 read from path /build/pdk/sky130A/libs.ref/sky130_fd_sc_hd/mag
Cell sky130_fd_sc_hd__a22o_2 read from path /build/pdk/sky130A/libs.ref/sky130_fd_sc_hd/mag
Cell sky130_fd_sc_hd__o311a_4 read from path /build/pdk/sky130A/libs.ref/sky130_fd_sc_hd/mag
Cell sky130_fd_sc_hd__a22oi_1 read from path /build/pdk/sky130A/libs.ref/sky130_fd_sc_hd/mag
Cell sky130_fd_sc_hd__o31a_4 read from path /build/pdk/sky130A/libs.ref/sky130_fd_sc_hd/mag
Cell sky130_fd_sc_hd__or3_2 read from path /build/pdk/sky130A/libs.ref/sky130_fd_sc_hd/mag
Cell sky130_fd_sc_hd__o31ai_2 read from path /build/pdk/sky130A/libs.ref/sky130_fd_sc_hd/mag
Cell sky130_fd_sc_hd__a31o_4 read from path /build/pdk/sky130A/libs.ref/sky130_fd_sc_hd/mag
Cell sky130_fd_sc_hd__and2b_2 read from path /build/pdk/sky130A/libs.ref/sky130_fd_sc_hd/mag
Cell sky130_fd_sc_hd__o221a_2 read from path /build/pdk/sky130A/libs.ref/sky130_fd_sc_hd/mag
Cell sky130_fd_sc_hd__o211ai_2 read from path /build/pdk/sky130A/libs.ref/sky130_fd_sc_hd/mag
Cell sky130_fd_sc_hd__o31a_2 read from path /build/pdk/sky130A/libs.ref/sky130_fd_sc_hd/mag
Cell sky130_fd_sc_hd__a31oi_2 read from path /build/pdk/sky130A/libs.ref/sky130_fd_sc_hd/mag
Cell sky130_fd_sc_hd__a21bo_2 read from path /build/pdk/sky130A/libs.ref/sky130_fd_sc_hd/mag
Cell sky130_fd_sc_hd__o211ai_1 read from path /build/pdk/sky130A/libs.ref/sky130_fd_sc_hd/mag
Cell sky130_fd_sc_hd__a21boi_1 read from path /build/pdk/sky130A/libs.ref/sky130_fd_sc_hd/mag
Cell sky130_fd_sc_hd__or2b_4 read from path /build/pdk/sky130A/libs.ref/sky130_fd_sc_hd/mag
Cell sky130_fd_sc_hd__a2bb2o_1 read from path /build/pdk/sky130A/libs.ref/sky130_fd_sc_hd/mag
Cell sky130_fd_sc_hd__o2111ai_2 read from path /build/pdk/sky130A/libs.ref/sky130_fd_sc_hd/mag
Cell sky130_fd_sc_hd__o22ai_4 read from path /build/pdk/sky130A/libs.ref/sky130_fd_sc_hd/mag
Cell sky130_fd_sc_hd__a31o_2 read from path /build/pdk/sky130A/libs.ref/sky130_fd_sc_hd/mag
Cell sky130_fd_sc_hd__o2bb2ai_2 read from path /build/pdk/sky130A/libs.ref/sky130_fd_sc_hd/mag
Cell sky130_fd_sc_hd__o41ai_1 read from path /build/pdk/sky130A/libs.ref/sky130_fd_sc_hd/mag
Cell sky130_fd_sc_hd__o22ai_1 read from path /build/pdk/sky130A/libs.ref/sky130_fd_sc_hd/mag
Cell sky130_fd_sc_hd__a21oi_2 read from path /build/pdk/sky130A/libs.ref/sky130_fd_sc_hd/mag
Cell sky130_fd_sc_hd__o32ai_4 read from path /build/pdk/sky130A/libs.ref/sky130_fd_sc_hd/mag
Cell sky130_fd_sc_hd__o22ai_2 read from path /build/pdk/sky130A/libs.ref/sky130_fd_sc_hd/mag
Cell sky130_fd_sc_hd__nand3_1 read from path /build/pdk/sky130A/libs.ref/sky130_fd_sc_hd/mag
Cell sky130_fd_sc_hd__a2bb2oi_1 read from path /build/pdk/sky130A/libs.ref/sky130_fd_sc_hd/mag
Cell sky130_fd_sc_hd__a221oi_4 read from path /build/pdk/sky130A/libs.ref/sky130_fd_sc_hd/mag
Cell sky130_fd_sc_hd__a41oi_2 read from path /build/pdk/sky130A/libs.ref/sky130_fd_sc_hd/mag
Cell sky130_fd_sc_hd__a41o_2 read from path /build/pdk/sky130A/libs.ref/sky130_fd_sc_hd/mag
Cell sky130_fd_sc_hd__a22oi_4 read from path /build/pdk/sky130A/libs.ref/sky130_fd_sc_hd/mag
Cell sky130_fd_sc_hd__a2111oi_1 read from path /build/pdk/sky130A/libs.ref/sky130_fd_sc_hd/mag
Cell sky130_fd_sc_hd__o311ai_4 read from path /build/pdk/sky130A/libs.ref/sky130_fd_sc_hd/mag
Cell sky130_fd_sc_hd__a32oi_4 read from path /build/pdk/sky130A/libs.ref/sky130_fd_sc_hd/mag
Cell sky130_fd_sc_hd__a21bo_1 read from path /build/pdk/sky130A/libs.ref/sky130_fd_sc_hd/mag
Cell sky130_fd_sc_hd__a41o_1 read from path /build/pdk/sky130A/libs.ref/sky130_fd_sc_hd/mag
Cell sky130_fd_sc_hd__and3_4 read from path /build/pdk/sky130A/libs.ref/sky130_fd_sc_hd/mag
Cell sky130_fd_sc_hd__a2111o_2 read from path /build/pdk/sky130A/libs.ref/sky130_fd_sc_hd/mag
Cell sky130_fd_sc_hd__a22oi_2 read from path /build/pdk/sky130A/libs.ref/sky130_fd_sc_hd/mag
Cell sky130_fd_sc_hd__xnor2_2 read from path /build/pdk/sky130A/libs.ref/sky130_fd_sc_hd/mag
Cell sky130_fd_sc_hd__o32a_4 read from path /build/pdk/sky130A/libs.ref/sky130_fd_sc_hd/mag
Cell sky130_fd_sc_hd__a211oi_1 read from path /build/pdk/sky130A/libs.ref/sky130_fd_sc_hd/mag
Cell sky130_fd_sc_hd__a311oi_2 read from path /build/pdk/sky130A/libs.ref/sky130_fd_sc_hd/mag
Cell sky130_fd_sc_hd__a311oi_4 read from path /build/pdk/sky130A/libs.ref/sky130_fd_sc_hd/mag
Cell sky130_fd_sc_hd__a311oi_1 read from path /build/pdk/sky130A/libs.ref/sky130_fd_sc_hd/mag
Cell sky130_fd_sc_hd__or3b_1 read from path /build/pdk/sky130A/libs.ref/sky130_fd_sc_hd/mag
Cell sky130_fd_sc_hd__o2bb2ai_1 read from path /build/pdk/sky130A/libs.ref/sky130_fd_sc_hd/mag
Cell sky130_fd_sc_hd__o311a_2 read from path /build/pdk/sky130A/libs.ref/sky130_fd_sc_hd/mag
Cell sky130_fd_sc_hd__or4_4 read from path /build/pdk/sky130A/libs.ref/sky130_fd_sc_hd/mag
Cell sky130_fd_sc_hd__or3_4 read from path /build/pdk/sky130A/libs.ref/sky130_fd_sc_hd/mag
Cell sky130_fd_sc_hd__a32o_2 read from path /build/pdk/sky130A/libs.ref/sky130_fd_sc_hd/mag
Cell sky130_fd_sc_hd__a221o_2 read from path /build/pdk/sky130A/libs.ref/sky130_fd_sc_hd/mag
Cell sky130_fd_sc_hd__o32a_1 read from path /build/pdk/sky130A/libs.ref/sky130_fd_sc_hd/mag
Cell sky130_fd_sc_hd__a211o_2 read from path /build/pdk/sky130A/libs.ref/sky130_fd_sc_hd/mag
Cell sky130_fd_sc_hd__and4b_1 read from path /build/pdk/sky130A/libs.ref/sky130_fd_sc_hd/mag
Cell sky130_fd_sc_hd__o21bai_1 read from path /build/pdk/sky130A/libs.ref/sky130_fd_sc_hd/mag
Cell sky130_fd_sc_hd__o2111ai_1 read from path /build/pdk/sky130A/libs.ref/sky130_fd_sc_hd/mag
Cell sky130_fd_sc_hd__a32o_1 read from path /build/pdk/sky130A/libs.ref/sky130_fd_sc_hd/mag
Cell sky130_fd_sc_hd__a21boi_2 read from path /build/pdk/sky130A/libs.ref/sky130_fd_sc_hd/mag
Cell sky130_fd_sc_hd__a31oi_1 read from path /build/pdk/sky130A/libs.ref/sky130_fd_sc_hd/mag
Cell sky130_fd_sc_hd__a2bb2oi_2 read from path /build/pdk/sky130A/libs.ref/sky130_fd_sc_hd/mag
Cell sky130_fd_sc_hd__o221ai_1 read from path /build/pdk/sky130A/libs.ref/sky130_fd_sc_hd/mag
Cell sky130_fd_sc_hd__o2111a_1 read from path /build/pdk/sky130A/libs.ref/sky130_fd_sc_hd/mag
Cell sky130_fd_sc_hd__a2bb2o_2 read from path /build/pdk/sky130A/libs.ref/sky130_fd_sc_hd/mag
Cell sky130_fd_sc_hd__o2bb2a_2 read from path /build/pdk/sky130A/libs.ref/sky130_fd_sc_hd/mag
Cell sky130_fd_sc_hd__or3b_2 read from path /build/pdk/sky130A/libs.ref/sky130_fd_sc_hd/mag
Cell sky130_fd_sc_hd__a211oi_4 read from path /build/pdk/sky130A/libs.ref/sky130_fd_sc_hd/mag
Cell sky130_fd_sc_hd__or4b_1 read from path /build/pdk/sky130A/libs.ref/sky130_fd_sc_hd/mag
Cell sky130_fd_sc_hd__nand4b_1 read from path /build/pdk/sky130A/libs.ref/sky130_fd_sc_hd/mag
Cell sky130_fd_sc_hd__a2111o_1 read from path /build/pdk/sky130A/libs.ref/sky130_fd_sc_hd/mag
Cell sky130_fd_sc_hd__xor2_1 read from path /build/pdk/sky130A/libs.ref/sky130_fd_sc_hd/mag
Cell sky130_fd_sc_hd__a32oi_1 read from path /build/pdk/sky130A/libs.ref/sky130_fd_sc_hd/mag
Cell sky130_fd_sc_hd__xor2_2 read from path /build/pdk/sky130A/libs.ref/sky130_fd_sc_hd/mag
Cell sky130_fd_sc_hd__and4bb_1 read from path /build/pdk/sky130A/libs.ref/sky130_fd_sc_hd/mag
Cell sky130_fd_sc_hd__o21ba_2 read from path /build/pdk/sky130A/libs.ref/sky130_fd_sc_hd/mag
Cell sky130_fd_sc_hd__o2bb2ai_4 read from path /build/pdk/sky130A/libs.ref/sky130_fd_sc_hd/mag
Cell sky130_fd_sc_hd__o32ai_1 read from path /build/pdk/sky130A/libs.ref/sky130_fd_sc_hd/mag
Cell sky130_fd_sc_hd__and3b_1 read from path /build/pdk/sky130A/libs.ref/sky130_fd_sc_hd/mag
Cell sky130_fd_sc_hd__nor3b_1 read from path /build/pdk/sky130A/libs.ref/sky130_fd_sc_hd/mag
Cell sky130_fd_sc_hd__or4bb_1 read from path /build/pdk/sky130A/libs.ref/sky130_fd_sc_hd/mag
Cell sky130_fd_sc_hd__o311ai_2 read from path /build/pdk/sky130A/libs.ref/sky130_fd_sc_hd/mag
Cell sky130_fd_sc_hd__a41oi_4 read from path /build/pdk/sky130A/libs.ref/sky130_fd_sc_hd/mag
Cell sky130_fd_sc_hd__clkbuf_16 read from path /build/pdk/sky130A/libs.ref/sky130_fd_sc_hd/mag
Cell sky130_fd_sc_hd__or4bb_2 read from path /build/pdk/sky130A/libs.ref/sky130_fd_sc_hd/mag
Cell sky130_fd_sc_hd__dfxtp_1 read from path /build/pdk/sky130A/libs.ref/sky130_fd_sc_hd/mag
Cell sky130_fd_sc_hd__dfxtp_2 read from path /build/pdk/sky130A/libs.ref/sky130_fd_sc_hd/mag
Cell sky130_fd_sc_hd__dfxtp_4 read from path /build/pdk/sky130A/libs.ref/sky130_fd_sc_hd/mag
Cell sky130_fd_sc_hd__conb_1 read from path /build/pdk/sky130A/libs.ref/sky130_fd_sc_hd/mag
Cell sky130_fd_sc_hd__dlygate4sd3_1 read from path /build/pdk/sky130A/libs.ref/sky130_fd_sc_hd/mag
Cell sky130_fd_sc_hd__clkdlybuf4s25_1 read from path /build/pdk/sky130A/libs.ref/sky130_fd_sc_hd/mag
  Processed 103119 subcell instances total.
  Processed 170 pins total.
  Processed 2 special nets total.
  Processed 10187 nets total.
DEF read: Processed 317269 lines.
Moving label "_00009_" from metal1 to via1 in cell riscv_cpu.
Moving label "_00013_" from metal1 to via1 in cell riscv_cpu.
Moving label "_00027_" from metal1 to via1 in cell riscv_cpu.
Moving label "_00048_" from metal2 to via2 in cell riscv_cpu.
Moving label "_00049_" from metal2 to via2 in cell riscv_cpu.
Moving label "_00054_" from metal2 to via2 in cell riscv_cpu.
Moving label "_00055_" from metal2 to via2 in cell riscv_cpu.
Moving label "_00056_" from metal2 to via2 in cell riscv_cpu.
Moving label "_00058_" from metal2 to via2 in cell riscv_cpu.
Moving label "_00090_" from metal1 to via1 in cell riscv_cpu.
Moving label "_00098_" from metal1 to via1 in cell riscv_cpu.
Moving label "_00119_" from metal1 to via1 in cell riscv_cpu.
Moving label "_00140_" from metal1 to via1 in cell riscv_cpu.
Moving label "_00145_" from metal1 to via1 in cell riscv_cpu.
Moving label "_00146_" from metal1 to via1 in cell riscv_cpu.
Moving label "_00153_" from metal1 to via1 in cell riscv_cpu.
Moving label "_00155_" from metal1 to via1 in cell riscv_cpu.
Moving label "_00156_" from metal1 to viali in cell riscv_cpu.
Moving label "_00159_" from metal1 to via1 in cell riscv_cpu.
Moving label "_00161_" from metal1 to via1 in cell riscv_cpu.
Moving label "_00167_" from metal1 to viali in cell riscv_cpu.
Moving label "_00177_" from metal1 to via1 in cell riscv_cpu.
Moving label "_00223_" from metal1 to via1 in cell riscv_cpu.
Moving label "_00255_" from metal1 to via1 in cell riscv_cpu.
Moving label "_00276_" from metal1 to via1 in cell riscv_cpu.
Moving label "_00288_" from metal1 to viali in cell riscv_cpu.
Moving label "_00302_" from metal1 to via1 in cell riscv_cpu.
Moving label "_00310_" from metal1 to via1 in cell riscv_cpu.
Moving label "_00317_" from metal1 to via1 in cell riscv_cpu.
Moving label "_00318_" from metal1 to via1 in cell riscv_cpu.
Moving label "_00335_" from metal1 to via1 in cell riscv_cpu.
Moving label "_00338_" from metal1 to via1 in cell riscv_cpu.
Moving label "_00339_" from metal1 to via1 in cell riscv_cpu.
Moving label "_00355_" from metal1 to via1 in cell riscv_cpu.
Moving label "_00366_" from metal1 to via1 in cell riscv_cpu.
Moving label "_00368_" from metal1 to via1 in cell riscv_cpu.
Moving label "_00376_" from metal1 to via1 in cell riscv_cpu.
Moving label "_00377_" from metal1 to via1 in cell riscv_cpu.
Moving label "_00379_" from metal1 to via1 in cell riscv_cpu.
Moving label "_00380_" from metal1 to via1 in cell riscv_cpu.
Moving label "_00385_" from metal1 to via1 in cell riscv_cpu.
Moving label "_00388_" from metal1 to via1 in cell riscv_cpu.
Moving label "_00399_" from metal1 to via1 in cell riscv_cpu.
Moving label "_00410_" from metal1 to via1 in cell riscv_cpu.
Moving label "_00412_" from metal1 to via1 in cell riscv_cpu.
Moving label "_00425_" from metal1 to via1 in cell riscv_cpu.
Moving label "_00433_" from metal1 to via1 in cell riscv_cpu.
Moving label "_00440_" from metal1 to via1 in cell riscv_cpu.
Moving label "_00441_" from metal1 to via1 in cell riscv_cpu.
Moving label "_00465_" from metal1 to via1 in cell riscv_cpu.
Moving label "_00487_" from metal1 to via1 in cell riscv_cpu.
Moving label "_00503_" from metal1 to viali in cell riscv_cpu.
Moving label "_00514_" from metal1 to via1 in cell riscv_cpu.
Moving label "_00561_" from metal1 to via1 in cell riscv_cpu.
Moving label "_00563_" from metal1 to viali in cell riscv_cpu.
Moving label "_00568_" from metal1 to via1 in cell riscv_cpu.
Moving label "_00571_" from metal1 to via1 in cell riscv_cpu.
Moving label "_00590_" from metal1 to via1 in cell riscv_cpu.
Moving label "_00591_" from metal1 to via1 in cell riscv_cpu.
Moving label "_00607_" from metal1 to via1 in cell riscv_cpu.
Moving label "_00612_" from metal2 to via2 in cell riscv_cpu.
Moving label "_00614_" from metal2 to via2 in cell riscv_cpu.
Moving label "_00618_" from metal2 to via2 in cell riscv_cpu.
Moving label "_00629_" from metal2 to via2 in cell riscv_cpu.
Moving label "_00630_" from metal2 to via2 in cell riscv_cpu.
Moving label "_00632_" from metal2 to via2 in cell riscv_cpu.
Moving label "_00661_" from metal1 to via1 in cell riscv_cpu.
Moving label "_00669_" from metal1 to viali in cell riscv_cpu.
Moving label "_00709_" from metal1 to via1 in cell riscv_cpu.
Moving label "_00726_" from metal1 to via1 in cell riscv_cpu.
Moving label "_00728_" from metal1 to via1 in cell riscv_cpu.
Moving label "_00737_" from metal1 to via1 in cell riscv_cpu.
Moving label "_00744_" from metal1 to via1 in cell riscv_cpu.
Moving label "_00747_" from metal1 to via1 in cell riscv_cpu.
Moving label "_00749_" from metal1 to via1 in cell riscv_cpu.
Moving label "_00753_" from metal1 to via1 in cell riscv_cpu.
Moving label "_00764_" from metal1 to via1 in cell riscv_cpu.
Moving label "_00767_" from metal1 to via1 in cell riscv_cpu.
Moving label "_00770_" from metal1 to via1 in cell riscv_cpu.
Moving label "_00772_" from metal1 to via1 in cell riscv_cpu.
Moving label "_00778_" from metal1 to via1 in cell riscv_cpu.
Moving label "_00788_" from metal1 to via1 in cell riscv_cpu.
Moving label "_00803_" from metal1 to via1 in cell riscv_cpu.
Moving label "_00809_" from metal1 to via1 in cell riscv_cpu.
Moving label "_00811_" from metal1 to via1 in cell riscv_cpu.
Moving label "_00815_" from metal1 to via1 in cell riscv_cpu.
Moving label "_00816_" from metal1 to via1 in cell riscv_cpu.
Moving label "_00817_" from metal1 to via1 in cell riscv_cpu.
Moving label "_00822_" from metal1 to via1 in cell riscv_cpu.
Moving label "_00824_" from metal1 to via1 in cell riscv_cpu.
Moving label "_00831_" from metal1 to via1 in cell riscv_cpu.
Moving label "_00847_" from metal1 to via1 in cell riscv_cpu.
Moving label "_00884_" from metal1 to via1 in cell riscv_cpu.
Moving label "_00902_" from metal1 to via1 in cell riscv_cpu.
Moving label "_00917_" from metal1 to via1 in cell riscv_cpu.
Moving label "_00922_" from metal1 to via1 in cell riscv_cpu.
Moving label "_00926_" from metal1 to via1 in cell riscv_cpu.
Moving label "_00936_" from metal1 to via1 in cell riscv_cpu.
Moving label "_00938_" from metal1 to via1 in cell riscv_cpu.
Moving label "_00945_" from metal1 to via1 in cell riscv_cpu.
Moving label "_00954_" from metal1 to via1 in cell riscv_cpu.
Moving label "_00955_" from metal1 to via1 in cell riscv_cpu.
Moving label "_00981_" from metal1 to via1 in cell riscv_cpu.
Moving label "_00988_" from metal1 to via1 in cell riscv_cpu.
Moving label "_00992_" from metal1 to via1 in cell riscv_cpu.
Moving label "_00994_" from metal1 to via1 in cell riscv_cpu.
Moving label "_00996_" from metal1 to via1 in cell riscv_cpu.
Moving label "_01002_" from metal1 to via1 in cell riscv_cpu.
Moving label "_01007_" from metal1 to via1 in cell riscv_cpu.
Moving label "_01014_" from metal1 to via1 in cell riscv_cpu.
Moving label "_01020_" from metal1 to via1 in cell riscv_cpu.
Moving label "_01021_" from metal1 to via1 in cell riscv_cpu.
Moving label "_01022_" from metal1 to via1 in cell riscv_cpu.
Moving label "_01023_" from metal1 to via1 in cell riscv_cpu.
Moving label "_01032_" from metal1 to via1 in cell riscv_cpu.
Moving label "_01036_" from metal1 to via1 in cell riscv_cpu.
Moving label "_01039_" from metal1 to via1 in cell riscv_cpu.
Moving label "_01047_" from metal1 to via1 in cell riscv_cpu.
Moving label "_01057_" from metal1 to via1 in cell riscv_cpu.
Moving label "_01060_" from metal1 to via1 in cell riscv_cpu.
Moving label "_01065_" from metal1 to via1 in cell riscv_cpu.
Moving label "_01067_" from metal1 to via1 in cell riscv_cpu.
Moving label "_01069_" from metal1 to via1 in cell riscv_cpu.
Moving label "_01084_" from metal1 to via1 in cell riscv_cpu.
Moving label "_01090_" from metal1 to via1 in cell riscv_cpu.
Moving label "_01097_" from metal1 to viali in cell riscv_cpu.
Moving label "_01112_" from metal1 to via1 in cell riscv_cpu.
Moving label "_01117_" from metal2 to via2 in cell riscv_cpu.
Moving label "_01118_" from metal1 to via1 in cell riscv_cpu.
Moving label "_01145_" from metal1 to via1 in cell riscv_cpu.
Moving label "_01146_" from metal1 to via1 in cell riscv_cpu.
Moving label "_01153_" from metal1 to via1 in cell riscv_cpu.
Moving label "_01168_" from metal1 to via1 in cell riscv_cpu.
Moving label "_01185_" from metal1 to via1 in cell riscv_cpu.
Moving label "_01190_" from metal1 to via1 in cell riscv_cpu.
Moving label "_01198_" from metal1 to via1 in cell riscv_cpu.
Moving label "_01201_" from metal1 to via1 in cell riscv_cpu.
Moving label "_01205_" from metal1 to viali in cell riscv_cpu.
Moving label "_01248_" from metal1 to via1 in cell riscv_cpu.
Moving label "_01256_" from metal1 to via1 in cell riscv_cpu.
Moving label "_01275_" from metal1 to via1 in cell riscv_cpu.
Moving label "_01278_" from metal1 to via1 in cell riscv_cpu.
Moving label "_01279_" from metal1 to viali in cell riscv_cpu.
Moving label "_01283_" from metal1 to via1 in cell riscv_cpu.
Moving label "_01294_" from metal1 to via1 in cell riscv_cpu.
Moving label "_01310_" from metal1 to via1 in cell riscv_cpu.
Moving label "_01321_" from metal1 to via1 in cell riscv_cpu.
Moving label "_01324_" from metal1 to via1 in cell riscv_cpu.
Moving label "_01345_" from metal1 to viali in cell riscv_cpu.
Moving label "_01362_" from metal1 to viali in cell riscv_cpu.
Moving label "_01380_" from metal1 to via1 in cell riscv_cpu.
Moving label "_01394_" from metal1 to via1 in cell riscv_cpu.
Moving label "_01403_" from metal1 to via1 in cell riscv_cpu.
Moving label "_01435_" from metal1 to via1 in cell riscv_cpu.
Moving label "_01438_" from metal1 to via1 in cell riscv_cpu.
Moving label "_01467_" from metal1 to via1 in cell riscv_cpu.
Moving label "_01497_" from metal2 to via2 in cell riscv_cpu.
Moving label "_01505_" from metal1 to via1 in cell riscv_cpu.
Moving label "_01526_" from metal2 to via2 in cell riscv_cpu.
Moving label "_01563_" from metal1 to viali in cell riscv_cpu.
Moving label "_01601_" from metal1 to viali in cell riscv_cpu.
Moving label "_01650_" from metal2 to via2 in cell riscv_cpu.
Moving label "_01657_" from metal2 to via2 in cell riscv_cpu.
Moving label "_01660_" from metal2 to via2 in cell riscv_cpu.
Moving label "_01668_" from metal2 to via1 in cell riscv_cpu.
Moving label "_01684_" from metal1 to via1 in cell riscv_cpu.
Moving label "_01716_" from metal2 to via2 in cell riscv_cpu.
Moving label "_01765_" from metal2 to via2 in cell riscv_cpu.
Moving label "_01768_" from metal2 to via2 in cell riscv_cpu.
Moving label "_01797_" from metal2 to via2 in cell riscv_cpu.
Moving label "_01837_" from metal2 to via2 in cell riscv_cpu.
Moving label "_01853_" from metal2 to via2 in cell riscv_cpu.
Moving label "_01861_" from metal1 to via1 in cell riscv_cpu.
Moving label "_01868_" from metal2 to via2 in cell riscv_cpu.
Moving label "_01871_" from metal2 to via2 in cell riscv_cpu.
Moving label "_01887_" from metal1 to viali in cell riscv_cpu.
Moving label "_01920_" from metal1 to via1 in cell riscv_cpu.
Moving label "_01969_" from metal2 to via1 in cell riscv_cpu.
Moving label "_01975_" from metal2 to via2 in cell riscv_cpu.
Moving label "_02047_" from metal2 to via2 in cell riscv_cpu.
Moving label "_02117_" from metal2 to via2 in cell riscv_cpu.
Moving label "_02123_" from metal2 to via2 in cell riscv_cpu.
Moving label "_02180_" from metal1 to via1 in cell riscv_cpu.
Moving label "_02208_" from metal2 to via2 in cell riscv_cpu.
Moving label "_02231_" from metal3 to via3 in cell riscv_cpu.
Moving label "_02235_" from metal1 to via1 in cell riscv_cpu.
Moving label "_02306_" from metal1 to viali in cell riscv_cpu.
Moving label "_02410_" from metal3 to via3 in cell riscv_cpu.
Moving label "_02453_" from metal2 to via1 in cell riscv_cpu.
Moving label "_02456_" from metal1 to via1 in cell riscv_cpu.
Moving label "_02461_" from metal2 to via1 in cell riscv_cpu.
Moving label "_02467_" from metal2 to via2 in cell riscv_cpu.
Moving label "_02524_" from metal2 to via2 in cell riscv_cpu.
Moving label "_02545_" from metal2 to via2 in cell riscv_cpu.
Moving label "_02648_" from metal2 to via2 in cell riscv_cpu.
Moving label "_02655_" from metal1 to viali in cell riscv_cpu.
Moving label "_02723_" from metal1 to via1 in cell riscv_cpu.
Moving label "_02759_" from metal1 to via1 in cell riscv_cpu.
Moving label "_02784_" from metal1 to viali in cell riscv_cpu.
Moving label "_02818_" from metal2 to via2 in cell riscv_cpu.
Moving label "_02842_" from metal3 to via3 in cell riscv_cpu.
Moving label "_02899_" from metal1 to via1 in cell riscv_cpu.
Moving label "_02915_" from metal2 to via1 in cell riscv_cpu.
Moving label "_02926_" from metal2 to via2 in cell riscv_cpu.
Moving label "_02952_" from metal3 to via3 in cell riscv_cpu.
Moving label "_02986_" from metal2 to via1 in cell riscv_cpu.
Moving label "_03013_" from metal2 to via1 in cell riscv_cpu.
Moving label "_03119_" from metal1 to via1 in cell riscv_cpu.
Moving label "_03153_" from metal1 to via1 in cell riscv_cpu.
Moving label "_03184_" from metal2 to via1 in cell riscv_cpu.
Moving label "_03216_" from metal2 to via2 in cell riscv_cpu.
Moving label "_03324_" from metal3 to via3 in cell riscv_cpu.
Moving label "_03364_" from metal3 to via3 in cell riscv_cpu.
Moving label "_03381_" from metal1 to via1 in cell riscv_cpu.
Moving label "_03406_" from metal1 to viali in cell riscv_cpu.
Moving label "_03431_" from metal1 to via1 in cell riscv_cpu.
Moving label "_03479_" from metal2 to via2 in cell riscv_cpu.
Moving label "_03568_" from metal3 to via3 in cell riscv_cpu.
Moving label "_03606_" from metal1 to via1 in cell riscv_cpu.
Moving label "_03645_" from metal1 to via1 in cell riscv_cpu.
Moving label "_03670_" from metal3 to via3 in cell riscv_cpu.
Moving label "_03754_" from metal1 to via1 in cell riscv_cpu.
Moving label "_03770_" from metal2 to via2 in cell riscv_cpu.
Moving label "_03837_" from metal2 to via2 in cell riscv_cpu.
Moving label "_03883_" from metal1 to via1 in cell riscv_cpu.
Moving label "_03902_" from metal2 to via1 in cell riscv_cpu.
Moving label "_03936_" from metal3 to via3 in cell riscv_cpu.
Moving label "_03952_" from metal1 to via1 in cell riscv_cpu.
Moving label "_03982_" from metal3 to via3 in cell riscv_cpu.
Moving label "_03993_" from metal1 to viali in cell riscv_cpu.
Moving label "_04042_" from metal1 to via1 in cell riscv_cpu.
Moving label "_04073_" from metal3 to via3 in cell riscv_cpu.
Moving label "_04122_" from metal3 to via3 in cell riscv_cpu.
Moving label "_04123_" from metal1 to viali in cell riscv_cpu.
Moving label "_04205_" from metal1 to viali in cell riscv_cpu.
Moving label "_04218_" from metal2 to via2 in cell riscv_cpu.
Moving label "_04230_" from metal1 to via1 in cell riscv_cpu.
Moving label "_04304_" from metal1 to viali in cell riscv_cpu.
Moving label "_04330_" from metal1 to via1 in cell riscv_cpu.
Moving label "_04335_" from metal1 to viali in cell riscv_cpu.
Moving label "_04345_" from metal2 to via2 in cell riscv_cpu.
Moving label "_04428_" from metal2 to via1 in cell riscv_cpu.
Moving label "_04465_" from metal1 to viali in cell riscv_cpu.
Moving label "_04518_" from metal2 to via2 in cell riscv_cpu.
Moving label "_04704_" from metal1 to viali in cell riscv_cpu.
Moving label "_04714_" from metal1 to via1 in cell riscv_cpu.
Moving label "_04731_" from metal2 to via2 in cell riscv_cpu.
Moving label "_04764_" from metal2 to via1 in cell riscv_cpu.
Moving label "_04777_" from metal2 to via2 in cell riscv_cpu.
Moving label "_04824_" from metal2 to via2 in cell riscv_cpu.
Moving label "_04854_" from metal1 to via1 in cell riscv_cpu.
Moving label "_04865_" from metal1 to via1 in cell riscv_cpu.
Moving label "_04960_" from metal1 to via1 in cell riscv_cpu.
Moving label "_04995_" from metal1 to viali in cell riscv_cpu.
Moving label "_05033_" from metal1 to viali in cell riscv_cpu.
Moving label "_05055_" from metal1 to viali in cell riscv_cpu.
Moving label "_05104_" from metal1 to via1 in cell riscv_cpu.
Moving label "_05123_" from metal2 to via1 in cell riscv_cpu.
Moving label "_05219_" from metal2 to via1 in cell riscv_cpu.
Moving label "_05270_" from metal2 to via2 in cell riscv_cpu.
Moving label "_05279_" from metal1 to via1 in cell riscv_cpu.
Moving label "_05372_" from metal1 to via1 in cell riscv_cpu.
Moving label "_05398_" from metal1 to viali in cell riscv_cpu.
Moving label "_05401_" from metal1 to via1 in cell riscv_cpu.
Moving label "_05428_" from metal1 to via1 in cell riscv_cpu.
Moving label "_05432_" from metal1 to viali in cell riscv_cpu.
Moving label "_05436_" from metal1 to viali in cell riscv_cpu.
Moving label "_05445_" from metal2 to via1 in cell riscv_cpu.
Moving label "_05481_" from metal2 to via2 in cell riscv_cpu.
Moving label "_05489_" from metal1 to via1 in cell riscv_cpu.
Moving label "_05497_" from metal1 to via1 in cell riscv_cpu.
Moving label "_05510_" from metal1 to via1 in cell riscv_cpu.
Moving label "_05513_" from metal1 to via1 in cell riscv_cpu.
Moving label "_05515_" from metal1 to viali in cell riscv_cpu.
Moving label "_05520_" from metal1 to via1 in cell riscv_cpu.
Moving label "_05543_" from metal2 to via2 in cell riscv_cpu.
Moving label "_05547_" from metal1 to via1 in cell riscv_cpu.
Moving label "_05578_" from metal2 to via2 in cell riscv_cpu.
Moving label "_05631_" from metal3 to via3 in cell riscv_cpu.
Moving label "_05652_" from metal2 to via2 in cell riscv_cpu.
Moving label "_05677_" from metal2 to via2 in cell riscv_cpu.
Moving label "_05694_" from metal1 to viali in cell riscv_cpu.
Moving label "_05725_" from metal2 to via2 in cell riscv_cpu.
Moving label "_05726_" from metal2 to via2 in cell riscv_cpu.
Moving label "_05753_" from metal1 to via1 in cell riscv_cpu.
Moving label "_05796_" from metal1 to via1 in cell riscv_cpu.
Moving label "_05880_" from metal1 to via1 in cell riscv_cpu.
Moving label "_05898_" from metal2 to via2 in cell riscv_cpu.
Moving label "_05913_" from metal1 to viali in cell riscv_cpu.
Moving label "_05941_" from metal2 to via2 in cell riscv_cpu.
Moving label "_06013_" from metal1 to via1 in cell riscv_cpu.
Moving label "_06030_" from metal2 to via2 in cell riscv_cpu.
Moving label "_06042_" from metal2 to via2 in cell riscv_cpu.
Moving label "_06043_" from metal2 to via2 in cell riscv_cpu.
Moving label "_06089_" from metal2 to via2 in cell riscv_cpu.
Moving label "_06117_" from metal2 to via2 in cell riscv_cpu.
Moving label "_06118_" from metal3 to via3 in cell riscv_cpu.
Moving label "_06132_" from metal3 to via2 in cell riscv_cpu.
Moving label "_06228_" from metal2 to via2 in cell riscv_cpu.
Moving label "_06247_" from metal1 to via1 in cell riscv_cpu.
Moving label "_06292_" from metal2 to via2 in cell riscv_cpu.
Moving label "_06313_" from metal1 to viali in cell riscv_cpu.
Moving label "_06396_" from metal1 to via1 in cell riscv_cpu.
Moving label "_06538_" from metal2 to via1 in cell riscv_cpu.
Moving label "_06543_" from metal1 to via1 in cell riscv_cpu.
Moving label "_06570_" from metal2 to via2 in cell riscv_cpu.
Moving label "_06572_" from metal1 to via1 in cell riscv_cpu.
Moving label "_06632_" from metal2 to via1 in cell riscv_cpu.
Moving label "_06671_" from metal3 to via3 in cell riscv_cpu.
Moving label "_06811_" from metal2 to via1 in cell riscv_cpu.
Moving label "_06869_" from metal1 to viali in cell riscv_cpu.
Moving label "_06911_" from metal1 to viali in cell riscv_cpu.
Moving label "_06912_" from metal1 to via1 in cell riscv_cpu.
Moving label "_06913_" from metal1 to viali in cell riscv_cpu.
Moving label "_06915_" from metal1 to viali in cell riscv_cpu.
Moving label "_06920_" from metal1 to via1 in cell riscv_cpu.
Moving label "_06945_" from metal1 to via1 in cell riscv_cpu.
Moving label "_06949_" from metal1 to via1 in cell riscv_cpu.
Moving label "_06952_" from metal1 to via1 in cell riscv_cpu.
Moving label "_06968_" from metal1 to viali in cell riscv_cpu.
Moving label "_06978_" from metal1 to viali in cell riscv_cpu.
Moving label "_06996_" from metal1 to viali in cell riscv_cpu.
Moving label "_07026_" from metal1 to via1 in cell riscv_cpu.
Moving label "_07032_" from metal1 to viali in cell riscv_cpu.
Moving label "_07041_" from metal1 to via1 in cell riscv_cpu.
Moving label "_07051_" from metal1 to viali in cell riscv_cpu.
Moving label "_07055_" from metal1 to via1 in cell riscv_cpu.
Moving label "_07061_" from metal1 to via1 in cell riscv_cpu.
Moving label "_07064_" from metal1 to via1 in cell riscv_cpu.
Moving label "_07085_" from metal1 to via1 in cell riscv_cpu.
Moving label "clknet_3_0_0_clk" from metal2 to via2 in cell riscv_cpu.
Moving label "clknet_3_2_0_clk" from metal2 to via2 in cell riscv_cpu.
Moving label "clknet_3_4_0_clk" from metal2 to via2 in cell riscv_cpu.
Moving label "clknet_3_7_0_clk" from metal3 to via3 in cell riscv_cpu.
Moving label "clknet_4_1__leaf_clk" from metal2 to via2 in cell riscv_cpu.
Moving label "clknet_4_3__leaf_clk" from metal2 to via2 in cell riscv_cpu.
Moving label "dmem_addr[19]" from metal2 to via2 in cell riscv_cpu.
Moving label "dmem_addr[24]" from metal2 to via2 in cell riscv_cpu.
Moving label "dmem_addr[28]" from metal2 to via2 in cell riscv_cpu.
Moving label "dmem_addr[29]" from metal2 to via2 in cell riscv_cpu.
Moving label "dmem_addr[3]" from metal2 to via2 in cell riscv_cpu.
Moving label "dmem_addr[7]" from metal2 to via2 in cell riscv_cpu.
Moving label "dmem_wdata[15]" from metal2 to via2 in cell riscv_cpu.
Moving label "dmem_wdata[23]" from metal2 to via2 in cell riscv_cpu.
Moving label "dmem_wdata[28]" from metal2 to via2 in cell riscv_cpu.
Moving label "haz_detect.ex_mem_read" from metal1 to via1 in cell riscv_cpu.
Moving label "haz_detect.id_rs2\[3\]" from metal1 to via1 in cell riscv_cpu.
Moving label "imem_addr[24]" from metal2 to via2 in cell riscv_cpu.
Moving label "imem_addr[31]" from metal2 to via2 in cell riscv_cpu.
Moving label "net106" from metal2 to via2 in cell riscv_cpu.
Moving label "net108" from metal2 to via2 in cell riscv_cpu.
Moving label "net111" from metal2 to via2 in cell riscv_cpu.
Moving label "net1128" from metal2 to via1 in cell riscv_cpu.
Moving label "net113" from metal2 to via2 in cell riscv_cpu.
Moving label "net114" from metal2 to via2 in cell riscv_cpu.
Moving label "net116" from metal3 to via3 in cell riscv_cpu.
Moving label "net118" from metal2 to via2 in cell riscv_cpu.
Moving label "net120" from metal2 to via2 in cell riscv_cpu.
Moving label "net121" from metal2 to via2 in cell riscv_cpu.
Moving label "net123" from metal2 to via2 in cell riscv_cpu.
Moving label "net125" from metal2 to via2 in cell riscv_cpu.
Moving label "net127" from metal2 to via2 in cell riscv_cpu.
Moving label "net129" from metal3 to via3 in cell riscv_cpu.
Moving label "net131" from metal3 to via3 in cell riscv_cpu.
Moving label "net132" from metal2 to via2 in cell riscv_cpu.
Moving label "net167" from metal2 to via2 in cell riscv_cpu.
Moving label "net172" from metal1 to viali in cell riscv_cpu.
Moving label "net184" from metal3 to via3 in cell riscv_cpu.
Moving label "net20" from metal2 to via2 in cell riscv_cpu.
Moving label "net21" from metal2 to via2 in cell riscv_cpu.
Moving label "net27" from metal2 to via2 in cell riscv_cpu.
Moving label "net270" from metal1 to viali in cell riscv_cpu.
Moving label "net3" from metal2 to via2 in cell riscv_cpu.
Moving label "net30" from metal2 to via2 in cell riscv_cpu.
Moving label "net304" from metal1 to viali in cell riscv_cpu.
Moving label "net351" from metal1 to via1 in cell riscv_cpu.
Moving label "net392" from metal1 to viali in cell riscv_cpu.
Moving label "net448" from metal1 to viali in cell riscv_cpu.
Moving label "net450" from metal1 to viali in cell riscv_cpu.
Moving label "net460" from metal1 to viali in cell riscv_cpu.
Moving label "net561" from metal1 to viali in cell riscv_cpu.
Moving label "net597" from metal2 to via1 in cell riscv_cpu.
Moving label "net6" from metal2 to via2 in cell riscv_cpu.
Moving label "net636" from metal1 to via1 in cell riscv_cpu.
Moving label "net66" from metal2 to via2 in cell riscv_cpu.
Moving label "net666" from metal1 to via1 in cell riscv_cpu.
Moving label "net688" from metal1 to viali in cell riscv_cpu.
Moving label "net69" from metal2 to via2 in cell riscv_cpu.
Moving label "net818" from metal2 to via1 in cell riscv_cpu.
Moving label "net828" from metal1 to viali in cell riscv_cpu.
Moving label "net85" from metal2 to via2 in cell riscv_cpu.
Moving label "net90" from metal2 to via2 in cell riscv_cpu.
Moving label "net95" from metal2 to via2 in cell riscv_cpu.
Moving label "pc_plus_4_ex\[11\]" from metal2 to via2 in cell riscv_cpu.
Moving label "pc_plus_4_ex\[25\]" from metal1 to via1 in cell riscv_cpu.
Moving label "rd1_ex\[17\]" from metal2 to via2 in cell riscv_cpu.
Moving label "rd1_ex\[21\]" from metal2 to via2 in cell riscv_cpu.
Moving label "regfile.registers\[10\]\[20\]" from metal1 to via1 in cell riscv_cpu.
Moving label "regfile.registers\[10\]\[31\]" from metal1 to via1 in cell riscv_cpu.
Moving label "regfile.registers\[10\]\[3\]" from metal1 to via1 in cell riscv_cpu.
Moving label "regfile.registers\[10\]\[4\]" from metal1 to via1 in cell riscv_cpu.
Moving label "regfile.registers\[10\]\[6\]" from metal1 to via1 in cell riscv_cpu.
Moving label "regfile.registers\[12\]\[5\]" from metal1 to via1 in cell riscv_cpu.
Moving label "regfile.registers\[14\]\[13\]" from metal1 to via1 in cell riscv_cpu.
Moving label "regfile.registers\[14\]\[20\]" from metal1 to via1 in cell riscv_cpu.
Moving label "regfile.registers\[14\]\[21\]" from metal1 to via1 in cell riscv_cpu.
Moving label "regfile.registers\[14\]\[22\]" from metal1 to via1 in cell riscv_cpu.
Moving label "regfile.registers\[14\]\[23\]" from metal1 to via1 in cell riscv_cpu.
Moving label "regfile.registers\[14\]\[26\]" from metal1 to via1 in cell riscv_cpu.
Moving label "regfile.registers\[14\]\[30\]" from metal1 to via1 in cell riscv_cpu.
Moving label "regfile.registers\[14\]\[3\]" from metal1 to via1 in cell riscv_cpu.
Moving label "regfile.registers\[14\]\[9\]" from metal1 to via1 in cell riscv_cpu.
Moving label "regfile.registers\[15\]\[13\]" from metal2 to via1 in cell riscv_cpu.
Moving label "regfile.registers\[15\]\[19\]" from metal2 to via2 in cell riscv_cpu.
Moving label "regfile.registers\[15\]\[30\]" from metal2 to via1 in cell riscv_cpu.
Moving label "regfile.registers\[18\]\[2\]" from metal1 to via1 in cell riscv_cpu.
Moving label "regfile.registers\[18\]\[8\]" from metal1 to via1 in cell riscv_cpu.
Moving label "regfile.registers\[18\]\[9\]" from metal1 to via1 in cell riscv_cpu.
Moving label "regfile.registers\[22\]\[0\]" from metal1 to via1 in cell riscv_cpu.
Moving label "regfile.registers\[22\]\[6\]" from metal1 to via1 in cell riscv_cpu.
Moving label "regfile.registers\[23\]\[1\]" from metal2 to via1 in cell riscv_cpu.
Moving label "regfile.registers\[23\]\[7\]" from metal1 to viali in cell riscv_cpu.
Moving label "regfile.registers\[26\]\[14\]" from metal1 to via1 in cell riscv_cpu.
Moving label "regfile.registers\[26\]\[17\]" from metal1 to via1 in cell riscv_cpu.
Moving label "regfile.registers\[26\]\[18\]" from metal1 to via1 in cell riscv_cpu.
Moving label "regfile.registers\[26\]\[19\]" from metal1 to via1 in cell riscv_cpu.
Moving label "regfile.registers\[26\]\[20\]" from metal1 to via1 in cell riscv_cpu.
Moving label "regfile.registers\[26\]\[23\]" from metal1 to via1 in cell riscv_cpu.
Moving label "regfile.registers\[26\]\[27\]" from metal1 to via1 in cell riscv_cpu.
Moving label "regfile.registers\[26\]\[28\]" from metal1 to via1 in cell riscv_cpu.
Moving label "regfile.registers\[26\]\[7\]" from metal1 to via1 in cell riscv_cpu.
Moving label "regfile.registers\[2\]\[0\]" from metal1 to via1 in cell riscv_cpu.
Moving label "regfile.registers\[2\]\[14\]" from metal1 to via1 in cell riscv_cpu.
Moving label "regfile.registers\[2\]\[24\]" from metal1 to via1 in cell riscv_cpu.
Moving label "regfile.registers\[2\]\[27\]" from metal1 to viali in cell riscv_cpu.
Moving label "regfile.registers\[2\]\[6\]" from metal1 to via1 in cell riscv_cpu.
Moving label "regfile.registers\[2\]\[7\]" from metal1 to via1 in cell riscv_cpu.
Moving label "regfile.registers\[2\]\[8\]" from metal1 to via1 in cell riscv_cpu.
Moving label "regfile.registers\[2\]\[9\]" from metal1 to via1 in cell riscv_cpu.
Moving label "regfile.registers\[30\]\[15\]" from metal1 to via1 in cell riscv_cpu.
Moving label "regfile.registers\[30\]\[18\]" from metal1 to via1 in cell riscv_cpu.
Moving label "regfile.registers\[30\]\[22\]" from metal2 to via1 in cell riscv_cpu.
Moving label "regfile.registers\[30\]\[24\]" from metal1 to via1 in cell riscv_cpu.
Moving label "regfile.registers\[30\]\[25\]" from metal1 to via1 in cell riscv_cpu.
Moving label "regfile.registers\[30\]\[2\]" from metal1 to via1 in cell riscv_cpu.
Moving label "regfile.registers\[31\]\[12\]" from metal2 to via1 in cell riscv_cpu.
Moving label "regfile.registers\[31\]\[7\]" from metal1 to via1 in cell riscv_cpu.
Moving label "regfile.registers\[3\]\[2\]" from metal2 to via1 in cell riscv_cpu.
Moving label "regfile.registers\[4\]\[18\]" from metal2 to via1 in cell riscv_cpu.
Moving label "regfile.registers\[4\]\[31\]" from metal2 to via1 in cell riscv_cpu.
Moving label "regfile.registers\[5\]\[20\]" from metal2 to via1 in cell riscv_cpu.
Moving label "regfile.registers\[6\]\[14\]" from metal1 to via1 in cell riscv_cpu.
Moving label "regfile.registers\[6\]\[15\]" from metal1 to via1 in cell riscv_cpu.
Moving label "regfile.registers\[6\]\[17\]" from metal1 to via1 in cell riscv_cpu.
Moving label "regfile.registers\[6\]\[20\]" from metal1 to via1 in cell riscv_cpu.
Moving label "regfile.registers\[6\]\[21\]" from metal1 to via1 in cell riscv_cpu.
Moving label "regfile.registers\[6\]\[31\]" from metal1 to via1 in cell riscv_cpu.
Moving label "regfile.registers\[6\]\[9\]" from metal1 to via1 in cell riscv_cpu.
Moving label "regfile.registers\[7\]\[11\]" from metal2 to via1 in cell riscv_cpu.
Moving label "regfile.registers\[7\]\[2\]" from metal2 to via1 in cell riscv_cpu.
Moving label "regfile.registers\[8\]\[17\]" from metal1 to via1 in cell riscv_cpu.
Moving label "regfile.registers\[9\]\[26\]" from metal2 to via2 in cell riscv_cpu.
[INFO]: Writing abstract LEF
Generating LEF output /project/openlane/runs/run_1/results/signoff/riscv_cpu.lef for cell riscv_cpu:
Diagnostic:  Write LEF header for cell riscv_cpu
Diagnostic:  Writing LEF output for cell riscv_cpu
Diagnostic:  Scale value is 0.005000
[INFO]: LEF Write Complete
