
70. Printing statistics.

=== riscv_cpu ===

   Number of wires:               7663
   Number of wire bits:           7821
   Number of public wires:        1392
   Number of public wire bits:    1550
   Number of memories:               0
   Number of memory bits:            0
   Number of processes:              0
   Number of cells:               7755
     sky130_fd_sc_hd__a2111o_2       2
     sky130_fd_sc_hd__a2111oi_2      3
     sky130_fd_sc_hd__a211o_2       78
     sky130_fd_sc_hd__a211oi_2      14
     sky130_fd_sc_hd__a21bo_2        6
     sky130_fd_sc_hd__a21boi_2       9
     sky130_fd_sc_hd__a21o_2       144
     sky130_fd_sc_hd__a21oi_2      185
     sky130_fd_sc_hd__a221o_2       39
     sky130_fd_sc_hd__a221oi_2      10
     sky130_fd_sc_hd__a22o_2       828
     sky130_fd_sc_hd__a22oi_2       30
     sky130_fd_sc_hd__a2bb2o_2      14
     sky130_fd_sc_hd__a2bb2oi_2     12
     sky130_fd_sc_hd__a311o_2       39
     sky130_fd_sc_hd__a311oi_2      23
     sky130_fd_sc_hd__a31o_2       103
     sky130_fd_sc_hd__a31oi_2       60
     sky130_fd_sc_hd__a32o_2       207
     sky130_fd_sc_hd__a32oi_2        3
     sky130_fd_sc_hd__a41o_2        11
     sky130_fd_sc_hd__a41oi_2        9
     sky130_fd_sc_hd__and2_2       228
     sky130_fd_sc_hd__and2b_2        8
     sky130_fd_sc_hd__and3_2       119
     sky130_fd_sc_hd__and3b_2        7
     sky130_fd_sc_hd__and4_2        57
     sky130_fd_sc_hd__and4b_2       14
     sky130_fd_sc_hd__and4bb_2       4
     sky130_fd_sc_hd__buf_1       1081
     sky130_fd_sc_hd__buf_2          1
     sky130_fd_sc_hd__conb_1         4
     sky130_fd_sc_hd__dfxtp_2     1480
     sky130_fd_sc_hd__inv_2         81
     sky130_fd_sc_hd__mux2_1         1
     sky130_fd_sc_hd__mux2_2       312
     sky130_fd_sc_hd__mux4_2       462
     sky130_fd_sc_hd__nand2_2      167
     sky130_fd_sc_hd__nand3_2       71
     sky130_fd_sc_hd__nand3b_2      15
     sky130_fd_sc_hd__nand4_2       50
     sky130_fd_sc_hd__nand4b_2       3
     sky130_fd_sc_hd__nor2_2       229
     sky130_fd_sc_hd__nor3_2        17
     sky130_fd_sc_hd__nor3b_2        2
     sky130_fd_sc_hd__nor4_2        14
     sky130_fd_sc_hd__nor4b_2        3
     sky130_fd_sc_hd__o2111a_2       7
     sky130_fd_sc_hd__o2111ai_2     20
     sky130_fd_sc_hd__o211a_2      269
     sky130_fd_sc_hd__o211ai_2     155
     sky130_fd_sc_hd__o21a_2        96
     sky130_fd_sc_hd__o21ai_2      229
     sky130_fd_sc_hd__o21ba_2        7
     sky130_fd_sc_hd__o21bai_2      20
     sky130_fd_sc_hd__o221a_2       64
     sky130_fd_sc_hd__o221ai_2      14
     sky130_fd_sc_hd__o22a_2        48
     sky130_fd_sc_hd__o22ai_2       32
     sky130_fd_sc_hd__o2bb2a_2      11
     sky130_fd_sc_hd__o2bb2ai_2     18
     sky130_fd_sc_hd__o311a_2       25
     sky130_fd_sc_hd__o311ai_2      14
     sky130_fd_sc_hd__o31a_2        35
     sky130_fd_sc_hd__o31ai_2       27
     sky130_fd_sc_hd__o32a_2        16
     sky130_fd_sc_hd__o32ai_2        3
     sky130_fd_sc_hd__o41a_2         2
     sky130_fd_sc_hd__o41ai_2        3
     sky130_fd_sc_hd__or2_2        238
     sky130_fd_sc_hd__or2b_2         7
     sky130_fd_sc_hd__or3_2         33
     sky130_fd_sc_hd__or3b_2        11
     sky130_fd_sc_hd__or4_2         39
     sky130_fd_sc_hd__or4b_2         3
     sky130_fd_sc_hd__or4bb_2        1
     sky130_fd_sc_hd__xnor2_2       21
     sky130_fd_sc_hd__xor2_2        28

   Chip area for module '\riscv_cpu': 91447.705600

