
===========================================================================
report_checks -unconstrained
===========================================================================
======================= Fastest Corner ===================================

Startpoint: rst (input port clocked by clk)
Endpoint: _13188_ (rising edge-triggered flip-flop clocked by clk)
Path Group: clk
Path Type: max
Corner: Fastest

Fanout     Cap    Slew   Delay    Time   Description
-----------------------------------------------------------------------------
                  0.15    0.00    0.00   clock clk (rise edge)
                          0.00    0.00   clock network delay (ideal)
                          4.00    4.00 ^ input external delay
     1    0.00    0.02    0.01    4.01 ^ rst (in)
                                         rst (net)
                  0.02    0.00    4.01 ^ input65/A (sky130_fd_sc_hd__clkbuf_8)
     1    0.09    0.13    0.16    4.17 ^ input65/X (sky130_fd_sc_hd__clkbuf_8)
                                         net65 (net)
                  0.13    0.01    4.18 ^ _06276_/A (sky130_fd_sc_hd__buf_8)
     9    0.14    0.17    0.17    4.35 ^ _06276_/X (sky130_fd_sc_hd__buf_8)
                                         _01484_ (net)
                  0.17    0.02    4.37 ^ _06366_/A (sky130_fd_sc_hd__inv_2)
     3    0.01    0.04    0.03    4.39 v _06366_/Y (sky130_fd_sc_hd__inv_2)
                                         _01571_ (net)
                  0.04    0.00    4.40 v _06367_/A (sky130_fd_sc_hd__buf_4)
    10    0.07    0.07    0.15    4.54 v _06367_/X (sky130_fd_sc_hd__buf_4)
                                         _01572_ (net)
                  0.07    0.00    4.55 v _09239_/B (sky130_fd_sc_hd__and4_4)
     8    0.05    0.06    0.17    4.72 v _09239_/X (sky130_fd_sc_hd__and4_4)
                                         _03963_ (net)
                  0.06    0.00    4.72 v _10081_/B (sky130_fd_sc_hd__and4_1)
     1    0.01    0.04    0.14    4.86 v _10081_/X (sky130_fd_sc_hd__and4_1)
                                         _04645_ (net)
                  0.04    0.00    4.86 v _10082_/A (sky130_fd_sc_hd__buf_8)
     6    0.18    0.10    0.15    5.01 v _10082_/X (sky130_fd_sc_hd__buf_8)
                                         _04646_ (net)
                  0.10    0.01    5.02 v _10084_/B (sky130_fd_sc_hd__nor2_8)
     5    0.16    0.41    0.36    5.37 ^ _10084_/Y (sky130_fd_sc_hd__nor2_8)
                                         _04648_ (net)
                  0.41    0.01    5.38 ^ _10085_/A (sky130_fd_sc_hd__clkbuf_4)
    10    0.06    0.14    0.23    5.61 ^ _10085_/X (sky130_fd_sc_hd__clkbuf_4)
                                         _04649_ (net)
                  0.14    0.01    5.62 ^ _10090_/B1 (sky130_fd_sc_hd__a22o_1)
     1    0.00    0.03    0.08    5.70 ^ _10090_/X (sky130_fd_sc_hd__a22o_1)
                                         _00650_ (net)
                  0.03    0.00    5.70 ^ _13188_/D (sky130_fd_sc_hd__dfxtp_1)
                                  5.70   data arrival time

                  0.15   20.00   20.00   clock clk (rise edge)
                          0.00   20.00   clock network delay (ideal)
                         -0.25   19.75   clock uncertainty
                          0.00   19.75   clock reconvergence pessimism
                                 19.75 ^ _13188_/CLK (sky130_fd_sc_hd__dfxtp_1)
                         -0.03   19.72   library setup time
                                 19.72   data required time
-----------------------------------------------------------------------------
                                 19.72   data required time
                                 -5.70   data arrival time
-----------------------------------------------------------------------------
                                 14.02   slack (MET)



======================= Slowest Corner ===================================

Startpoint: _12672_ (rising edge-triggered flip-flop clocked by clk)
Endpoint: _13572_ (rising edge-triggered flip-flop clocked by clk)
Path Group: clk
Path Type: max
Corner: Slowest

Fanout     Cap    Slew   Delay    Time   Description
-----------------------------------------------------------------------------
                  0.15    0.00    0.00   clock clk (rise edge)
                          0.00    0.00   clock network delay (ideal)
                  0.15    0.00    0.00 ^ _12672_/CLK (sky130_fd_sc_hd__dfxtp_4)
     7    0.06    0.28    0.95    0.95 ^ _12672_/Q (sky130_fd_sc_hd__dfxtp_4)
                                         alu_src_ex (net)
                  0.28    0.01    0.95 ^ _07196_/A (sky130_fd_sc_hd__buf_6)
    10    0.11    0.33    0.49    1.44 ^ _07196_/X (sky130_fd_sc_hd__buf_6)
                                         _02120_ (net)
                  0.33    0.00    1.44 ^ _07197_/A (sky130_fd_sc_hd__buf_6)
    10    0.13    0.40    0.55    1.99 ^ _07197_/X (sky130_fd_sc_hd__buf_6)
                                         _02121_ (net)
                  0.40    0.03    2.01 ^ _07198_/A (sky130_fd_sc_hd__clkbuf_8)
    10    0.10    0.28    0.56    2.57 ^ _07198_/X (sky130_fd_sc_hd__clkbuf_8)
                                         _02122_ (net)
                  0.28    0.01    2.58 ^ _07410_/A (sky130_fd_sc_hd__buf_8)
    11    0.16    0.39    0.52    3.09 ^ _07410_/X (sky130_fd_sc_hd__buf_8)
                                         _02334_ (net)
                  0.40    0.02    3.11 ^ _07757_/A1 (sky130_fd_sc_hd__o21a_2)
     6    0.03    0.26    0.57    3.68 ^ _07757_/X (sky130_fd_sc_hd__o21a_2)
                                         _02681_ (net)
                  0.26    0.00    3.68 ^ _07768_/A (sky130_fd_sc_hd__buf_4)
    10    0.06    0.29    0.48    4.16 ^ _07768_/X (sky130_fd_sc_hd__buf_4)
                                         _02692_ (net)
                  0.29    0.00    4.17 ^ _07945_/S0 (sky130_fd_sc_hd__mux4_2)
     2    0.02    0.24    1.39    5.55 v _07945_/X (sky130_fd_sc_hd__mux4_2)
                                         _02868_ (net)
                  0.24    0.00    5.55 v _08122_/A2 (sky130_fd_sc_hd__a311oi_4)
     2    0.03    0.67    0.82    6.37 ^ _08122_/Y (sky130_fd_sc_hd__a311oi_4)
                                         _03041_ (net)
                  0.67    0.00    6.37 ^ _08142_/A1 (sky130_fd_sc_hd__a21oi_1)
     1    0.00    0.18    0.36    6.73 v _08142_/Y (sky130_fd_sc_hd__a21oi_1)
                                         _03061_ (net)
                  0.18    0.00    6.73 v _08143_/B1 (sky130_fd_sc_hd__o21ai_1)
     2    0.01    0.43    0.34    7.07 ^ _08143_/Y (sky130_fd_sc_hd__o21ai_1)
                                         _03062_ (net)
                  0.43    0.00    7.07 ^ _10533_/B1 (sky130_fd_sc_hd__o211ai_1)
     1    0.00    0.19    0.33    7.40 v _10533_/Y (sky130_fd_sc_hd__o211ai_1)
                                         _04808_ (net)
                  0.19    0.00    7.40 v _10535_/B (sky130_fd_sc_hd__nor3_1)
     2    0.02    0.97    0.93    8.33 ^ _10535_/Y (sky130_fd_sc_hd__nor3_1)
                                         _04810_ (net)
                  0.97    0.00    8.33 ^ _10536_/D (sky130_fd_sc_hd__nand4_1)
     1    0.01    0.28    0.55    8.88 v _10536_/Y (sky130_fd_sc_hd__nand4_1)
                                         _04811_ (net)
                  0.28    0.00    8.88 v _10538_/B (sky130_fd_sc_hd__nor3_1)
     1    0.01    0.39    0.51    9.38 ^ _10538_/Y (sky130_fd_sc_hd__nor3_1)
                                         _04813_ (net)
                  0.39    0.00    9.38 ^ _10540_/C (sky130_fd_sc_hd__nand4_1)
     1    0.00    0.20    0.34    9.72 v _10540_/Y (sky130_fd_sc_hd__nand4_1)
                                         _04815_ (net)
                  0.20    0.00    9.72 v _10541_/C (sky130_fd_sc_hd__nor3_1)
     1    0.01    0.62    0.59   10.31 ^ _10541_/Y (sky130_fd_sc_hd__nor3_1)
                                         _04816_ (net)
                  0.62    0.00   10.31 ^ _10542_/D (sky130_fd_sc_hd__nand4_4)
     3    0.05    0.52    0.69   11.01 v _10542_/Y (sky130_fd_sc_hd__nand4_4)
                                         _04817_ (net)
                  0.52    0.00   11.01 v _10556_/A3 (sky130_fd_sc_hd__a31oi_2)
     2    0.01    0.36    0.63   11.64 ^ _10556_/Y (sky130_fd_sc_hd__a31oi_2)
                                         _04831_ (net)
                  0.36    0.00   11.64 ^ max_cap167/A (sky130_fd_sc_hd__buf_4)
     9    0.07    0.31    0.54   12.18 ^ max_cap167/X (sky130_fd_sc_hd__buf_4)
                                         net167 (net)
                  0.31    0.00   12.18 ^ _10634_/A (sky130_fd_sc_hd__buf_4)
    10    0.08    0.36    0.55   12.73 ^ _10634_/X (sky130_fd_sc_hd__buf_4)
                                         _04905_ (net)
                  0.36    0.00   12.73 ^ _11237_/A1 (sky130_fd_sc_hd__o21bai_1)
     1    0.00    0.13    0.28   13.01 v _11237_/Y (sky130_fd_sc_hd__o21bai_1)
                                         _05416_ (net)
                  0.13    0.00   13.01 v _11238_/B2 (sky130_fd_sc_hd__a221oi_1)
     1    0.00    0.41    0.52   13.53 ^ _11238_/Y (sky130_fd_sc_hd__a221oi_1)
                                         _01031_ (net)
                  0.41    0.00   13.53 ^ _13572_/D (sky130_fd_sc_hd__dfxtp_4)
                                 13.53   data arrival time

                  0.15   20.00   20.00   clock clk (rise edge)
                          0.00   20.00   clock network delay (ideal)
                         -0.25   19.75   clock uncertainty
                          0.00   19.75   clock reconvergence pessimism
                                 19.75 ^ _13572_/CLK (sky130_fd_sc_hd__dfxtp_4)
                         -0.22   19.53   library setup time
                                 19.53   data required time
-----------------------------------------------------------------------------
                                 19.53   data required time
                                -13.53   data arrival time
-----------------------------------------------------------------------------
                                  6.00   slack (MET)



======================= Typical Corner ===================================

Startpoint: _12672_ (rising edge-triggered flip-flop clocked by clk)
Endpoint: _13572_ (rising edge-triggered flip-flop clocked by clk)
Path Group: clk
Path Type: max
Corner: Typical

Fanout     Cap    Slew   Delay    Time   Description
-----------------------------------------------------------------------------
                  0.15    0.00    0.00   clock clk (rise edge)
                          0.00    0.00   clock network delay (ideal)
                  0.15    0.00    0.00 ^ _12672_/CLK (sky130_fd_sc_hd__dfxtp_4)
     7    0.06    0.18    0.50    0.50 ^ _12672_/Q (sky130_fd_sc_hd__dfxtp_4)
                                         alu_src_ex (net)
                  0.18    0.01    0.51 ^ _07196_/A (sky130_fd_sc_hd__buf_6)
    10    0.11    0.21    0.27    0.77 ^ _07196_/X (sky130_fd_sc_hd__buf_6)
                                         _02120_ (net)
                  0.21    0.00    0.78 ^ _07197_/A (sky130_fd_sc_hd__buf_6)
    10    0.13    0.25    0.30    1.08 ^ _07197_/X (sky130_fd_sc_hd__buf_6)
                                         _02121_ (net)
                  0.26    0.03    1.10 ^ _07198_/A (sky130_fd_sc_hd__clkbuf_8)
    10    0.10    0.18    0.31    1.41 ^ _07198_/X (sky130_fd_sc_hd__clkbuf_8)
                                         _02122_ (net)
                  0.18    0.01    1.42 ^ _07410_/A (sky130_fd_sc_hd__buf_8)
    11    0.16    0.25    0.29    1.71 ^ _07410_/X (sky130_fd_sc_hd__buf_8)
                                         _02334_ (net)
                  0.26    0.02    1.73 ^ _07757_/A1 (sky130_fd_sc_hd__o21a_2)
     6    0.03    0.16    0.29    2.02 ^ _07757_/X (sky130_fd_sc_hd__o21a_2)
                                         _02681_ (net)
                  0.16    0.00    2.02 ^ _07768_/A (sky130_fd_sc_hd__buf_4)
    10    0.06    0.18    0.26    2.29 ^ _07768_/X (sky130_fd_sc_hd__buf_4)
                                         _02692_ (net)
                  0.18    0.00    2.29 ^ _07945_/S0 (sky130_fd_sc_hd__mux4_2)
     2    0.02    0.13    0.62    2.91 v _07945_/X (sky130_fd_sc_hd__mux4_2)
                                         _02868_ (net)
                  0.13    0.00    2.91 v _08122_/A2 (sky130_fd_sc_hd__a311oi_4)
     2    0.03    0.44    0.48    3.40 ^ _08122_/Y (sky130_fd_sc_hd__a311oi_4)
                                         _03041_ (net)
                  0.44    0.00    3.40 ^ _08142_/A1 (sky130_fd_sc_hd__a21oi_1)
     1    0.00    0.11    0.14    3.54 v _08142_/Y (sky130_fd_sc_hd__a21oi_1)
                                         _03061_ (net)
                  0.11    0.00    3.54 v _08143_/B1 (sky130_fd_sc_hd__o21ai_1)
     2    0.01    0.26    0.19    3.73 ^ _08143_/Y (sky130_fd_sc_hd__o21ai_1)
                                         _03062_ (net)
                  0.26    0.00    3.73 ^ _10533_/B1 (sky130_fd_sc_hd__o211ai_1)
     1    0.00    0.10    0.14    3.86 v _10533_/Y (sky130_fd_sc_hd__o211ai_1)
                                         _04808_ (net)
                  0.10    0.00    3.86 v _10535_/B (sky130_fd_sc_hd__nor3_1)
     2    0.02    0.57    0.52    4.39 ^ _10535_/Y (sky130_fd_sc_hd__nor3_1)
                                         _04810_ (net)
                  0.57    0.00    4.39 ^ _10536_/D (sky130_fd_sc_hd__nand4_1)
     1    0.01    0.13    0.20    4.59 v _10536_/Y (sky130_fd_sc_hd__nand4_1)
                                         _04811_ (net)
                  0.13    0.00    4.59 v _10538_/B (sky130_fd_sc_hd__nor3_1)
     1    0.01    0.23    0.27    4.86 ^ _10538_/Y (sky130_fd_sc_hd__nor3_1)
                                         _04813_ (net)
                  0.23    0.00    4.86 ^ _10540_/C (sky130_fd_sc_hd__nand4_1)
     1    0.00    0.09    0.13    5.00 v _10540_/Y (sky130_fd_sc_hd__nand4_1)
                                         _04815_ (net)
                  0.09    0.00    5.00 v _10541_/C (sky130_fd_sc_hd__nor3_1)
     1    0.01    0.36    0.33    5.32 ^ _10541_/Y (sky130_fd_sc_hd__nor3_1)
                                         _04816_ (net)
                  0.36    0.00    5.32 ^ _10542_/D (sky130_fd_sc_hd__nand4_4)
     3    0.05    0.25    0.29    5.61 v _10542_/Y (sky130_fd_sc_hd__nand4_4)
                                         _04817_ (net)
                  0.25    0.00    5.62 v _10556_/A3 (sky130_fd_sc_hd__a31oi_2)
     2    0.01    0.23    0.35    5.97 ^ _10556_/Y (sky130_fd_sc_hd__a31oi_2)
                                         _04831_ (net)
                  0.23    0.00    5.97 ^ max_cap167/A (sky130_fd_sc_hd__buf_4)
     9    0.07    0.20    0.29    6.26 ^ max_cap167/X (sky130_fd_sc_hd__buf_4)
                                         net167 (net)
                  0.20    0.00    6.26 ^ _10634_/A (sky130_fd_sc_hd__buf_4)
    10    0.08    0.23    0.30    6.57 ^ _10634_/X (sky130_fd_sc_hd__buf_4)
                                         _04905_ (net)
                  0.23    0.00    6.57 ^ _11237_/A1 (sky130_fd_sc_hd__o21bai_1)
     1    0.00    0.07    0.12    6.69 v _11237_/Y (sky130_fd_sc_hd__o21bai_1)
                                         _05416_ (net)
                  0.07    0.00    6.69 v _11238_/B2 (sky130_fd_sc_hd__a221oi_1)
     1    0.00    0.25    0.30    6.99 ^ _11238_/Y (sky130_fd_sc_hd__a221oi_1)
                                         _01031_ (net)
                  0.25    0.00    6.99 ^ _13572_/D (sky130_fd_sc_hd__dfxtp_4)
                                  6.99   data arrival time

                  0.15   20.00   20.00   clock clk (rise edge)
                          0.00   20.00   clock network delay (ideal)
                         -0.25   19.75   clock uncertainty
                          0.00   19.75   clock reconvergence pessimism
                                 19.75 ^ _13572_/CLK (sky130_fd_sc_hd__dfxtp_4)
                         -0.09   19.66   library setup time
                                 19.66   data required time
-----------------------------------------------------------------------------
                                 19.66   data required time
                                 -6.99   data arrival time
-----------------------------------------------------------------------------
                                 12.67   slack (MET)




===========================================================================
report_checks --slack_max -0.01
============================================================================
======================= Fastest Corner ===================================

No paths found.

======================= Slowest Corner ===================================

No paths found.

======================= Typical Corner ===================================

No paths found.


===========================================================================
 report_check_types -max_slew -max_cap -max_fanout -violators
============================================================================
======================= Fastest Corner ===================================

max fanout

Pin                                   Limit Fanout  Slack
---------------------------------------------------------
_06668_/X                                10     17     -7 (VIOLATED)
_11920_/X                                10     17     -7 (VIOLATED)
_11962_/X                                10     17     -7 (VIOLATED)
_09355_/X                                10     16     -6 (VIOLATED)
_11873_/X                                10     16     -6 (VIOLATED)
_12809_/Q                                10     16     -6 (VIOLATED)
_06644_/X                                10     15     -5 (VIOLATED)
_06659_/X                                10     14     -4 (VIOLATED)
_06670_/X                                10     14     -4 (VIOLATED)
_09473_/X                                10     14     -4 (VIOLATED)
_11798_/X                                10     14     -4 (VIOLATED)
_11840_/X                                10     14     -4 (VIOLATED)
_11855_/X                                10     14     -4 (VIOLATED)
_11974_/X                                10     14     -4 (VIOLATED)
_12019_/X                                10     14     -4 (VIOLATED)
_06631_/X                                10     13     -3 (VIOLATED)
_06664_/X                                10     13     -3 (VIOLATED)
_08200_/X                                10     13     -3 (VIOLATED)
_09361_/X                                10     13     -3 (VIOLATED)
_09370_/X                                10     13     -3 (VIOLATED)
_11794_/X                                10     13     -3 (VIOLATED)
_11823_/X                                10     13     -3 (VIOLATED)
_11878_/X                                10     13     -3 (VIOLATED)
_12001_/X                                10     13     -3 (VIOLATED)
_13499_/Q                                10     13     -3 (VIOLATED)
_06295_/Y                                10     12     -2 (VIOLATED)
_06576_/X                                10     12     -2 (VIOLATED)
_06591_/X                                10     12     -2 (VIOLATED)
_06596_/X                                10     12     -2 (VIOLATED)
_06633_/X                                10     12     -2 (VIOLATED)
_06658_/X                                10     12     -2 (VIOLATED)
_06675_/X                                10     12     -2 (VIOLATED)
_09296_/X                                10     12     -2 (VIOLATED)
_09304_/X                                10     12     -2 (VIOLATED)
_09313_/X                                10     12     -2 (VIOLATED)
_09335_/X                                10     12     -2 (VIOLATED)
_09344_/X                                10     12     -2 (VIOLATED)
_09345_/X                                10     12     -2 (VIOLATED)
_09410_/X                                10     12     -2 (VIOLATED)
_10336_/X                                10     12     -2 (VIOLATED)
_11773_/X                                10     12     -2 (VIOLATED)
_11786_/X                                10     12     -2 (VIOLATED)
_11796_/X                                10     12     -2 (VIOLATED)
_11801_/X                                10     12     -2 (VIOLATED)
_11808_/X                                10     12     -2 (VIOLATED)
_11838_/X                                10     12     -2 (VIOLATED)
_11852_/X                                10     12     -2 (VIOLATED)
_11912_/X                                10     12     -2 (VIOLATED)
_11923_/X                                10     12     -2 (VIOLATED)
_11948_/X                                10     12     -2 (VIOLATED)
_11951_/X                                10     12     -2 (VIOLATED)
_11952_/X                                10     12     -2 (VIOLATED)
_11963_/X                                10     12     -2 (VIOLATED)
_12021_/X                                10     12     -2 (VIOLATED)
_12072_/X                                10     12     -2 (VIOLATED)
input51/X                                10     12     -2 (VIOLATED)
_06337_/X                                10     11        (VIOLATED)
_06422_/X                                10     11        (VIOLATED)
_06650_/X                                10     11        (VIOLATED)
_06657_/X                                10     11        (VIOLATED)
_06679_/X                                10     11        (VIOLATED)
_06904_/X                                10     11        (VIOLATED)
_07057_/X                                10     11        (VIOLATED)
_07310_/X                                10     11        (VIOLATED)
_07410_/X                                10     11        (VIOLATED)
_07548_/X                                10     11        (VIOLATED)
_07583_/X                                10     11        (VIOLATED)
_07785_/X                                10     11        (VIOLATED)
_07858_/X                                10     11        (VIOLATED)
_07862_/X                                10     11        (VIOLATED)
_08060_/X                                10     11        (VIOLATED)
_09128_/X                                10     11        (VIOLATED)
_09318_/X                                10     11        (VIOLATED)
_09332_/X                                10     11        (VIOLATED)
_09333_/X                                10     11        (VIOLATED)
_09336_/X                                10     11        (VIOLATED)
_09376_/X                                10     11        (VIOLATED)
_09377_/X                                10     11        (VIOLATED)
_09430_/X                                10     11        (VIOLATED)
_09436_/X                                10     11        (VIOLATED)
_09457_/X                                10     11        (VIOLATED)
_09630_/X                                10     11        (VIOLATED)
_10108_/X                                10     11        (VIOLATED)
_10362_/X                                10     11        (VIOLATED)
_10364_/X                                10     11        (VIOLATED)
_10370_/X                                10     11        (VIOLATED)
_11282_/X                                10     11        (VIOLATED)
_11284_/X                                10     11        (VIOLATED)
_11653_/X                                10     11        (VIOLATED)
_11677_/X                                10     11        (VIOLATED)
_11774_/X                                10     11        (VIOLATED)
_11781_/X                                10     11        (VIOLATED)
_11784_/X                                10     11        (VIOLATED)
_11789_/X                                10     11        (VIOLATED)
_11792_/X                                10     11        (VIOLATED)
_11795_/X                                10     11        (VIOLATED)
_11800_/X                                10     11        (VIOLATED)
_11811_/X                                10     11        (VIOLATED)
_11812_/X                                10     11        (VIOLATED)
_11814_/X                                10     11        (VIOLATED)
_11818_/X                                10     11        (VIOLATED)
_11819_/X                                10     11        (VIOLATED)
_11825_/X                                10     11        (VIOLATED)
_11833_/X                                10     11        (VIOLATED)
_11839_/X                                10     11        (VIOLATED)
_11869_/X                                10     11        (VIOLATED)
_11902_/X                                10     11        (VIOLATED)
_11919_/X                                10     11        (VIOLATED)
_11929_/X                                10     11        (VIOLATED)
_11943_/X                                10     11        (VIOLATED)
_11947_/X                                10     11        (VIOLATED)
_11950_/X                                10     11        (VIOLATED)
_11982_/X                                10     11        (VIOLATED)
_12055_/X                                10     11        (VIOLATED)


max slew violations count Fastest: 0
max fanout violations count Fastest: 114
max cap violations count Fastest: 0
======================= Slowest Corner ===================================

max slew

Pin                                    Limit    Slew   Slack
------------------------------------------------------------
_10003_/A                               0.75    1.01   -0.26 (VIOLATED)
_10038_/B1                              0.75    1.01   -0.26 (VIOLATED)
_10015_/A                               0.75    1.01   -0.26 (VIOLATED)
_10027_/A                               0.75    1.01   -0.26 (VIOLATED)
_10039_/B1                              0.75    1.01   -0.26 (VIOLATED)
_10002_/Y                               0.75    1.01   -0.26 (VIOLATED)
_11758_/A                               0.75    0.99   -0.24 (VIOLATED)
_11745_/A                               0.75    0.99   -0.24 (VIOLATED)
_11770_/B1                              0.75    0.99   -0.24 (VIOLATED)
_11769_/B1                              0.75    0.99   -0.24 (VIOLATED)
_11732_/A                               0.75    0.99   -0.24 (VIOLATED)
_11731_/Y                               0.75    0.99   -0.24 (VIOLATED)
ANTENNA_89/DIODE                        0.75    0.97   -0.22 (VIOLATED)
_10536_/D                               0.75    0.97   -0.22 (VIOLATED)
_10535_/Y                               0.75    0.97   -0.22 (VIOLATED)
_07828_/A2                              0.75    0.94   -0.19 (VIOLATED)
_08334_/A1                              0.75    0.94   -0.19 (VIOLATED)
_08165_/A2                              0.75    0.94   -0.19 (VIOLATED)
_07942_/A2                              0.75    0.94   -0.19 (VIOLATED)
_08412_/A2                              0.75    0.94   -0.19 (VIOLATED)
_08023_/A2                              0.75    0.94   -0.19 (VIOLATED)
_07987_/A2                              0.75    0.94   -0.19 (VIOLATED)
_08434_/A2                              0.75    0.94   -0.19 (VIOLATED)
_08382_/A2                              0.75    0.94   -0.19 (VIOLATED)
_07825_/Y                               0.75    0.94   -0.19 (VIOLATED)
_07976_/A1                              0.75    0.92   -0.17 (VIOLATED)
_08643_/A2                              0.75    0.92   -0.17 (VIOLATED)
_08110_/A2                              0.75    0.92   -0.17 (VIOLATED)
_07774_/A2                              0.75    0.92   -0.17 (VIOLATED)
_08042_/B2                              0.75    0.92   -0.17 (VIOLATED)
_08721_/A1                              0.75    0.92   -0.17 (VIOLATED)
_08667_/A2                              0.75    0.92   -0.17 (VIOLATED)
_08687_/A0                              0.75    0.92   -0.17 (VIOLATED)
_07767_/Y                               0.75    0.92   -0.17 (VIOLATED)
_11704_/A                               0.75    0.91   -0.16 (VIOLATED)
_11717_/A                               0.75    0.91   -0.16 (VIOLATED)
_11730_/B1                              0.75    0.91   -0.16 (VIOLATED)
_11729_/B1                              0.75    0.91   -0.16 (VIOLATED)
_11691_/A                               0.75    0.91   -0.16 (VIOLATED)
_11690_/Y                               0.75    0.91   -0.16 (VIOLATED)
_08044_/A2                              0.75    0.90   -0.15 (VIOLATED)
_07911_/A2                              0.75    0.90   -0.15 (VIOLATED)
_08372_/A2                              0.75    0.90   -0.15 (VIOLATED)
_08791_/A2                              0.75    0.90   -0.15 (VIOLATED)
_08768_/A0                              0.75    0.90   -0.15 (VIOLATED)
_08772_/A                               0.75    0.90   -0.15 (VIOLATED)
_08826_/A2                              0.75    0.90   -0.15 (VIOLATED)
_07909_/Y                               0.75    0.90   -0.15 (VIOLATED)
_08495_/A2                              0.75    0.89   -0.14 (VIOLATED)
_07937_/A2                              0.75    0.89   -0.14 (VIOLATED)
_07759_/A3                              0.75    0.89   -0.14 (VIOLATED)
_08026_/A2                              0.75    0.89   -0.14 (VIOLATED)
_08527_/A1                              0.75    0.89   -0.14 (VIOLATED)
_08573_/A2                              0.75    0.89   -0.14 (VIOLATED)
_08524_/A2                              0.75    0.89   -0.14 (VIOLATED)
_07754_/Y                               0.75    0.89   -0.14 (VIOLATED)
_10120_/B1                              0.75    0.88   -0.13 (VIOLATED)
_10109_/A                               0.75    0.88   -0.13 (VIOLATED)
_10121_/B1                              0.75    0.88   -0.13 (VIOLATED)
_10085_/A                               0.75    0.88   -0.13 (VIOLATED)
_10097_/A                               0.75    0.88   -0.13 (VIOLATED)
_10084_/Y                               0.75    0.88   -0.13 (VIOLATED)
_09144_/A                               0.75    0.88   -0.13 (VIOLATED)
_09189_/A2                              0.75    0.88   -0.13 (VIOLATED)
_09166_/A                               0.75    0.88   -0.13 (VIOLATED)
_09191_/A2                              0.75    0.88   -0.13 (VIOLATED)
ANTENNA_239/DIODE                       0.75    0.88   -0.13 (VIOLATED)
_09120_/A                               0.75    0.88   -0.13 (VIOLATED)
_09119_/Y                               0.75    0.88   -0.13 (VIOLATED)
_08666_/A2                              0.75    0.87   -0.12 (VIOLATED)
_08617_/A1                              0.75    0.87   -0.12 (VIOLATED)
_08643_/A3                              0.75    0.87   -0.12 (VIOLATED)
_07975_/A2                              0.75    0.87   -0.12 (VIOLATED)
_07759_/A0                              0.75    0.87   -0.12 (VIOLATED)
_08574_/A2                              0.75    0.87   -0.12 (VIOLATED)
_08570_/A2                              0.75    0.87   -0.12 (VIOLATED)
_07750_/Y                               0.75    0.87   -0.12 (VIOLATED)
_09211_/A                               0.75    0.86   -0.11 (VIOLATED)
_09237_/B1                              0.75    0.86   -0.11 (VIOLATED)
ANTENNA_53/DIODE                        0.75    0.86   -0.11 (VIOLATED)
_09224_/A                               0.75    0.86   -0.11 (VIOLATED)
_09238_/B1                              0.75    0.86   -0.11 (VIOLATED)
_09198_/A                               0.75    0.86   -0.11 (VIOLATED)
_09197_/Y                               0.75    0.86   -0.11 (VIOLATED)
_08021_/B                               0.75    0.85   -0.10 (VIOLATED)
_10530_/B                               0.75    0.85   -0.10 (VIOLATED)
ANTENNA_47/DIODE                        0.75    0.85   -0.10 (VIOLATED)
_10502_/B                               0.75    0.85   -0.10 (VIOLATED)
_08020_/Y                               0.75    0.85   -0.10 (VIOLATED)
_08103_/B2                              0.75    0.85   -0.10 (VIOLATED)
_07896_/B2                              0.75    0.85   -0.10 (VIOLATED)
_08039_/A                               0.75    0.85   -0.10 (VIOLATED)
_08322_/C                               0.75    0.85   -0.10 (VIOLATED)
_07363_/A2                              0.75    0.85   -0.10 (VIOLATED)
_08074_/B                               0.75    0.85   -0.10 (VIOLATED)
_07362_/Y                               0.75    0.85   -0.10 (VIOLATED)
_10079_/B1                              0.75    0.83   -0.08 (VIOLATED)
_10068_/A                               0.75    0.83   -0.08 (VIOLATED)
_10044_/A                               0.75    0.83   -0.08 (VIOLATED)
_10080_/B1                              0.75    0.83   -0.08 (VIOLATED)
_10056_/A                               0.75    0.83   -0.08 (VIOLATED)
_10043_/Y                               0.75    0.83   -0.08 (VIOLATED)
_10932_/A3                              0.75    0.82   -0.07 (VIOLATED)
_10931_/Y                               0.75    0.82   -0.07 (VIOLATED)
_10532_/B1                              0.75    0.82   -0.07 (VIOLATED)
_08081_/B1                              0.75    0.82   -0.07 (VIOLATED)
_08077_/Y                               0.75    0.82   -0.07 (VIOLATED)
_10126_/A                               0.75    0.82   -0.07 (VIOLATED)
ANTENNA_325/DIODE                       0.75    0.82   -0.07 (VIOLATED)
_10161_/B1                              0.75    0.82   -0.07 (VIOLATED)
_10150_/A                               0.75    0.82   -0.07 (VIOLATED)
_10162_/B1                              0.75    0.82   -0.07 (VIOLATED)
_10138_/A                               0.75    0.82   -0.07 (VIOLATED)
ANTENNA_255/DIODE                       0.75    0.82   -0.07 (VIOLATED)
ANTENNA_256/DIODE                       0.75    0.82   -0.07 (VIOLATED)
_10125_/Y                               0.75    0.82   -0.07 (VIOLATED)
_11308_/A                               0.75    0.81   -0.06 (VIOLATED)
_11320_/B1                              0.75    0.81   -0.06 (VIOLATED)
_11296_/A                               0.75    0.81   -0.06 (VIOLATED)
_11319_/B1                              0.75    0.81   -0.06 (VIOLATED)
_11284_/A                               0.75    0.81   -0.06 (VIOLATED)
_11283_/Y                               0.75    0.81   -0.06 (VIOLATED)
_08235_/B                               0.75    0.81   -0.06 (VIOLATED)
_10531_/A                               0.75    0.81   -0.06 (VIOLATED)
_10505_/A                               0.75    0.81   -0.06 (VIOLATED)
_08234_/Y                               0.75    0.81   -0.06 (VIOLATED)
_11046_/B1                              0.75    0.81   -0.06 (VIOLATED)
_11045_/X                               0.75    0.81   -0.06 (VIOLATED)
_10334_/A                               0.75    0.81   -0.06 (VIOLATED)
ANTENNA_259/DIODE                       0.75    0.81   -0.06 (VIOLATED)
_10378_/A                               0.75    0.81   -0.06 (VIOLATED)
_10401_/B1                              0.75    0.81   -0.06 (VIOLATED)
_10399_/B1                              0.75    0.81   -0.06 (VIOLATED)
_10356_/A                               0.75    0.81   -0.06 (VIOLATED)
_10333_/Y                               0.75    0.81   -0.06 (VIOLATED)
_07222_/Y                               0.75    0.81   -0.06 (VIOLATED)
_10981_/A2                              0.75    0.81   -0.06 (VIOLATED)
max_cap192/A                            0.75    0.81   -0.06 (VIOLATED)
_11366_/A                               0.75    0.80   -0.05 (VIOLATED)
wire193/A                               0.75    0.80   -0.05 (VIOLATED)
_11365_/Y                               0.75    0.80   -0.05 (VIOLATED)
_07258_/Y                               0.75    0.80   -0.05 (VIOLATED)
_10774_/B2                              0.75    0.80   -0.05 (VIOLATED)
wire204/A                               0.75    0.80   -0.05 (VIOLATED)
_10965_/B1                              0.75    0.80   -0.05 (VIOLATED)
_10964_/Y                               0.75    0.80   -0.05 (VIOLATED)
_10530_/A                               0.75    0.79   -0.04 (VIOLATED)
_10502_/A                               0.75    0.79   -0.04 (VIOLATED)
_10500_/Y                               0.75    0.79   -0.04 (VIOLATED)
_08820_/Y                               0.75    0.78   -0.03 (VIOLATED)
wire173/A                               0.75    0.78   -0.03 (VIOLATED)
_11101_/B1                              0.75    0.78   -0.03 (VIOLATED)
_10917_/B2                              0.75    0.78   -0.03 (VIOLATED)
_10881_/A1                              0.75    0.78   -0.03 (VIOLATED)
_10848_/A1                              0.75    0.78   -0.03 (VIOLATED)
_10958_/A1                              0.75    0.78   -0.03 (VIOLATED)
_10994_/A1                              0.75    0.78   -0.03 (VIOLATED)
_10804_/A1                              0.75    0.78   -0.03 (VIOLATED)
_10768_/A1                              0.75    0.78   -0.03 (VIOLATED)
_10743_/Y                               0.75    0.78   -0.03 (VIOLATED)
_09269_/A                               0.75    0.77   -0.02 (VIOLATED)
_09283_/B1                              0.75    0.77   -0.02 (VIOLATED)
_09282_/B1                              0.75    0.77   -0.02 (VIOLATED)
_09256_/A                               0.75    0.77   -0.02 (VIOLATED)
_09243_/A                               0.75    0.77   -0.02 (VIOLATED)
_09242_/Y                               0.75    0.77   -0.02 (VIOLATED)
_11209_/A                               0.75    0.77   -0.02 (VIOLATED)
_11221_/B1                              0.75    0.77   -0.02 (VIOLATED)
_11220_/B1                              0.75    0.77   -0.02 (VIOLATED)
_11196_/A                               0.75    0.77   -0.02 (VIOLATED)
_11183_/A                               0.75    0.77   -0.02 (VIOLATED)
_11182_/Y                               0.75    0.77   -0.02 (VIOLATED)
_07935_/A2                              0.75    0.76   -0.01 (VIOLATED)
_08024_/A2                              0.75    0.76   -0.01 (VIOLATED)
_08165_/A0                              0.75    0.76   -0.01 (VIOLATED)
_08413_/A2                              0.75    0.76   -0.01 (VIOLATED)
_08466_/A2                              0.75    0.76   -0.01 (VIOLATED)
_07505_/A1                              0.75    0.76   -0.01 (VIOLATED)
_07501_/Y                               0.75    0.76   -0.01 (VIOLATED)
_07936_/B                               0.75    0.76   -0.01 (VIOLATED)
_07819_/B                               0.75    0.76   -0.01 (VIOLATED)
_08558_/A2                              0.75    0.76   -0.01 (VIOLATED)
_07459_/B                               0.75    0.76   -0.01 (VIOLATED)
_07457_/Y                               0.75    0.76   -0.01 (VIOLATED)
_08202_/A2                              0.75    0.76   -0.01 (VIOLATED)
_08045_/A2                              0.75    0.76   -0.01 (VIOLATED)
_07928_/A2                              0.75    0.76   -0.01 (VIOLATED)
_08130_/B1                              0.75    0.76   -0.01 (VIOLATED)
_07923_/Y                               0.75    0.76   -0.01 (VIOLATED)
_08273_/A1                              0.75    0.76   -0.01 (VIOLATED)
_07828_/A1                              0.75    0.76   -0.01 (VIOLATED)
_08033_/A1                              0.75    0.76   -0.01 (VIOLATED)
_08000_/A2                              0.75    0.76   -0.01 (VIOLATED)
_08314_/A2                              0.75    0.76   -0.01 (VIOLATED)
_07945_/A0                              0.75    0.76   -0.01 (VIOLATED)
_08249_/A2                              0.75    0.76   -0.01 (VIOLATED)
_08245_/A1_N                            0.75    0.76   -0.01 (VIOLATED)
_08308_/A1                              0.75    0.76   -0.01 (VIOLATED)
_07824_/Y                               0.75    0.76   -0.01 (VIOLATED)
_08465_/A1                              0.75    0.75   -0.00 (VIOLATED)
_08433_/A1                              0.75    0.75   -0.00 (VIOLATED)
_07993_/A2                              0.75    0.75   -0.00 (VIOLATED)
_07820_/A1                              0.75    0.75   -0.00 (VIOLATED)
_07508_/B1                              0.75    0.75   -0.00 (VIOLATED)
_07507_/Y                               0.75    0.75   -0.00 (VIOLATED)
_10608_/A2                              0.75    0.75   -0.00 (VIOLATED)
_10621_/B1                              0.75    0.75   -0.00 (VIOLATED)
_07706_/Y                               0.75    0.75   -0.00 (VIOLATED)
_07707_/B                               0.75    0.75   -0.00 (VIOLATED)
max_cap205/A                            0.75    0.75   -0.00 (VIOLATED)
max_cap206/A                            0.75    0.75   -0.00 (VIOLATED)

max fanout

Pin                                   Limit Fanout  Slack
---------------------------------------------------------
_06668_/X                                10     17     -7 (VIOLATED)
_11920_/X                                10     17     -7 (VIOLATED)
_11962_/X                                10     17     -7 (VIOLATED)
_09355_/X                                10     16     -6 (VIOLATED)
_11873_/X                                10     16     -6 (VIOLATED)
_12809_/Q                                10     16     -6 (VIOLATED)
_06644_/X                                10     15     -5 (VIOLATED)
_06659_/X                                10     14     -4 (VIOLATED)
_06670_/X                                10     14     -4 (VIOLATED)
_09473_/X                                10     14     -4 (VIOLATED)
_11798_/X                                10     14     -4 (VIOLATED)
_11840_/X                                10     14     -4 (VIOLATED)
_11855_/X                                10     14     -4 (VIOLATED)
_11974_/X                                10     14     -4 (VIOLATED)
_12019_/X                                10     14     -4 (VIOLATED)
_06631_/X                                10     13     -3 (VIOLATED)
_06664_/X                                10     13     -3 (VIOLATED)
_08200_/X                                10     13     -3 (VIOLATED)
_09361_/X                                10     13     -3 (VIOLATED)
_09370_/X                                10     13     -3 (VIOLATED)
_11794_/X                                10     13     -3 (VIOLATED)
_11823_/X                                10     13     -3 (VIOLATED)
_11878_/X                                10     13     -3 (VIOLATED)
_12001_/X                                10     13     -3 (VIOLATED)
_13499_/Q                                10     13     -3 (VIOLATED)
_06295_/Y                                10     12     -2 (VIOLATED)
_06576_/X                                10     12     -2 (VIOLATED)
_06591_/X                                10     12     -2 (VIOLATED)
_06596_/X                                10     12     -2 (VIOLATED)
_06633_/X                                10     12     -2 (VIOLATED)
_06658_/X                                10     12     -2 (VIOLATED)
_06675_/X                                10     12     -2 (VIOLATED)
_09296_/X                                10     12     -2 (VIOLATED)
_09304_/X                                10     12     -2 (VIOLATED)
_09313_/X                                10     12     -2 (VIOLATED)
_09335_/X                                10     12     -2 (VIOLATED)
_09344_/X                                10     12     -2 (VIOLATED)
_09345_/X                                10     12     -2 (VIOLATED)
_09410_/X                                10     12     -2 (VIOLATED)
_10336_/X                                10     12     -2 (VIOLATED)
_11773_/X                                10     12     -2 (VIOLATED)
_11786_/X                                10     12     -2 (VIOLATED)
_11796_/X                                10     12     -2 (VIOLATED)
_11801_/X                                10     12     -2 (VIOLATED)
_11808_/X                                10     12     -2 (VIOLATED)
_11838_/X                                10     12     -2 (VIOLATED)
_11852_/X                                10     12     -2 (VIOLATED)
_11912_/X                                10     12     -2 (VIOLATED)
_11923_/X                                10     12     -2 (VIOLATED)
_11948_/X                                10     12     -2 (VIOLATED)
_11951_/X                                10     12     -2 (VIOLATED)
_11952_/X                                10     12     -2 (VIOLATED)
_11963_/X                                10     12     -2 (VIOLATED)
_12021_/X                                10     12     -2 (VIOLATED)
_12072_/X                                10     12     -2 (VIOLATED)
input51/X                                10     12     -2 (VIOLATED)
_06337_/X                                10     11        (VIOLATED)
_06422_/X                                10     11        (VIOLATED)
_06650_/X                                10     11        (VIOLATED)
_06657_/X                                10     11        (VIOLATED)
_06679_/X                                10     11        (VIOLATED)
_06904_/X                                10     11        (VIOLATED)
_07057_/X                                10     11        (VIOLATED)
_07310_/X                                10     11        (VIOLATED)
_07410_/X                                10     11        (VIOLATED)
_07548_/X                                10     11        (VIOLATED)
_07583_/X                                10     11        (VIOLATED)
_07785_/X                                10     11        (VIOLATED)
_07858_/X                                10     11        (VIOLATED)
_07862_/X                                10     11        (VIOLATED)
_08060_/X                                10     11        (VIOLATED)
_09128_/X                                10     11        (VIOLATED)
_09318_/X                                10     11        (VIOLATED)
_09332_/X                                10     11        (VIOLATED)
_09333_/X                                10     11        (VIOLATED)
_09336_/X                                10     11        (VIOLATED)
_09376_/X                                10     11        (VIOLATED)
_09377_/X                                10     11        (VIOLATED)
_09430_/X                                10     11        (VIOLATED)
_09436_/X                                10     11        (VIOLATED)
_09457_/X                                10     11        (VIOLATED)
_09630_/X                                10     11        (VIOLATED)
_10108_/X                                10     11        (VIOLATED)
_10362_/X                                10     11        (VIOLATED)
_10364_/X                                10     11        (VIOLATED)
_10370_/X                                10     11        (VIOLATED)
_11282_/X                                10     11        (VIOLATED)
_11284_/X                                10     11        (VIOLATED)
_11653_/X                                10     11        (VIOLATED)
_11677_/X                                10     11        (VIOLATED)
_11774_/X                                10     11        (VIOLATED)
_11781_/X                                10     11        (VIOLATED)
_11784_/X                                10     11        (VIOLATED)
_11789_/X                                10     11        (VIOLATED)
_11792_/X                                10     11        (VIOLATED)
_11795_/X                                10     11        (VIOLATED)
_11800_/X                                10     11        (VIOLATED)
_11811_/X                                10     11        (VIOLATED)
_11812_/X                                10     11        (VIOLATED)
_11814_/X                                10     11        (VIOLATED)
_11818_/X                                10     11        (VIOLATED)
_11819_/X                                10     11        (VIOLATED)
_11825_/X                                10     11        (VIOLATED)
_11833_/X                                10     11        (VIOLATED)
_11839_/X                                10     11        (VIOLATED)
_11869_/X                                10     11        (VIOLATED)
_11902_/X                                10     11        (VIOLATED)
_11919_/X                                10     11        (VIOLATED)
_11929_/X                                10     11        (VIOLATED)
_11943_/X                                10     11        (VIOLATED)
_11947_/X                                10     11        (VIOLATED)
_11950_/X                                10     11        (VIOLATED)
_11982_/X                                10     11        (VIOLATED)
_12055_/X                                10     11        (VIOLATED)


max slew violations count Slowest: 211
max fanout violations count Slowest: 114
max cap violations count Slowest: 0
======================= Typical Corner ===================================

max fanout

Pin                                   Limit Fanout  Slack
---------------------------------------------------------
_06668_/X                                10     17     -7 (VIOLATED)
_11920_/X                                10     17     -7 (VIOLATED)
_11962_/X                                10     17     -7 (VIOLATED)
_09355_/X                                10     16     -6 (VIOLATED)
_11873_/X                                10     16     -6 (VIOLATED)
_12809_/Q                                10     16     -6 (VIOLATED)
_06644_/X                                10     15     -5 (VIOLATED)
_06659_/X                                10     14     -4 (VIOLATED)
_06670_/X                                10     14     -4 (VIOLATED)
_09473_/X                                10     14     -4 (VIOLATED)
_11798_/X                                10     14     -4 (VIOLATED)
_11840_/X                                10     14     -4 (VIOLATED)
_11855_/X                                10     14     -4 (VIOLATED)
_11974_/X                                10     14     -4 (VIOLATED)
_12019_/X                                10     14     -4 (VIOLATED)
_06631_/X                                10     13     -3 (VIOLATED)
_06664_/X                                10     13     -3 (VIOLATED)
_08200_/X                                10     13     -3 (VIOLATED)
_09361_/X                                10     13     -3 (VIOLATED)
_09370_/X                                10     13     -3 (VIOLATED)
_11794_/X                                10     13     -3 (VIOLATED)
_11823_/X                                10     13     -3 (VIOLATED)
_11878_/X                                10     13     -3 (VIOLATED)
_12001_/X                                10     13     -3 (VIOLATED)
_13499_/Q                                10     13     -3 (VIOLATED)
_06295_/Y                                10     12     -2 (VIOLATED)
_06576_/X                                10     12     -2 (VIOLATED)
_06591_/X                                10     12     -2 (VIOLATED)
_06596_/X                                10     12     -2 (VIOLATED)
_06633_/X                                10     12     -2 (VIOLATED)
_06658_/X                                10     12     -2 (VIOLATED)
_06675_/X                                10     12     -2 (VIOLATED)
_09296_/X                                10     12     -2 (VIOLATED)
_09304_/X                                10     12     -2 (VIOLATED)
_09313_/X                                10     12     -2 (VIOLATED)
_09335_/X                                10     12     -2 (VIOLATED)
_09344_/X                                10     12     -2 (VIOLATED)
_09345_/X                                10     12     -2 (VIOLATED)
_09410_/X                                10     12     -2 (VIOLATED)
_10336_/X                                10     12     -2 (VIOLATED)
_11773_/X                                10     12     -2 (VIOLATED)
_11786_/X                                10     12     -2 (VIOLATED)
_11796_/X                                10     12     -2 (VIOLATED)
_11801_/X                                10     12     -2 (VIOLATED)
_11808_/X                                10     12     -2 (VIOLATED)
_11838_/X                                10     12     -2 (VIOLATED)
_11852_/X                                10     12     -2 (VIOLATED)
_11912_/X                                10     12     -2 (VIOLATED)
_11923_/X                                10     12     -2 (VIOLATED)
_11948_/X                                10     12     -2 (VIOLATED)
_11951_/X                                10     12     -2 (VIOLATED)
_11952_/X                                10     12     -2 (VIOLATED)
_11963_/X                                10     12     -2 (VIOLATED)
_12021_/X                                10     12     -2 (VIOLATED)
_12072_/X                                10     12     -2 (VIOLATED)
input51/X                                10     12     -2 (VIOLATED)
_06337_/X                                10     11        (VIOLATED)
_06422_/X                                10     11        (VIOLATED)
_06650_/X                                10     11        (VIOLATED)
_06657_/X                                10     11        (VIOLATED)
_06679_/X                                10     11        (VIOLATED)
_06904_/X                                10     11        (VIOLATED)
_07057_/X                                10     11        (VIOLATED)
_07310_/X                                10     11        (VIOLATED)
_07410_/X                                10     11        (VIOLATED)
_07548_/X                                10     11        (VIOLATED)
_07583_/X                                10     11        (VIOLATED)
_07785_/X                                10     11        (VIOLATED)
_07858_/X                                10     11        (VIOLATED)
_07862_/X                                10     11        (VIOLATED)
_08060_/X                                10     11        (VIOLATED)
_09128_/X                                10     11        (VIOLATED)
_09318_/X                                10     11        (VIOLATED)
_09332_/X                                10     11        (VIOLATED)
_09333_/X                                10     11        (VIOLATED)
_09336_/X                                10     11        (VIOLATED)
_09376_/X                                10     11        (VIOLATED)
_09377_/X                                10     11        (VIOLATED)
_09430_/X                                10     11        (VIOLATED)
_09436_/X                                10     11        (VIOLATED)
_09457_/X                                10     11        (VIOLATED)
_09630_/X                                10     11        (VIOLATED)
_10108_/X                                10     11        (VIOLATED)
_10362_/X                                10     11        (VIOLATED)
_10364_/X                                10     11        (VIOLATED)
_10370_/X                                10     11        (VIOLATED)
_11282_/X                                10     11        (VIOLATED)
_11284_/X                                10     11        (VIOLATED)
_11653_/X                                10     11        (VIOLATED)
_11677_/X                                10     11        (VIOLATED)
_11774_/X                                10     11        (VIOLATED)
_11781_/X                                10     11        (VIOLATED)
_11784_/X                                10     11        (VIOLATED)
_11789_/X                                10     11        (VIOLATED)
_11792_/X                                10     11        (VIOLATED)
_11795_/X                                10     11        (VIOLATED)
_11800_/X                                10     11        (VIOLATED)
_11811_/X                                10     11        (VIOLATED)
_11812_/X                                10     11        (VIOLATED)
_11814_/X                                10     11        (VIOLATED)
_11818_/X                                10     11        (VIOLATED)
_11819_/X                                10     11        (VIOLATED)
_11825_/X                                10     11        (VIOLATED)
_11833_/X                                10     11        (VIOLATED)
_11839_/X                                10     11        (VIOLATED)
_11869_/X                                10     11        (VIOLATED)
_11902_/X                                10     11        (VIOLATED)
_11919_/X                                10     11        (VIOLATED)
_11929_/X                                10     11        (VIOLATED)
_11943_/X                                10     11        (VIOLATED)
_11947_/X                                10     11        (VIOLATED)
_11950_/X                                10     11        (VIOLATED)
_11982_/X                                10     11        (VIOLATED)
_12055_/X                                10     11        (VIOLATED)


max slew violations count Typical: 0
max fanout violations count Typical: 114
max cap violations count Typical: 0

===========================================================================
report_parasitic_annotation -report_unannotated
============================================================================
Found 4 unannotated drivers.
 _12670__217/HI
 _12671__216/HI
 _13474__218/HI
 riscv_cpu_219/LO
Found 0 partially unannotated drivers.

===========================================================================
max slew violation count 211
max fanout violation count 114
max cap violation count 0
============================================================================

===========================================================================
check_setup -verbose -unconstrained_endpoints -multiple_clock -no_clock -no_input_delay -loops -generated_clocks
===========================================================================
Warning: There are 4 unconstrained endpoints.
  dmem_byte_en[0]
  _12670_/D
  _12671_/D
  _13474_/D
