
===========================================================================
 report_power
============================================================================
======================= Fastest Corner ===================================

Group                  Internal  Switching    Leakage      Total
                          Power      Power      Power      Power (Watts)
----------------------------------------------------------------
Sequential             3.69e-03   5.78e-04   2.31e-08   4.27e-03  30.3%
Combinational          3.94e-03   5.88e-03   2.15e-07   9.82e-03  69.7%
Macro                  0.00e+00   0.00e+00   0.00e+00   0.00e+00   0.0%
Pad                    0.00e+00   0.00e+00   0.00e+00   0.00e+00   0.0%
----------------------------------------------------------------
Total                  7.63e-03   6.46e-03   2.38e-07   1.41e-02 100.0%
                          54.2%      45.8%       0.0%

======================= Slowest Corner ===================================

Group                  Internal  Switching    Leakage      Total
                          Power      Power      Power      Power (Watts)
----------------------------------------------------------------
Sequential             2.44e-03   3.86e-04   2.21e-05   2.85e-03  29.5%
Combinational          2.86e-03   3.89e-03   4.87e-05   6.81e-03  70.5%
Macro                  0.00e+00   0.00e+00   0.00e+00   0.00e+00   0.0%
Pad                    0.00e+00   0.00e+00   0.00e+00   0.00e+00   0.0%
----------------------------------------------------------------
Total                  5.30e-03   4.28e-03   7.08e-05   9.65e-03 100.0%
                          54.9%      44.3%       0.7%

======================= Typical Corner ===================================

Group                  Internal  Switching    Leakage      Total
                          Power      Power      Power      Power (Watts)
----------------------------------------------------------------
Sequential             3.15e-03   4.90e-04   1.25e-08   3.64e-03  30.0%
Combinational          3.52e-03   4.98e-03   1.50e-07   8.49e-03  70.0%
Macro                  0.00e+00   0.00e+00   0.00e+00   0.00e+00   0.0%
Pad                    0.00e+00   0.00e+00   0.00e+00   0.00e+00   0.0%
----------------------------------------------------------------
Total                  6.67e-03   5.47e-03   1.62e-07   1.21e-02 100.0%
                          54.9%      45.1%       0.0%

