
===========================================================================
report_checks -unconstrained
===========================================================================
======================= Fastest Corner ===================================

Startpoint: rst (input port clocked by clk)
Endpoint: _15631_ (rising edge-triggered flip-flop clocked by clk)
Path Group: clk
Path Type: max
Corner: Fastest

Fanout     Cap    Slew   Delay    Time   Description
-----------------------------------------------------------------------------
                  0.15    0.00    0.00   clock clk (rise edge)
                          0.00    0.00   clock network delay (ideal)
                          4.00    4.00 v input external delay
     1    0.00    0.00    0.00    4.00 v rst (in)
                                         rst (net)
                  0.00    0.00    4.00 v input65/A (sky130_fd_sc_hd__buf_4)
     7    0.10    0.09    0.15    4.15 v input65/X (sky130_fd_sc_hd__buf_4)
                                         net65 (net)
                  0.09    0.01    4.16 v _07199_/A (sky130_fd_sc_hd__nor2_1)
     2    0.00    0.08    0.11    4.27 ^ _07199_/Y (sky130_fd_sc_hd__nor2_1)
                                         _01613_ (net)
                  0.08    0.00    4.27 ^ _07200_/A (sky130_fd_sc_hd__buf_1)
     6    0.02    0.16    0.15    4.42 ^ _07200_/X (sky130_fd_sc_hd__buf_1)
                                         _01614_ (net)
                  0.16    0.00    4.42 ^ _11195_/B (sky130_fd_sc_hd__and3_2)
     5    0.02    0.09    0.19    4.60 ^ _11195_/X (sky130_fd_sc_hd__and3_2)
                                         _05354_ (net)
                  0.09    0.00    4.60 ^ _11196_/A (sky130_fd_sc_hd__buf_2)
     6    0.05    0.17    0.19    4.79 ^ _11196_/X (sky130_fd_sc_hd__buf_2)
                                         _05355_ (net)
                  0.17    0.00    4.79 ^ _13973_/A (sky130_fd_sc_hd__buf_4)
     7    0.09    0.19    0.22    5.01 ^ _13973_/X (sky130_fd_sc_hd__buf_4)
                                         _07048_ (net)
                  0.19    0.00    5.01 ^ _14137_/A (sky130_fd_sc_hd__buf_2)
     6    0.05    0.17    0.20    5.22 ^ _14137_/X (sky130_fd_sc_hd__buf_2)
                                         _01495_ (net)
                  0.17    0.00    5.22 ^ _14141_/A1 (sky130_fd_sc_hd__a32o_1)
     1    0.00    0.04    0.11    5.32 ^ _14141_/X (sky130_fd_sc_hd__a32o_1)
                                         _01454_ (net)
                  0.04    0.00    5.32 ^ hold142/A (sky130_fd_sc_hd__dlygate4sd3_1)
     1    0.00    0.03    0.39    5.71 ^ hold142/X (sky130_fd_sc_hd__dlygate4sd3_1)
                                         net351 (net)
                  0.03    0.00    5.71 ^ _15631_/D (sky130_fd_sc_hd__dfxtp_1)
                                  5.71   data arrival time

                  0.15   20.00   20.00   clock clk (rise edge)
                          0.00   20.00   clock network delay (ideal)
                         -0.25   19.75   clock uncertainty
                          0.00   19.75   clock reconvergence pessimism
                                 19.75 ^ _15631_/CLK (sky130_fd_sc_hd__dfxtp_1)
                         -0.03   19.72   library setup time
                                 19.72   data required time
-----------------------------------------------------------------------------
                                 19.72   data required time
                                 -5.71   data arrival time
-----------------------------------------------------------------------------
                                 14.01   slack (MET)



======================= Slowest Corner ===================================

Startpoint: _14938_ (rising edge-triggered flip-flop clocked by clk)
Endpoint: _14310_ (rising edge-triggered flip-flop clocked by clk)
Path Group: clk
Path Type: max
Corner: Slowest

Fanout     Cap    Slew   Delay    Time   Description
-----------------------------------------------------------------------------
                  0.15    0.00    0.00   clock clk (rise edge)
                          0.00    0.00   clock network delay (ideal)
                  0.15    0.00    0.00 ^ _14938_/CLK (sky130_fd_sc_hd__dfxtp_2)
     4    0.03    0.14    0.77    0.77 v _14938_/Q (sky130_fd_sc_hd__dfxtp_2)
                                         pc_plus_4_ex[4] (net)
                  0.14    0.00    0.77 v hold1093/A (sky130_fd_sc_hd__dlygate4sd3_1)
     1    0.01    0.20    1.34    2.11 v hold1093/X (sky130_fd_sc_hd__dlygate4sd3_1)
                                         net1302 (net)
                  0.20    0.00    2.11 v _08777_/A (sky130_fd_sc_hd__inv_2)
     5    0.04    0.27    0.31    2.41 ^ _08777_/Y (sky130_fd_sc_hd__inv_2)
                                         _03062_ (net)
                  0.27    0.00    2.42 ^ _08803_/D (sky130_fd_sc_hd__nand4_4)
     6    0.04    0.41    0.49    2.91 v _08803_/Y (sky130_fd_sc_hd__nand4_4)
                                         _03088_ (net)
                  0.41    0.00    2.91 v _08911_/A2 (sky130_fd_sc_hd__o21ai_4)
     4    0.03    0.37    0.52    3.43 ^ _08911_/Y (sky130_fd_sc_hd__o21ai_4)
                                         _03196_ (net)
                  0.37    0.00    3.43 ^ _08913_/A1 (sky130_fd_sc_hd__a31oi_4)
     2    0.03    0.30    0.42    3.85 v _08913_/Y (sky130_fd_sc_hd__a31oi_4)
                                         _03198_ (net)
                  0.30    0.00    3.85 v _09469_/A (sky130_fd_sc_hd__buf_2)
     6    0.04    0.20    0.50    4.35 v _09469_/X (sky130_fd_sc_hd__buf_2)
                                         _03754_ (net)
                  0.20    0.00    4.35 v _09472_/A0 (sky130_fd_sc_hd__mux4_2)
     2    0.03    0.29    1.35    5.70 v _09472_/X (sky130_fd_sc_hd__mux4_2)
                                         _03757_ (net)
                  0.29    0.00    5.70 v _09481_/A2 (sky130_fd_sc_hd__a21boi_2)
     2    0.02    0.44    0.56    6.27 ^ _09481_/Y (sky130_fd_sc_hd__a21boi_2)
                                         _03766_ (net)
                  0.44    0.00    6.27 ^ _09482_/B1 (sky130_fd_sc_hd__o21ai_1)
     2    0.01    0.25    0.40    6.66 v _09482_/Y (sky130_fd_sc_hd__o21ai_1)
                                         _03767_ (net)
                  0.25    0.00    6.67 v _10260_/D1 (sky130_fd_sc_hd__o2111ai_2)
     1    0.01    0.35    0.23    6.90 ^ _10260_/Y (sky130_fd_sc_hd__o2111ai_2)
                                         _04545_ (net)
                  0.35    0.00    6.90 ^ _10261_/C1 (sky130_fd_sc_hd__o211a_1)
     1    0.01    0.19    0.51    7.40 ^ _10261_/X (sky130_fd_sc_hd__o211a_1)
                                         _04546_ (net)
                  0.19    0.00    7.40 ^ _10263_/B (sky130_fd_sc_hd__nand3_4)
     1    0.03    0.25    0.31    7.71 v _10263_/Y (sky130_fd_sc_hd__nand3_4)
                                         _04548_ (net)
                  0.25    0.00    7.72 v _10264_/B1 (sky130_fd_sc_hd__a31oi_4)
     2    0.02    0.32    0.42    8.14 ^ _10264_/Y (sky130_fd_sc_hd__a31oi_4)
                                         _04549_ (net)
                  0.32    0.00    8.14 ^ _10265_/D1 (sky130_fd_sc_hd__o2111ai_1)
     1    0.00    0.23    0.33    8.46 v _10265_/Y (sky130_fd_sc_hd__o2111ai_1)
                                         _04550_ (net)
                  0.23    0.00    8.46 v _10266_/B (sky130_fd_sc_hd__nor2_1)
     2    0.01    0.32    0.37    8.83 ^ _10266_/Y (sky130_fd_sc_hd__nor2_1)
                                         _04551_ (net)
                  0.32    0.00    8.83 ^ _10295_/C (sky130_fd_sc_hd__nand4_1)
     1    0.01    0.29    0.41    9.24 v _10295_/Y (sky130_fd_sc_hd__nand4_1)
                                         _04580_ (net)
                  0.29    0.00    9.24 v _10296_/D (sky130_fd_sc_hd__nor4_1)
     1    0.00    0.49    0.47    9.71 ^ _10296_/Y (sky130_fd_sc_hd__nor4_1)
                                         _04581_ (net)
                  0.49    0.00    9.71 ^ _10297_/C (sky130_fd_sc_hd__nand3_1)
     1    0.01    0.23    0.38   10.09 v _10297_/Y (sky130_fd_sc_hd__nand3_1)
                                         _04582_ (net)
                  0.23    0.00   10.09 v _10299_/A3 (sky130_fd_sc_hd__o31ai_2)
     1    0.02    0.61    0.64   10.73 ^ _10299_/Y (sky130_fd_sc_hd__o31ai_2)
                                         _04584_ (net)
                  0.61    0.00   10.73 ^ wire167/A (sky130_fd_sc_hd__buf_2)
     3    0.04    0.32    0.63   11.36 ^ wire167/X (sky130_fd_sc_hd__buf_2)
                                         net167 (net)
                  0.32    0.00   11.36 ^ _10391_/A1 (sky130_fd_sc_hd__a31o_2)
     5    0.03    0.29    0.61   11.97 ^ _10391_/X (sky130_fd_sc_hd__a31o_2)
                                         _04674_ (net)
                  0.29    0.00   11.97 ^ _10430_/A (sky130_fd_sc_hd__clkbuf_2)
     6    0.03    0.25    0.44   12.41 ^ _10430_/X (sky130_fd_sc_hd__clkbuf_2)
                                         _04712_ (net)
                  0.25    0.00   12.41 ^ _10467_/A1 (sky130_fd_sc_hd__a21oi_1)
     1    0.00    0.11    0.21   12.62 v _10467_/Y (sky130_fd_sc_hd__a21oi_1)
                                         _04748_ (net)
                  0.11    0.00   12.62 v _10468_/B2 (sky130_fd_sc_hd__a221oi_1)
     1    0.01    0.53    0.62   13.24 ^ _10468_/Y (sky130_fd_sc_hd__a221oi_1)
                                         _00136_ (net)
                  0.53    0.00   13.24 ^ _14310_/D (sky130_fd_sc_hd__dfxtp_4)
                                 13.24   data arrival time

                  0.15   20.00   20.00   clock clk (rise edge)
                          0.00   20.00   clock network delay (ideal)
                         -0.25   19.75   clock uncertainty
                          0.00   19.75   clock reconvergence pessimism
                                 19.75 ^ _14310_/CLK (sky130_fd_sc_hd__dfxtp_4)
                         -0.25   19.50   library setup time
                                 19.50   data required time
-----------------------------------------------------------------------------
                                 19.50   data required time
                                -13.24   data arrival time
-----------------------------------------------------------------------------
                                  6.26   slack (MET)



======================= Typical Corner ===================================

Startpoint: _14943_ (rising edge-triggered flip-flop clocked by clk)
Endpoint: _14310_ (rising edge-triggered flip-flop clocked by clk)
Path Group: clk
Path Type: max
Corner: Typical

Fanout     Cap    Slew   Delay    Time   Description
-----------------------------------------------------------------------------
                  0.15    0.00    0.00   clock clk (rise edge)
                          0.00    0.00   clock network delay (ideal)
                  0.15    0.00    0.00 ^ _14943_/CLK (sky130_fd_sc_hd__dfxtp_2)
     5    0.05    0.12    0.45    0.45 v _14943_/Q (sky130_fd_sc_hd__dfxtp_2)
                                         pc_plus_4_ex[9] (net)
                  0.12    0.01    0.45 v _08281_/A (sky130_fd_sc_hd__nor2_2)
     6    0.03    0.32    0.33    0.78 ^ _08281_/Y (sky130_fd_sc_hd__nor2_2)
                                         _02566_ (net)
                  0.32    0.00    0.78 ^ _08283_/C (sky130_fd_sc_hd__nand4_2)
     3    0.02    0.18    0.22    1.00 v _08283_/Y (sky130_fd_sc_hd__nand4_2)
                                         _02568_ (net)
                  0.18    0.00    1.00 v _08299_/A (sky130_fd_sc_hd__buf_2)
     6    0.04    0.09    0.26    1.26 v _08299_/X (sky130_fd_sc_hd__buf_2)
                                         _02584_ (net)
                  0.09    0.00    1.26 v _08300_/A (sky130_fd_sc_hd__buf_4)
     6    0.05    0.08    0.22    1.48 v _08300_/X (sky130_fd_sc_hd__buf_4)
                                         _02585_ (net)
                  0.08    0.00    1.48 v _08663_/A1 (sky130_fd_sc_hd__o21ai_4)
     5    0.03    0.24    0.27    1.75 ^ _08663_/Y (sky130_fd_sc_hd__o21ai_4)
                                         _02948_ (net)
                  0.24    0.00    1.75 ^ _08666_/A2 (sky130_fd_sc_hd__a31oi_4)
     4    0.06    0.23    0.27    2.02 v _08666_/Y (sky130_fd_sc_hd__a31oi_4)
                                         _02951_ (net)
                  0.23    0.00    2.02 v _08667_/A (sky130_fd_sc_hd__clkbuf_4)
     6    0.05    0.11    0.30    2.33 v _08667_/X (sky130_fd_sc_hd__clkbuf_4)
                                         _02952_ (net)
                  0.11    0.00    2.33 v _09805_/A3 (sky130_fd_sc_hd__mux4_2)
     3    0.03    0.17    0.64    2.97 v _09805_/X (sky130_fd_sc_hd__mux4_2)
                                         _04090_ (net)
                  0.17    0.00    2.97 v _09806_/A1 (sky130_fd_sc_hd__mux2_1)
     2    0.02    0.12    0.44    3.41 v _09806_/X (sky130_fd_sc_hd__mux2_1)
                                         _04091_ (net)
                  0.12    0.00    3.42 v _10014_/A2 (sky130_fd_sc_hd__a211oi_1)
     1    0.00    0.19    0.27    3.68 ^ _10014_/Y (sky130_fd_sc_hd__a211oi_1)
                                         _04299_ (net)
                  0.19    0.00    3.68 ^ _10015_/C1 (sky130_fd_sc_hd__a211o_1)
     1    0.03    0.28    0.31    3.99 ^ _10015_/X (sky130_fd_sc_hd__a211o_1)
                                         _04300_ (net)
                  0.28    0.00    3.99 ^ _10016_/C (sky130_fd_sc_hd__and3b_2)
     3    0.04    0.19    0.37    4.36 ^ _10016_/X (sky130_fd_sc_hd__and3b_2)
                                         _04301_ (net)
                  0.19    0.00    4.36 ^ _10047_/B (sky130_fd_sc_hd__nand4b_1)
     1    0.01    0.18    0.18    4.55 v _10047_/Y (sky130_fd_sc_hd__nand4b_1)
                                         _04332_ (net)
                  0.18    0.00    4.55 v _10296_/C (sky130_fd_sc_hd__nor4_1)
     1    0.00    0.28    0.32    4.87 ^ _10296_/Y (sky130_fd_sc_hd__nor4_1)
                                         _04581_ (net)
                  0.28    0.00    4.87 ^ _10297_/C (sky130_fd_sc_hd__nand3_1)
     1    0.01    0.12    0.15    5.03 v _10297_/Y (sky130_fd_sc_hd__nand3_1)
                                         _04582_ (net)
                  0.12    0.00    5.03 v _10299_/A3 (sky130_fd_sc_hd__o31ai_2)
     1    0.02    0.38    0.38    5.41 ^ _10299_/Y (sky130_fd_sc_hd__o31ai_2)
                                         _04584_ (net)
                  0.38    0.00    5.41 ^ wire167/A (sky130_fd_sc_hd__buf_2)
     3    0.04    0.20    0.32    5.73 ^ wire167/X (sky130_fd_sc_hd__buf_2)
                                         net167 (net)
                  0.20    0.00    5.73 ^ _10391_/A1 (sky130_fd_sc_hd__a31o_2)
     5    0.03    0.18    0.31    6.04 ^ _10391_/X (sky130_fd_sc_hd__a31o_2)
                                         _04674_ (net)
                  0.18    0.00    6.04 ^ _10430_/A (sky130_fd_sc_hd__clkbuf_2)
     6    0.03    0.16    0.24    6.28 ^ _10430_/X (sky130_fd_sc_hd__clkbuf_2)
                                         _04712_ (net)
                  0.16    0.00    6.28 ^ _10467_/A1 (sky130_fd_sc_hd__a21oi_1)
     1    0.00    0.06    0.09    6.37 v _10467_/Y (sky130_fd_sc_hd__a21oi_1)
                                         _04748_ (net)
                  0.06    0.00    6.37 v _10468_/B2 (sky130_fd_sc_hd__a221oi_1)
     1    0.01    0.33    0.36    6.74 ^ _10468_/Y (sky130_fd_sc_hd__a221oi_1)
                                         _00136_ (net)
                  0.33    0.00    6.74 ^ _14310_/D (sky130_fd_sc_hd__dfxtp_4)
                                  6.74   data arrival time

                  0.15   20.00   20.00   clock clk (rise edge)
                          0.00   20.00   clock network delay (ideal)
                         -0.25   19.75   clock uncertainty
                          0.00   19.75   clock reconvergence pessimism
                                 19.75 ^ _14310_/CLK (sky130_fd_sc_hd__dfxtp_4)
                         -0.11   19.64   library setup time
                                 19.64   data required time
-----------------------------------------------------------------------------
                                 19.64   data required time
                                 -6.74   data arrival time
-----------------------------------------------------------------------------
                                 12.90   slack (MET)




===========================================================================
report_checks --slack_max -0.01
============================================================================
======================= Fastest Corner ===================================

No paths found.

======================= Slowest Corner ===================================

No paths found.

======================= Typical Corner ===================================

No paths found.


===========================================================================
 report_check_types -max_slew -max_cap -max_fanout -violators
============================================================================
======================= Fastest Corner ===================================

max fanout

Pin                                   Limit Fanout  Slack
---------------------------------------------------------
_11431_/X                                 6     15     -9 (VIOLATED)
_13636_/X                                 6     12     -6 (VIOLATED)
_15048_/Q                                 6     12     -6 (VIOLATED)
input1/X                                  6     12     -6 (VIOLATED)
input28/X                                 6     12     -6 (VIOLATED)
input3/X                                  6     12     -6 (VIOLATED)
_08192_/X                                 6     11     -5 (VIOLATED)
_11932_/X                                 6     11     -5 (VIOLATED)
_07283_/X                                 6     10     -4 (VIOLATED)
_07511_/X                                 6     10     -4 (VIOLATED)
_07531_/X                                 6     10     -4 (VIOLATED)
_11419_/X                                 6     10     -4 (VIOLATED)
_11502_/X                                 6     10     -4 (VIOLATED)
_11594_/X                                 6     10     -4 (VIOLATED)
_11845_/X                                 6     10     -4 (VIOLATED)
_11870_/X                                 6     10     -4 (VIOLATED)
_13482_/X                                 6     10     -4 (VIOLATED)
_07255_/X                                 6      9     -3 (VIOLATED)
_07275_/X                                 6      9     -3 (VIOLATED)
_07359_/X                                 6      9     -3 (VIOLATED)
_07363_/X                                 6      9     -3 (VIOLATED)
_07404_/X                                 6      9     -3 (VIOLATED)
_07506_/X                                 6      9     -3 (VIOLATED)
_07545_/X                                 6      9     -3 (VIOLATED)
_08199_/X                                 6      9     -3 (VIOLATED)
_11153_/X                                 6      9     -3 (VIOLATED)
_11672_/X                                 6      9     -3 (VIOLATED)
_11832_/X                                 6      9     -3 (VIOLATED)
_11839_/X                                 6      9     -3 (VIOLATED)
_07251_/X                                 6      8     -2 (VIOLATED)
_07377_/X                                 6      8     -2 (VIOLATED)
_07392_/X                                 6      8     -2 (VIOLATED)
_07406_/X                                 6      8     -2 (VIOLATED)
_07418_/X                                 6      8     -2 (VIOLATED)
_07479_/X                                 6      8     -2 (VIOLATED)
_07487_/X                                 6      8     -2 (VIOLATED)
_07500_/X                                 6      8     -2 (VIOLATED)
_07642_/X                                 6      8     -2 (VIOLATED)
_07644_/X                                 6      8     -2 (VIOLATED)
_07768_/X                                 6      8     -2 (VIOLATED)
_08185_/X                                 6      8     -2 (VIOLATED)
_09354_/X                                 6      8     -2 (VIOLATED)
_09809_/X                                 6      8     -2 (VIOLATED)
_10497_/X                                 6      8     -2 (VIOLATED)
_11099_/X                                 6      8     -2 (VIOLATED)
_11147_/X                                 6      8     -2 (VIOLATED)
_11231_/X                                 6      8     -2 (VIOLATED)
_11418_/X                                 6      8     -2 (VIOLATED)
_11527_/X                                 6      8     -2 (VIOLATED)
_11629_/X                                 6      8     -2 (VIOLATED)
_11814_/X                                 6      8     -2 (VIOLATED)
_11838_/X                                 6      8     -2 (VIOLATED)
_11883_/X                                 6      8     -2 (VIOLATED)
_11898_/X                                 6      8     -2 (VIOLATED)
_11967_/X                                 6      8     -2 (VIOLATED)
_11979_/X                                 6      8     -2 (VIOLATED)
_12022_/X                                 6      8     -2 (VIOLATED)
_12037_/X                                 6      8     -2 (VIOLATED)
_12038_/X                                 6      8     -2 (VIOLATED)
_12097_/X                                 6      8     -2 (VIOLATED)
_12110_/X                                 6      8     -2 (VIOLATED)
_12165_/X                                 6      8     -2 (VIOLATED)
_13535_/X                                 6      8     -2 (VIOLATED)
_13585_/X                                 6      8     -2 (VIOLATED)
_13788_/X                                 6      8     -2 (VIOLATED)
_13938_/X                                 6      8     -2 (VIOLATED)
_14081_/X                                 6      8     -2 (VIOLATED)
_14321_/Q                                 6      8     -2 (VIOLATED)
_07116_/Y                                 6      7        (VIOLATED)
_07180_/X                                 6      7        (VIOLATED)
_07203_/X                                 6      7        (VIOLATED)
_07215_/X                                 6      7        (VIOLATED)
_07356_/X                                 6      7        (VIOLATED)
_07358_/X                                 6      7        (VIOLATED)
_07409_/X                                 6      7        (VIOLATED)
_07415_/X                                 6      7        (VIOLATED)
_07424_/X                                 6      7        (VIOLATED)
_07449_/X                                 6      7        (VIOLATED)
_07460_/X                                 6      7        (VIOLATED)
_07476_/X                                 6      7        (VIOLATED)
_07477_/X                                 6      7        (VIOLATED)
_07482_/X                                 6      7        (VIOLATED)
_07486_/X                                 6      7        (VIOLATED)
_07490_/X                                 6      7        (VIOLATED)
_07491_/X                                 6      7        (VIOLATED)
_07504_/X                                 6      7        (VIOLATED)
_07572_/X                                 6      7        (VIOLATED)
_07575_/X                                 6      7        (VIOLATED)
_07632_/X                                 6      7        (VIOLATED)
_07747_/X                                 6      7        (VIOLATED)
_08155_/X                                 6      7        (VIOLATED)
_08309_/X                                 6      7        (VIOLATED)
_08347_/X                                 6      7        (VIOLATED)
_08468_/X                                 6      7        (VIOLATED)
_08707_/X                                 6      7        (VIOLATED)
_08883_/Y                                 6      7        (VIOLATED)
_09215_/X                                 6      7        (VIOLATED)
_09300_/X                                 6      7        (VIOLATED)
_09336_/X                                 6      7        (VIOLATED)
_09445_/X                                 6      7        (VIOLATED)
_09488_/Y                                 6      7        (VIOLATED)
_09646_/X                                 6      7        (VIOLATED)
_09647_/X                                 6      7        (VIOLATED)
_10655_/X                                 6      7        (VIOLATED)
_11197_/X                                 6      7        (VIOLATED)
_11200_/X                                 6      7        (VIOLATED)
_11203_/X                                 6      7        (VIOLATED)
_11208_/X                                 6      7        (VIOLATED)
_11227_/X                                 6      7        (VIOLATED)
_11268_/X                                 6      7        (VIOLATED)
_11274_/X                                 6      7        (VIOLATED)
_11276_/X                                 6      7        (VIOLATED)
_11312_/X                                 6      7        (VIOLATED)
_11324_/X                                 6      7        (VIOLATED)
_11342_/X                                 6      7        (VIOLATED)
_11441_/X                                 6      7        (VIOLATED)
_11470_/X                                 6      7        (VIOLATED)
_11478_/X                                 6      7        (VIOLATED)
_11718_/X                                 6      7        (VIOLATED)
_11767_/X                                 6      7        (VIOLATED)
_11809_/X                                 6      7        (VIOLATED)
_11810_/X                                 6      7        (VIOLATED)
_11829_/X                                 6      7        (VIOLATED)
_11831_/X                                 6      7        (VIOLATED)
_11859_/X                                 6      7        (VIOLATED)
_11865_/X                                 6      7        (VIOLATED)
_11878_/X                                 6      7        (VIOLATED)
_11908_/X                                 6      7        (VIOLATED)
_11920_/X                                 6      7        (VIOLATED)
_11921_/X                                 6      7        (VIOLATED)
_11927_/X                                 6      7        (VIOLATED)
_11943_/X                                 6      7        (VIOLATED)
_11953_/X                                 6      7        (VIOLATED)
_11978_/X                                 6      7        (VIOLATED)
_11987_/X                                 6      7        (VIOLATED)
_11997_/X                                 6      7        (VIOLATED)
_12010_/X                                 6      7        (VIOLATED)
_12019_/X                                 6      7        (VIOLATED)
_12029_/X                                 6      7        (VIOLATED)
_12119_/X                                 6      7        (VIOLATED)
_12158_/X                                 6      7        (VIOLATED)
_12162_/X                                 6      7        (VIOLATED)
_12173_/X                                 6      7        (VIOLATED)
_12175_/X                                 6      7        (VIOLATED)
_12835_/X                                 6      7        (VIOLATED)
_13147_/X                                 6      7        (VIOLATED)
_13410_/X                                 6      7        (VIOLATED)
_13532_/X                                 6      7        (VIOLATED)
_13582_/X                                 6      7        (VIOLATED)
_13683_/X                                 6      7        (VIOLATED)
_13801_/X                                 6      7        (VIOLATED)
_13973_/X                                 6      7        (VIOLATED)
_14130_/X                                 6      7        (VIOLATED)
_14324_/Q                                 6      7        (VIOLATED)
_14906_/Q                                 6      7        (VIOLATED)
input65/X                                 6      7        (VIOLATED)


max slew violations count Fastest: 0
max fanout violations count Fastest: 156
max cap violations count Fastest: 0
======================= Slowest Corner ===================================

max slew

Pin                                    Limit    Slew   Slack
------------------------------------------------------------
_09230_/A                               0.75    1.10   -0.35 (VIOLATED)
_10122_/B                               0.75    1.10   -0.35 (VIOLATED)
_09893_/A2                              0.75    1.10   -0.35 (VIOLATED)
_09634_/A2                              0.75    1.10   -0.35 (VIOLATED)
_09229_/Y                               0.75    1.10   -0.35 (VIOLATED)
_08999_/A                               0.75    0.90   -0.15 (VIOLATED)
_08936_/B1                              0.75    0.90   -0.15 (VIOLATED)
_09920_/A3                              0.75    0.90   -0.15 (VIOLATED)
_10053_/A0                              0.75    0.90   -0.15 (VIOLATED)
_09633_/A2                              0.75    0.90   -0.15 (VIOLATED)
_08935_/Y                               0.75    0.90   -0.15 (VIOLATED)
_10300_/Y                               0.75    0.90   -0.15 (VIOLATED)
_10763_/C1                              0.75    0.90   -0.15 (VIOLATED)
max_cap1/A                              0.75    0.90   -0.15 (VIOLATED)
max_cap184/A                            0.75    0.90   -0.15 (VIOLATED)
_08887_/B1                              0.75    0.89   -0.14 (VIOLATED)
_08998_/B                               0.75    0.89   -0.14 (VIOLATED)
_09935_/A                               0.75    0.89   -0.14 (VIOLATED)
ANTENNA_299/DIODE                       0.75    0.89   -0.14 (VIOLATED)
_09525_/B                               0.75    0.89   -0.14 (VIOLATED)
_09472_/A1                              0.75    0.89   -0.14 (VIOLATED)
_09632_/C1                              0.75    0.89   -0.14 (VIOLATED)
_08883_/Y                               0.75    0.89   -0.14 (VIOLATED)
_08610_/B1                              0.75    0.88   -0.13 (VIOLATED)
_09272_/C1                              0.75    0.88   -0.13 (VIOLATED)
_08607_/Y                               0.75    0.88   -0.13 (VIOLATED)
_09399_/A1                              0.75    0.88   -0.13 (VIOLATED)
_08823_/B                               0.75    0.88   -0.13 (VIOLATED)
_08729_/A2                              0.75    0.88   -0.13 (VIOLATED)
_08718_/B1                              0.75    0.88   -0.13 (VIOLATED)
_08717_/Y                               0.75    0.88   -0.13 (VIOLATED)
_13066_/Y                               0.75    0.87   -0.12 (VIOLATED)
_14994_/D                               0.75    0.87   -0.12 (VIOLATED)
wire176/A                               0.75    0.87   -0.12 (VIOLATED)
_08408_/Y                               0.75    0.87   -0.12 (VIOLATED)
_08638_/Y                               0.75    0.85   -0.10 (VIOLATED)
_10781_/A1                              0.75    0.85   -0.10 (VIOLATED)
max_cap179/A                            0.75    0.85   -0.10 (VIOLATED)
_13160_/B                               0.75    0.85   -0.10 (VIOLATED)
_10047_/C                               0.75    0.85   -0.10 (VIOLATED)
ANTENNA_307/DIODE                       0.75    0.85   -0.10 (VIOLATED)
_10312_/C                               0.75    0.85   -0.10 (VIOLATED)
_10032_/Y                               0.75    0.85   -0.10 (VIOLATED)
_09499_/Y                               0.75    0.84   -0.09 (VIOLATED)
_09505_/A1                              0.75    0.84   -0.09 (VIOLATED)
_15002_/D                               0.75    0.83   -0.08 (VIOLATED)
_13079_/Y                               0.75    0.83   -0.08 (VIOLATED)
_10309_/B                               0.75    0.83   -0.08 (VIOLATED)
_13191_/A2                              0.75    0.83   -0.08 (VIOLATED)
_10308_/Y                               0.75    0.83   -0.08 (VIOLATED)
_14998_/D                               0.75    0.83   -0.08 (VIOLATED)
_13072_/Y                               0.75    0.83   -0.08 (VIOLATED)
_09009_/B1                              0.75    0.83   -0.08 (VIOLATED)
_09118_/A                               0.75    0.83   -0.08 (VIOLATED)
_09560_/B1                              0.75    0.83   -0.08 (VIOLATED)
_09225_/A                               0.75    0.83   -0.08 (VIOLATED)
_09008_/Y                               0.75    0.83   -0.08 (VIOLATED)
_08673_/B1                              0.75    0.81   -0.06 (VIOLATED)
_08686_/C1                              0.75    0.81   -0.06 (VIOLATED)
_08626_/B                               0.75    0.81   -0.06 (VIOLATED)
_08581_/C                               0.75    0.81   -0.06 (VIOLATED)
_08448_/C                               0.75    0.81   -0.06 (VIOLATED)
_09973_/C1                              0.75    0.81   -0.06 (VIOLATED)
_08445_/Y                               0.75    0.81   -0.06 (VIOLATED)
_08684_/B                               0.75    0.81   -0.06 (VIOLATED)
_09013_/A                               0.75    0.81   -0.06 (VIOLATED)
_09556_/A                               0.75    0.81   -0.06 (VIOLATED)
_09502_/A0                              0.75    0.81   -0.06 (VIOLATED)
_09894_/B2                              0.75    0.81   -0.06 (VIOLATED)
_08682_/Y                               0.75    0.81   -0.06 (VIOLATED)
_09422_/Y                               0.75    0.80   -0.05 (VIOLATED)
_11001_/A1                              0.75    0.80   -0.05 (VIOLATED)
max_cap177/A                            0.75    0.80   -0.05 (VIOLATED)
_08542_/Y                               0.75    0.79   -0.04 (VIOLATED)
_10890_/A2                              0.75    0.79   -0.04 (VIOLATED)
max_cap181/A                            0.75    0.79   -0.04 (VIOLATED)
ANTENNA_302/DIODE                       0.75    0.78   -0.03 (VIOLATED)
_09881_/A2                              0.75    0.78   -0.03 (VIOLATED)
_14968_/D                               0.75    0.78   -0.03 (VIOLATED)
_13020_/Y                               0.75    0.78   -0.03 (VIOLATED)
_09898_/A2                              0.75    0.78   -0.03 (VIOLATED)
_09849_/A0                              0.75    0.78   -0.03 (VIOLATED)
_09553_/A2                              0.75    0.78   -0.03 (VIOLATED)
_09875_/A2                              0.75    0.78   -0.03 (VIOLATED)
_09489_/A2                              0.75    0.78   -0.03 (VIOLATED)
_09488_/Y                               0.75    0.78   -0.03 (VIOLATED)
_09002_/A2                              0.75    0.77   -0.02 (VIOLATED)
_08987_/A2                              0.75    0.77   -0.02 (VIOLATED)
_08670_/A                               0.75    0.77   -0.02 (VIOLATED)
_08961_/A                               0.75    0.77   -0.02 (VIOLATED)
_08940_/A                               0.75    0.77   -0.02 (VIOLATED)
_08668_/Y                               0.75    0.77   -0.02 (VIOLATED)
_08813_/B1                              0.75    0.77   -0.02 (VIOLATED)
_08582_/C                               0.75    0.77   -0.02 (VIOLATED)
_08652_/C                               0.75    0.77   -0.02 (VIOLATED)
_08683_/A3                              0.75    0.77   -0.02 (VIOLATED)
_08580_/Y                               0.75    0.77   -0.02 (VIOLATED)
_08602_/B                               0.75    0.77   -0.02 (VIOLATED)
_08670_/C                               0.75    0.77   -0.02 (VIOLATED)
_15003_/D                               0.75    0.75   -0.00 (VIOLATED)
_13080_/Y                               0.75    0.75   -0.00 (VIOLATED)

max fanout

Pin                                   Limit Fanout  Slack
---------------------------------------------------------
_11431_/X                                 6     15     -9 (VIOLATED)
_13636_/X                                 6     12     -6 (VIOLATED)
_15048_/Q                                 6     12     -6 (VIOLATED)
input1/X                                  6     12     -6 (VIOLATED)
input28/X                                 6     12     -6 (VIOLATED)
input3/X                                  6     12     -6 (VIOLATED)
_08192_/X                                 6     11     -5 (VIOLATED)
_11932_/X                                 6     11     -5 (VIOLATED)
_07283_/X                                 6     10     -4 (VIOLATED)
_07511_/X                                 6     10     -4 (VIOLATED)
_07531_/X                                 6     10     -4 (VIOLATED)
_11419_/X                                 6     10     -4 (VIOLATED)
_11502_/X                                 6     10     -4 (VIOLATED)
_11594_/X                                 6     10     -4 (VIOLATED)
_11845_/X                                 6     10     -4 (VIOLATED)
_11870_/X                                 6     10     -4 (VIOLATED)
_13482_/X                                 6     10     -4 (VIOLATED)
_07255_/X                                 6      9     -3 (VIOLATED)
_07275_/X                                 6      9     -3 (VIOLATED)
_07359_/X                                 6      9     -3 (VIOLATED)
_07363_/X                                 6      9     -3 (VIOLATED)
_07404_/X                                 6      9     -3 (VIOLATED)
_07506_/X                                 6      9     -3 (VIOLATED)
_07545_/X                                 6      9     -3 (VIOLATED)
_08199_/X                                 6      9     -3 (VIOLATED)
_11153_/X                                 6      9     -3 (VIOLATED)
_11672_/X                                 6      9     -3 (VIOLATED)
_11832_/X                                 6      9     -3 (VIOLATED)
_11839_/X                                 6      9     -3 (VIOLATED)
_07251_/X                                 6      8     -2 (VIOLATED)
_07377_/X                                 6      8     -2 (VIOLATED)
_07392_/X                                 6      8     -2 (VIOLATED)
_07406_/X                                 6      8     -2 (VIOLATED)
_07418_/X                                 6      8     -2 (VIOLATED)
_07479_/X                                 6      8     -2 (VIOLATED)
_07487_/X                                 6      8     -2 (VIOLATED)
_07500_/X                                 6      8     -2 (VIOLATED)
_07642_/X                                 6      8     -2 (VIOLATED)
_07644_/X                                 6      8     -2 (VIOLATED)
_07768_/X                                 6      8     -2 (VIOLATED)
_08185_/X                                 6      8     -2 (VIOLATED)
_09354_/X                                 6      8     -2 (VIOLATED)
_09809_/X                                 6      8     -2 (VIOLATED)
_10497_/X                                 6      8     -2 (VIOLATED)
_11099_/X                                 6      8     -2 (VIOLATED)
_11147_/X                                 6      8     -2 (VIOLATED)
_11231_/X                                 6      8     -2 (VIOLATED)
_11418_/X                                 6      8     -2 (VIOLATED)
_11527_/X                                 6      8     -2 (VIOLATED)
_11629_/X                                 6      8     -2 (VIOLATED)
_11814_/X                                 6      8     -2 (VIOLATED)
_11838_/X                                 6      8     -2 (VIOLATED)
_11883_/X                                 6      8     -2 (VIOLATED)
_11898_/X                                 6      8     -2 (VIOLATED)
_11967_/X                                 6      8     -2 (VIOLATED)
_11979_/X                                 6      8     -2 (VIOLATED)
_12022_/X                                 6      8     -2 (VIOLATED)
_12037_/X                                 6      8     -2 (VIOLATED)
_12038_/X                                 6      8     -2 (VIOLATED)
_12097_/X                                 6      8     -2 (VIOLATED)
_12110_/X                                 6      8     -2 (VIOLATED)
_12165_/X                                 6      8     -2 (VIOLATED)
_13535_/X                                 6      8     -2 (VIOLATED)
_13585_/X                                 6      8     -2 (VIOLATED)
_13788_/X                                 6      8     -2 (VIOLATED)
_13938_/X                                 6      8     -2 (VIOLATED)
_14081_/X                                 6      8     -2 (VIOLATED)
_14321_/Q                                 6      8     -2 (VIOLATED)
_07116_/Y                                 6      7        (VIOLATED)
_07180_/X                                 6      7        (VIOLATED)
_07203_/X                                 6      7        (VIOLATED)
_07215_/X                                 6      7        (VIOLATED)
_07356_/X                                 6      7        (VIOLATED)
_07358_/X                                 6      7        (VIOLATED)
_07409_/X                                 6      7        (VIOLATED)
_07415_/X                                 6      7        (VIOLATED)
_07424_/X                                 6      7        (VIOLATED)
_07449_/X                                 6      7        (VIOLATED)
_07460_/X                                 6      7        (VIOLATED)
_07476_/X                                 6      7        (VIOLATED)
_07477_/X                                 6      7        (VIOLATED)
_07482_/X                                 6      7        (VIOLATED)
_07486_/X                                 6      7        (VIOLATED)
_07490_/X                                 6      7        (VIOLATED)
_07491_/X                                 6      7        (VIOLATED)
_07504_/X                                 6      7        (VIOLATED)
_07572_/X                                 6      7        (VIOLATED)
_07575_/X                                 6      7        (VIOLATED)
_07632_/X                                 6      7        (VIOLATED)
_07747_/X                                 6      7        (VIOLATED)
_08155_/X                                 6      7        (VIOLATED)
_08309_/X                                 6      7        (VIOLATED)
_08347_/X                                 6      7        (VIOLATED)
_08468_/X                                 6      7        (VIOLATED)
_08707_/X                                 6      7        (VIOLATED)
_08883_/Y                                 6      7        (VIOLATED)
_09215_/X                                 6      7        (VIOLATED)
_09300_/X                                 6      7        (VIOLATED)
_09336_/X                                 6      7        (VIOLATED)
_09445_/X                                 6      7        (VIOLATED)
_09488_/Y                                 6      7        (VIOLATED)
_09646_/X                                 6      7        (VIOLATED)
_09647_/X                                 6      7        (VIOLATED)
_10655_/X                                 6      7        (VIOLATED)
_11197_/X                                 6      7        (VIOLATED)
_11200_/X                                 6      7        (VIOLATED)
_11203_/X                                 6      7        (VIOLATED)
_11208_/X                                 6      7        (VIOLATED)
_11227_/X                                 6      7        (VIOLATED)
_11268_/X                                 6      7        (VIOLATED)
_11274_/X                                 6      7        (VIOLATED)
_11276_/X                                 6      7        (VIOLATED)
_11312_/X                                 6      7        (VIOLATED)
_11324_/X                                 6      7        (VIOLATED)
_11342_/X                                 6      7        (VIOLATED)
_11441_/X                                 6      7        (VIOLATED)
_11470_/X                                 6      7        (VIOLATED)
_11478_/X                                 6      7        (VIOLATED)
_11718_/X                                 6      7        (VIOLATED)
_11767_/X                                 6      7        (VIOLATED)
_11809_/X                                 6      7        (VIOLATED)
_11810_/X                                 6      7        (VIOLATED)
_11829_/X                                 6      7        (VIOLATED)
_11831_/X                                 6      7        (VIOLATED)
_11859_/X                                 6      7        (VIOLATED)
_11865_/X                                 6      7        (VIOLATED)
_11878_/X                                 6      7        (VIOLATED)
_11908_/X                                 6      7        (VIOLATED)
_11920_/X                                 6      7        (VIOLATED)
_11921_/X                                 6      7        (VIOLATED)
_11927_/X                                 6      7        (VIOLATED)
_11943_/X                                 6      7        (VIOLATED)
_11953_/X                                 6      7        (VIOLATED)
_11978_/X                                 6      7        (VIOLATED)
_11987_/X                                 6      7        (VIOLATED)
_11997_/X                                 6      7        (VIOLATED)
_12010_/X                                 6      7        (VIOLATED)
_12019_/X                                 6      7        (VIOLATED)
_12029_/X                                 6      7        (VIOLATED)
_12119_/X                                 6      7        (VIOLATED)
_12158_/X                                 6      7        (VIOLATED)
_12162_/X                                 6      7        (VIOLATED)
_12173_/X                                 6      7        (VIOLATED)
_12175_/X                                 6      7        (VIOLATED)
_12835_/X                                 6      7        (VIOLATED)
_13147_/X                                 6      7        (VIOLATED)
_13410_/X                                 6      7        (VIOLATED)
_13532_/X                                 6      7        (VIOLATED)
_13582_/X                                 6      7        (VIOLATED)
_13683_/X                                 6      7        (VIOLATED)
_13801_/X                                 6      7        (VIOLATED)
_13973_/X                                 6      7        (VIOLATED)
_14130_/X                                 6      7        (VIOLATED)
_14324_/Q                                 6      7        (VIOLATED)
_14906_/Q                                 6      7        (VIOLATED)
input65/X                                 6      7        (VIOLATED)


max slew violations count Slowest: 101
max fanout violations count Slowest: 156
max cap violations count Slowest: 0
======================= Typical Corner ===================================

max fanout

Pin                                   Limit Fanout  Slack
---------------------------------------------------------
_11431_/X                                 6     15     -9 (VIOLATED)
_13636_/X                                 6     12     -6 (VIOLATED)
_15048_/Q                                 6     12     -6 (VIOLATED)
input1/X                                  6     12     -6 (VIOLATED)
input28/X                                 6     12     -6 (VIOLATED)
input3/X                                  6     12     -6 (VIOLATED)
_08192_/X                                 6     11     -5 (VIOLATED)
_11932_/X                                 6     11     -5 (VIOLATED)
_07283_/X                                 6     10     -4 (VIOLATED)
_07511_/X                                 6     10     -4 (VIOLATED)
_07531_/X                                 6     10     -4 (VIOLATED)
_11419_/X                                 6     10     -4 (VIOLATED)
_11502_/X                                 6     10     -4 (VIOLATED)
_11594_/X                                 6     10     -4 (VIOLATED)
_11845_/X                                 6     10     -4 (VIOLATED)
_11870_/X                                 6     10     -4 (VIOLATED)
_13482_/X                                 6     10     -4 (VIOLATED)
_07255_/X                                 6      9     -3 (VIOLATED)
_07275_/X                                 6      9     -3 (VIOLATED)
_07359_/X                                 6      9     -3 (VIOLATED)
_07363_/X                                 6      9     -3 (VIOLATED)
_07404_/X                                 6      9     -3 (VIOLATED)
_07506_/X                                 6      9     -3 (VIOLATED)
_07545_/X                                 6      9     -3 (VIOLATED)
_08199_/X                                 6      9     -3 (VIOLATED)
_11153_/X                                 6      9     -3 (VIOLATED)
_11672_/X                                 6      9     -3 (VIOLATED)
_11832_/X                                 6      9     -3 (VIOLATED)
_11839_/X                                 6      9     -3 (VIOLATED)
_07251_/X                                 6      8     -2 (VIOLATED)
_07377_/X                                 6      8     -2 (VIOLATED)
_07392_/X                                 6      8     -2 (VIOLATED)
_07406_/X                                 6      8     -2 (VIOLATED)
_07418_/X                                 6      8     -2 (VIOLATED)
_07479_/X                                 6      8     -2 (VIOLATED)
_07487_/X                                 6      8     -2 (VIOLATED)
_07500_/X                                 6      8     -2 (VIOLATED)
_07642_/X                                 6      8     -2 (VIOLATED)
_07644_/X                                 6      8     -2 (VIOLATED)
_07768_/X                                 6      8     -2 (VIOLATED)
_08185_/X                                 6      8     -2 (VIOLATED)
_09354_/X                                 6      8     -2 (VIOLATED)
_09809_/X                                 6      8     -2 (VIOLATED)
_10497_/X                                 6      8     -2 (VIOLATED)
_11099_/X                                 6      8     -2 (VIOLATED)
_11147_/X                                 6      8     -2 (VIOLATED)
_11231_/X                                 6      8     -2 (VIOLATED)
_11418_/X                                 6      8     -2 (VIOLATED)
_11527_/X                                 6      8     -2 (VIOLATED)
_11629_/X                                 6      8     -2 (VIOLATED)
_11814_/X                                 6      8     -2 (VIOLATED)
_11838_/X                                 6      8     -2 (VIOLATED)
_11883_/X                                 6      8     -2 (VIOLATED)
_11898_/X                                 6      8     -2 (VIOLATED)
_11967_/X                                 6      8     -2 (VIOLATED)
_11979_/X                                 6      8     -2 (VIOLATED)
_12022_/X                                 6      8     -2 (VIOLATED)
_12037_/X                                 6      8     -2 (VIOLATED)
_12038_/X                                 6      8     -2 (VIOLATED)
_12097_/X                                 6      8     -2 (VIOLATED)
_12110_/X                                 6      8     -2 (VIOLATED)
_12165_/X                                 6      8     -2 (VIOLATED)
_13535_/X                                 6      8     -2 (VIOLATED)
_13585_/X                                 6      8     -2 (VIOLATED)
_13788_/X                                 6      8     -2 (VIOLATED)
_13938_/X                                 6      8     -2 (VIOLATED)
_14081_/X                                 6      8     -2 (VIOLATED)
_14321_/Q                                 6      8     -2 (VIOLATED)
_07116_/Y                                 6      7        (VIOLATED)
_07180_/X                                 6      7        (VIOLATED)
_07203_/X                                 6      7        (VIOLATED)
_07215_/X                                 6      7        (VIOLATED)
_07356_/X                                 6      7        (VIOLATED)
_07358_/X                                 6      7        (VIOLATED)
_07409_/X                                 6      7        (VIOLATED)
_07415_/X                                 6      7        (VIOLATED)
_07424_/X                                 6      7        (VIOLATED)
_07449_/X                                 6      7        (VIOLATED)
_07460_/X                                 6      7        (VIOLATED)
_07476_/X                                 6      7        (VIOLATED)
_07477_/X                                 6      7        (VIOLATED)
_07482_/X                                 6      7        (VIOLATED)
_07486_/X                                 6      7        (VIOLATED)
_07490_/X                                 6      7        (VIOLATED)
_07491_/X                                 6      7        (VIOLATED)
_07504_/X                                 6      7        (VIOLATED)
_07572_/X                                 6      7        (VIOLATED)
_07575_/X                                 6      7        (VIOLATED)
_07632_/X                                 6      7        (VIOLATED)
_07747_/X                                 6      7        (VIOLATED)
_08155_/X                                 6      7        (VIOLATED)
_08309_/X                                 6      7        (VIOLATED)
_08347_/X                                 6      7        (VIOLATED)
_08468_/X                                 6      7        (VIOLATED)
_08707_/X                                 6      7        (VIOLATED)
_08883_/Y                                 6      7        (VIOLATED)
_09215_/X                                 6      7        (VIOLATED)
_09300_/X                                 6      7        (VIOLATED)
_09336_/X                                 6      7        (VIOLATED)
_09445_/X                                 6      7        (VIOLATED)
_09488_/Y                                 6      7        (VIOLATED)
_09646_/X                                 6      7        (VIOLATED)
_09647_/X                                 6      7        (VIOLATED)
_10655_/X                                 6      7        (VIOLATED)
_11197_/X                                 6      7        (VIOLATED)
_11200_/X                                 6      7        (VIOLATED)
_11203_/X                                 6      7        (VIOLATED)
_11208_/X                                 6      7        (VIOLATED)
_11227_/X                                 6      7        (VIOLATED)
_11268_/X                                 6      7        (VIOLATED)
_11274_/X                                 6      7        (VIOLATED)
_11276_/X                                 6      7        (VIOLATED)
_11312_/X                                 6      7        (VIOLATED)
_11324_/X                                 6      7        (VIOLATED)
_11342_/X                                 6      7        (VIOLATED)
_11441_/X                                 6      7        (VIOLATED)
_11470_/X                                 6      7        (VIOLATED)
_11478_/X                                 6      7        (VIOLATED)
_11718_/X                                 6      7        (VIOLATED)
_11767_/X                                 6      7        (VIOLATED)
_11809_/X                                 6      7        (VIOLATED)
_11810_/X                                 6      7        (VIOLATED)
_11829_/X                                 6      7        (VIOLATED)
_11831_/X                                 6      7        (VIOLATED)
_11859_/X                                 6      7        (VIOLATED)
_11865_/X                                 6      7        (VIOLATED)
_11878_/X                                 6      7        (VIOLATED)
_11908_/X                                 6      7        (VIOLATED)
_11920_/X                                 6      7        (VIOLATED)
_11921_/X                                 6      7        (VIOLATED)
_11927_/X                                 6      7        (VIOLATED)
_11943_/X                                 6      7        (VIOLATED)
_11953_/X                                 6      7        (VIOLATED)
_11978_/X                                 6      7        (VIOLATED)
_11987_/X                                 6      7        (VIOLATED)
_11997_/X                                 6      7        (VIOLATED)
_12010_/X                                 6      7        (VIOLATED)
_12019_/X                                 6      7        (VIOLATED)
_12029_/X                                 6      7        (VIOLATED)
_12119_/X                                 6      7        (VIOLATED)
_12158_/X                                 6      7        (VIOLATED)
_12162_/X                                 6      7        (VIOLATED)
_12173_/X                                 6      7        (VIOLATED)
_12175_/X                                 6      7        (VIOLATED)
_12835_/X                                 6      7        (VIOLATED)
_13147_/X                                 6      7        (VIOLATED)
_13410_/X                                 6      7        (VIOLATED)
_13532_/X                                 6      7        (VIOLATED)
_13582_/X                                 6      7        (VIOLATED)
_13683_/X                                 6      7        (VIOLATED)
_13801_/X                                 6      7        (VIOLATED)
_13973_/X                                 6      7        (VIOLATED)
_14130_/X                                 6      7        (VIOLATED)
_14324_/Q                                 6      7        (VIOLATED)
_14906_/Q                                 6      7        (VIOLATED)
input65/X                                 6      7        (VIOLATED)


max slew violations count Typical: 0
max fanout violations count Typical: 156
max cap violations count Typical: 0

===========================================================================
report_parasitic_annotation -report_unannotated
============================================================================
Found 4 unannotated drivers.
 _14817__208/HI
 _14887__207/HI
 _14888__206/HI
 riscv_cpu_209/LO
Found 0 partially unannotated drivers.

===========================================================================
max slew violation count 101
max fanout violation count 156
max cap violation count 0
============================================================================

===========================================================================
check_setup -verbose -unconstrained_endpoints -multiple_clock -no_clock -no_input_delay -loops -generated_clocks
===========================================================================
Warning: There are 4 unconstrained endpoints.
  dmem_byte_en[0]
  _14817_/D
  _14887_/D
  _14888_/D
