
===========================================================================
 report_power
============================================================================
======================= Fastest Corner ===================================

Group                  Internal  Switching    Leakage      Total
                          Power      Power      Power      Power (Watts)
----------------------------------------------------------------
Sequential             3.77e-03   5.15e-04   2.26e-08   4.28e-03  28.9%
Combinational          4.26e-03   6.26e-03   1.60e-07   1.05e-02  71.1%
Macro                  0.00e+00   0.00e+00   0.00e+00   0.00e+00   0.0%
Pad                    0.00e+00   0.00e+00   0.00e+00   0.00e+00   0.0%
----------------------------------------------------------------
Total                  8.02e-03   6.77e-03   1.83e-07   1.48e-02 100.0%
                          54.2%      45.8%       0.0%

======================= Slowest Corner ===================================

Group                  Internal  Switching    Leakage      Total
                          Power      Power      Power      Power (Watts)
----------------------------------------------------------------
Sequential             2.49e-03   3.42e-04   2.19e-05   2.85e-03  28.1%
Combinational          3.11e-03   4.14e-03   5.14e-05   7.30e-03  71.9%
Macro                  0.00e+00   0.00e+00   0.00e+00   0.00e+00   0.0%
Pad                    0.00e+00   0.00e+00   0.00e+00   0.00e+00   0.0%
----------------------------------------------------------------
Total                  5.60e-03   4.48e-03   7.33e-05   1.02e-02 100.0%
                          55.1%      44.2%       0.7%

======================= Typical Corner ===================================

Group                  Internal  Switching    Leakage      Total
                          Power      Power      Power      Power (Watts)
----------------------------------------------------------------
Sequential             3.21e-03   4.36e-04   1.25e-08   3.65e-03  28.6%
Combinational          3.82e-03   5.29e-03   9.50e-08   9.11e-03  71.4%
Macro                  0.00e+00   0.00e+00   0.00e+00   0.00e+00   0.0%
Pad                    0.00e+00   0.00e+00   0.00e+00   0.00e+00   0.0%
----------------------------------------------------------------
Total                  7.03e-03   5.73e-03   1.07e-07   1.28e-02 100.0%
                          55.1%      44.9%       0.0%

