
===========================================================================
 report_power
============================================================================
======================= Fastest Corner ===================================

Group                  Internal  Switching    Leakage      Total
                          Power      Power      Power      Power (Watts)
----------------------------------------------------------------
Sequential             3.69e-03   6.11e-04   2.31e-08   4.31e-03  29.8%
Combinational          3.94e-03   6.19e-03   2.15e-07   1.01e-02  70.2%
Macro                  0.00e+00   0.00e+00   0.00e+00   0.00e+00   0.0%
Pad                    0.00e+00   0.00e+00   0.00e+00   0.00e+00   0.0%
----------------------------------------------------------------
Total                  7.64e-03   6.80e-03   2.38e-07   1.44e-02 100.0%
                          52.9%      47.1%       0.0%

======================= Slowest Corner ===================================

Group                  Internal  Switching    Leakage      Total
                          Power      Power      Power      Power (Watts)
----------------------------------------------------------------
Sequential             2.44e-03   4.08e-04   2.21e-05   2.87e-03  29.0%
Combinational          2.86e-03   4.10e-03   4.87e-05   7.02e-03  71.0%
Macro                  0.00e+00   0.00e+00   0.00e+00   0.00e+00   0.0%
Pad                    0.00e+00   0.00e+00   0.00e+00   0.00e+00   0.0%
----------------------------------------------------------------
Total                  5.30e-03   4.51e-03   7.08e-05   9.89e-03 100.0%
                          53.7%      45.6%       0.7%

======================= Typical Corner ===================================

Group                  Internal  Switching    Leakage      Total
                          Power      Power      Power      Power (Watts)
----------------------------------------------------------------
Sequential             3.15e-03   5.18e-04   1.25e-08   3.67e-03  29.5%
Combinational          3.52e-03   5.24e-03   1.50e-07   8.76e-03  70.5%
Macro                  0.00e+00   0.00e+00   0.00e+00   0.00e+00   0.0%
Pad                    0.00e+00   0.00e+00   0.00e+00   0.00e+00   0.0%
----------------------------------------------------------------
Total                  6.67e-03   5.76e-03   1.62e-07   1.24e-02 100.0%
                          53.7%      46.3%       0.0%

