Thu Jan 01 08:18:41 UTC 2026 - Executing "{openroad -exit -no_init -python /openlane/scripts/odbpy/lefutil.py get_metal_layers -o /project/openlane/runs/run_1/tmp/layers.list /build/pdk/sky130A/libs.ref/sky130_fd_sc_hd/techlef/sky130_fd_sc_hd__nom.tlef}"

Thu Jan 01 08:18:42 UTC 2026 - Executing "{/openlane/scripts/mergeLef.py -o /project/openlane/runs/run_1/tmp/merged.nom.lef -i /build/pdk/sky130A/libs.ref/sky130_fd_sc_hd/techlef/sky130_fd_sc_hd__nom.tlef {/build/pdk/sky130A/libs.ref/sky130_fd_sc_hd/lef/sky130_ef_sc_hd.lef /build/pdk/sky130A/libs.ref/sky130_fd_sc_hd/lef/sky130_fd_sc_hd.lef} |& tee /dev/null}"

Thu Jan 01 08:18:42 UTC 2026 - Executing "{/openlane/scripts/mergeLef.py -o /project/openlane/runs/run_1/tmp/merged.min.lef -i /build/pdk/sky130A/libs.ref/sky130_fd_sc_hd/techlef/sky130_fd_sc_hd__min.tlef {/build/pdk/sky130A/libs.ref/sky130_fd_sc_hd/lef/sky130_ef_sc_hd.lef /build/pdk/sky130A/libs.ref/sky130_fd_sc_hd/lef/sky130_fd_sc_hd.lef} |& tee /dev/null}"

Thu Jan 01 08:18:42 UTC 2026 - Executing "{/openlane/scripts/mergeLef.py -o /project/openlane/runs/run_1/tmp/merged.max.lef -i /build/pdk/sky130A/libs.ref/sky130_fd_sc_hd/techlef/sky130_fd_sc_hd__max.tlef {/build/pdk/sky130A/libs.ref/sky130_fd_sc_hd/lef/sky130_ef_sc_hd.lef /build/pdk/sky130A/libs.ref/sky130_fd_sc_hd/lef/sky130_fd_sc_hd.lef} |& tee /dev/null}"

Thu Jan 01 08:18:42 UTC 2026 - Executing "{python3 /openlane/scripts/mergeLib.py --output /project/openlane/runs/run_1/tmp/synthesis/merged.lib --name sky130A_merged /build/pdk/sky130A/libs.ref/sky130_fd_sc_hd/lib/sky130_fd_sc_hd__tt_025C_1v80.lib}"

Thu Jan 01 08:18:42 UTC 2026 - Executing "{python3 /openlane/scripts/libtrim.py --cell-file /project/openlane/runs/run_1/tmp/synthesis/trimmed.lib.exclude.list --output /project/openlane/runs/run_1/tmp/synthesis/trimmed.lib /project/openlane/runs/run_1/tmp/synthesis/merged.lib}"

Thu Jan 01 08:18:43 UTC 2026 - Executing "{python3 /openlane/scripts/libtrim.py --cell-file /project/openlane/runs/run_1/tmp/cts/cts.lib.exclude.list --output /project/openlane/runs/run_1/tmp/cts/cts.lib /build/pdk/sky130A/libs.ref/sky130_fd_sc_hd/lib/sky130_fd_sc_hd__tt_025C_1v80.lib}"

Thu Jan 01 08:18:43 UTC 2026 - Executing "{python3 /openlane/scripts/libtrim.py --cell-file /project/openlane/runs/run_1/tmp/cts/cts-fastest.lib.exclude.list --output /project/openlane/runs/run_1/tmp/cts/cts-fastest.lib /build/pdk/sky130A/libs.ref/sky130_fd_sc_hd/lib/sky130_fd_sc_hd__ff_n40C_1v95.lib}"

Thu Jan 01 08:18:44 UTC 2026 - Executing "{python3 /openlane/scripts/libtrim.py --cell-file /project/openlane/runs/run_1/tmp/cts/cts-slowest.lib.exclude.list --output /project/openlane/runs/run_1/tmp/cts/cts-slowest.lib /build/pdk/sky130A/libs.ref/sky130_fd_sc_hd/lib/sky130_fd_sc_hd__ss_100C_1v60.lib}"

Thu Jan 01 08:18:44 UTC 2026 - Executing "{python3 /openlane/scripts/new_tracks.py -i /build/pdk/sky130A/libs.tech/openlane/sky130_fd_sc_hd/tracks.info -o /project/openlane/runs/run_1/tmp/routing/config.tracks}"

Thu Jan 01 08:18:44 UTC 2026 - Executing "{echo {OpenLane f4f8dad8273204c2c3a848ca50ebc4e08413b602} > /project/openlane/runs/run_1/OPENLANE_VERSION}"

Thu Jan 01 08:18:44 UTC 2026 - Executing "{yosys -c /openlane/scripts/yosys/blackbox.tcl}"

Thu Jan 01 08:18:44 UTC 2026 - Executing "{verilator -Wall --lint-only --Wno-DECLFILENAME --top-module riscv_cpu /project/openlane/runs/run_1/tmp/synthesis/blackbox/sky130_fd_sc_hd__blackbox.v ../rtl/riscv_cpu.sv ../rtl/alu.sv ../rtl/control_unit.sv ../rtl/register_file.sv ../rtl/hazard_detection.sv ../rtl/immediate_generator.sv ../rtl/branch_control.sv ../rtl/instruction_memory.sv ../rtl/data_memory.sv ../rtl/pc.sv -Wno-fatal --relative-includes |& tee /project/openlane/runs/run_1/logs/synthesis/linter.log /dev/null}"

Thu Jan 01 08:18:45 UTC 2026 - Executing "{sed -E {s/^([[:space:]]+)pg_pin(.*)/\1pin\2\n\1    direction : "inout";/g} /build/pdk/sky130A/libs.ref/sky130_fd_sc_hd/lib/sky130_fd_sc_hd__tt_025C_1v80.lib > /project/openlane/runs/run_1/tmp/synthesis/1-sky130_fd_sc_hd__tt_025C_1v80.no_pg.lib}"

Thu Jan 01 08:18:45 UTC 2026 - Executing "{sed -E {s/^([[:space:]]+)pg_pin(.*)/\1pin\2\n\1    direction : "inout";/g} /project/openlane/runs/run_1/tmp/synthesis/trimmed.lib > /project/openlane/runs/run_1/tmp/synthesis/1-trimmed.no_pg.lib}"

Thu Jan 01 08:18:45 UTC 2026 - Executing "yosys -c /openlane/scripts/yosys/synth.tcl |& tee /dev/null /project/openlane/runs/run_1/logs/synthesis/1-synthesis.log"

Thu Jan 01 08:18:45 UTC 2026 - Executing "{yosys -c /openlane/scripts/yosys/synth.tcl |& tee /dev/null /project/openlane/runs/run_1/logs/synthesis/1-synthesis.log}"

Thu Jan 01 08:18:57 UTC 2026 - Executing "{sed -i.bak -e {s/\(set ::env(CURRENT_NETLIST)\).*/\1 \/project\/openlane\/runs\/run_1\/results\/synthesis\/riscv_cpu.v/} /project/openlane/runs/run_1/config.tcl}"

Thu Jan 01 08:18:57 UTC 2026 - Executing "{sed -i.bak /defparam/d /project/openlane/runs/run_1/results/synthesis/riscv_cpu.v}"

Thu Jan 01 08:18:58 UTC 2026 - Executing "sta -exit -no_init /openlane/scripts/openroad/sta/multi_corner.tcl |& tee /dev/null /project/openlane/runs/run_1/logs/synthesis/2-sta.log"

Thu Jan 01 08:18:58 UTC 2026 - Executing "{sta -exit -no_init /openlane/scripts/openroad/sta/multi_corner.tcl |& tee /dev/null /project/openlane/runs/run_1/logs/synthesis/2-sta.log}"

Thu Jan 01 08:18:59 UTC 2026 - Executing "openroad -exit /openlane/scripts/openroad/floorplan.tcl |& tee /dev/null /project/openlane/runs/run_1/logs/floorplan/3-initial_fp.log"

Thu Jan 01 08:18:59 UTC 2026 - Executing "{openroad -exit /openlane/scripts/openroad/floorplan.tcl |& tee /dev/null /project/openlane/runs/run_1/logs/floorplan/3-initial_fp.log}"

Thu Jan 01 08:19:00 UTC 2026 - Executing "{openroad -exit -no_init -python /openlane/scripts/odbpy/defutil.py extract_core_dims --output-data /project/openlane/runs/run_1/tmp/dimensions.txt --input-lef /project/openlane/runs/run_1/tmp/merged.nom.lef /project/openlane/runs/run_1/tmp/floorplan/3-initial_fp.def}"

Thu Jan 01 08:19:00 UTC 2026 - Executing "openroad -exit /openlane/scripts/openroad/ioplacer.tcl |& tee /dev/null /project/openlane/runs/run_1/logs/floorplan/4-io.log"

Thu Jan 01 08:19:00 UTC 2026 - Executing "{openroad -exit /openlane/scripts/openroad/ioplacer.tcl |& tee /dev/null /project/openlane/runs/run_1/logs/floorplan/4-io.log}"

Thu Jan 01 08:19:01 UTC 2026 - Executing "openroad -exit /openlane/scripts/openroad/tapcell.tcl |& tee /dev/null /project/openlane/runs/run_1/logs/floorplan/5-tap.log"

Thu Jan 01 08:19:01 UTC 2026 - Executing "{openroad -exit /openlane/scripts/openroad/tapcell.tcl |& tee /dev/null /project/openlane/runs/run_1/logs/floorplan/5-tap.log}"

Thu Jan 01 08:19:02 UTC 2026 - Executing "openroad -exit /openlane/scripts/openroad/pdn.tcl |& tee /dev/null /project/openlane/runs/run_1/logs/floorplan/6-pdn.log"

Thu Jan 01 08:19:02 UTC 2026 - Executing "{openroad -exit /openlane/scripts/openroad/pdn.tcl |& tee /dev/null /project/openlane/runs/run_1/logs/floorplan/6-pdn.log}"

Thu Jan 01 08:19:08 UTC 2026 - Executing "openroad -exit /openlane/scripts/openroad/gpl.tcl |& tee /dev/null /project/openlane/runs/run_1/logs/placement/7-global_skip_io.log"

Thu Jan 01 08:19:08 UTC 2026 - Executing "{openroad -exit /openlane/scripts/openroad/gpl.tcl |& tee /dev/null /project/openlane/runs/run_1/logs/placement/7-global_skip_io.log}"

Thu Jan 01 08:19:17 UTC 2026 - Executing "{sed -i.bak -e {s/\(set ::env(CURRENT_NETLIST)\).*/\1 \/project\/openlane\/runs\/run_1\/tmp\/placement\/7-global_skip_io.nl.v/} /project/openlane/runs/run_1/config.tcl}"

Thu Jan 01 08:19:17 UTC 2026 - Executing "openroad -exit /openlane/scripts/openroad/sta/multi_corner.tcl |& tee /dev/null /project/openlane/runs/run_1/logs/placement/8-gpl_sta.log"

Thu Jan 01 08:19:17 UTC 2026 - Executing "{openroad -exit /openlane/scripts/openroad/sta/multi_corner.tcl |& tee /dev/null /project/openlane/runs/run_1/logs/placement/8-gpl_sta.log}"

Thu Jan 01 08:19:20 UTC 2026 - Executing "openroad -exit /openlane/scripts/openroad/ioplacer.tcl |& tee /dev/null /project/openlane/runs/run_1/logs/placement/9-io.log"

Thu Jan 01 08:19:20 UTC 2026 - Executing "{openroad -exit /openlane/scripts/openroad/ioplacer.tcl |& tee /dev/null /project/openlane/runs/run_1/logs/placement/9-io.log}"

Thu Jan 01 08:19:21 UTC 2026 - Executing "openroad -exit /openlane/scripts/openroad/gpl.tcl |& tee /dev/null /project/openlane/runs/run_1/logs/placement/10-global.log"

Thu Jan 01 08:19:21 UTC 2026 - Executing "{openroad -exit /openlane/scripts/openroad/gpl.tcl |& tee /dev/null /project/openlane/runs/run_1/logs/placement/10-global.log}"

Thu Jan 01 08:19:30 UTC 2026 - Executing "{sed -i.bak -e {s/\(set ::env(CURRENT_NETLIST)\).*/\1 \/project\/openlane\/runs\/run_1\/tmp\/placement\/10-global.nl.v/} /project/openlane/runs/run_1/config.tcl}"

Thu Jan 01 08:19:30 UTC 2026 - Executing "openroad -exit /openlane/scripts/openroad/sta/multi_corner.tcl |& tee /dev/null /project/openlane/runs/run_1/logs/placement/11-gpl_sta.log"

Thu Jan 01 08:19:30 UTC 2026 - Executing "{openroad -exit /openlane/scripts/openroad/sta/multi_corner.tcl |& tee /dev/null /project/openlane/runs/run_1/logs/placement/11-gpl_sta.log}"

Thu Jan 01 08:19:32 UTC 2026 - Executing "openroad -exit /openlane/scripts/openroad/resizer.tcl |& tee /dev/null /project/openlane/runs/run_1/logs/placement/12-resizer.log"

Thu Jan 01 08:19:32 UTC 2026 - Executing "{openroad -exit /openlane/scripts/openroad/resizer.tcl |& tee /dev/null /project/openlane/runs/run_1/logs/placement/12-resizer.log}"

Thu Jan 01 08:19:40 UTC 2026 - Executing "{sed -i.bak -e {s/\(set ::env(CURRENT_NETLIST)\).*/\1 \/project\/openlane\/runs\/run_1\/tmp\/placement\/12-resizer.nl.v/} /project/openlane/runs/run_1/config.tcl}"

Thu Jan 01 08:19:40 UTC 2026 - Executing "openroad -exit /openlane/scripts/openroad/dpl.tcl |& tee /dev/null /project/openlane/runs/run_1/logs/placement/13-detailed.log"

Thu Jan 01 08:19:40 UTC 2026 - Executing "{openroad -exit /openlane/scripts/openroad/dpl.tcl |& tee /dev/null /project/openlane/runs/run_1/logs/placement/13-detailed.log}"

Thu Jan 01 08:19:42 UTC 2026 - Executing "{sed -i.bak -e {s/\(set ::env(CURRENT_NETLIST)\).*/\1 \/project\/openlane\/runs\/run_1\/results\/placement\/riscv_cpu.nl.v/} /project/openlane/runs/run_1/config.tcl}"

Thu Jan 01 08:19:42 UTC 2026 - Executing "openroad -exit /openlane/scripts/openroad/sta/multi_corner.tcl |& tee /dev/null /project/openlane/runs/run_1/logs/placement/14-dpl_sta.log"

Thu Jan 01 08:19:42 UTC 2026 - Executing "{openroad -exit /openlane/scripts/openroad/sta/multi_corner.tcl |& tee /dev/null /project/openlane/runs/run_1/logs/placement/14-dpl_sta.log}"

Thu Jan 01 08:19:45 UTC 2026 - Executing "openroad -exit /openlane/scripts/openroad/cts.tcl |& tee /dev/null /project/openlane/runs/run_1/logs/cts/15-cts.log"

Thu Jan 01 08:19:45 UTC 2026 - Executing "{openroad -exit /openlane/scripts/openroad/cts.tcl |& tee /dev/null /project/openlane/runs/run_1/logs/cts/15-cts.log}"

Thu Jan 01 08:20:24 UTC 2026 - Executing "openroad -exit /openlane/scripts/openroad/sta/multi_corner.tcl |& tee /dev/null /project/openlane/runs/run_1/logs/cts/16-cts_sta.log"

Thu Jan 01 08:20:24 UTC 2026 - Executing "{openroad -exit /openlane/scripts/openroad/sta/multi_corner.tcl |& tee /dev/null /project/openlane/runs/run_1/logs/cts/16-cts_sta.log}"

Thu Jan 01 08:20:27 UTC 2026 - Executing "openroad -exit /openlane/scripts/openroad/resizer_timing.tcl |& tee /dev/null /project/openlane/runs/run_1/logs/cts/17-resizer.log"

Thu Jan 01 08:20:27 UTC 2026 - Executing "{openroad -exit /openlane/scripts/openroad/resizer_timing.tcl |& tee /dev/null /project/openlane/runs/run_1/logs/cts/17-resizer.log}"

Thu Jan 01 08:20:38 UTC 2026 - Executing "{sed -i.bak -e {s/\(set ::env(CURRENT_NETLIST)\).*/\1 \/project\/openlane\/runs\/run_1\/tmp\/cts\/17-riscv_cpu.resized.nl.v/} /project/openlane/runs/run_1/config.tcl}"

Thu Jan 01 08:20:38 UTC 2026 - Executing "openroad -exit /openlane/scripts/openroad/resizer_routing_design.tcl |& tee /dev/null /project/openlane/runs/run_1/logs/routing/18-resizer_design.log"

Thu Jan 01 08:20:38 UTC 2026 - Executing "{openroad -exit /openlane/scripts/openroad/resizer_routing_design.tcl |& tee /dev/null /project/openlane/runs/run_1/logs/routing/18-resizer_design.log}"

Thu Jan 01 08:20:50 UTC 2026 - Executing "{sed -i.bak -e {s/\(set ::env(CURRENT_NETLIST)\).*/\1 \/project\/openlane\/runs\/run_1\/tmp\/18-riscv_cpu.nl.v/} /project/openlane/runs/run_1/config.tcl}"

Thu Jan 01 08:20:50 UTC 2026 - Executing "openroad -exit /openlane/scripts/openroad/sta/multi_corner.tcl |& tee /dev/null /project/openlane/runs/run_1/logs/routing/19-rsz_design_sta.log"

Thu Jan 01 08:20:50 UTC 2026 - Executing "{openroad -exit /openlane/scripts/openroad/sta/multi_corner.tcl |& tee /dev/null /project/openlane/runs/run_1/logs/routing/19-rsz_design_sta.log}"

Thu Jan 01 08:20:54 UTC 2026 - Executing "openroad -exit /openlane/scripts/openroad/resizer_routing_timing.tcl |& tee /dev/null /project/openlane/runs/run_1/logs/routing/20-resizer_timing.log"

Thu Jan 01 08:20:54 UTC 2026 - Executing "{openroad -exit /openlane/scripts/openroad/resizer_routing_timing.tcl |& tee /dev/null /project/openlane/runs/run_1/logs/routing/20-resizer_timing.log}"

Thu Jan 01 08:21:03 UTC 2026 - Executing "{sed -i.bak -e {s/\(set ::env(CURRENT_NETLIST)\).*/\1 \/project\/openlane\/runs\/run_1\/tmp\/20-riscv_cpu.nl.v/} /project/openlane/runs/run_1/config.tcl}"

Thu Jan 01 08:21:03 UTC 2026 - Executing "openroad -exit /openlane/scripts/openroad/sta/multi_corner.tcl |& tee /dev/null /project/openlane/runs/run_1/logs/routing/21-rsz_timing_sta.log"

Thu Jan 01 08:21:04 UTC 2026 - Executing "{openroad -exit /openlane/scripts/openroad/sta/multi_corner.tcl |& tee /dev/null /project/openlane/runs/run_1/logs/routing/21-rsz_timing_sta.log}"

Thu Jan 01 08:21:08 UTC 2026 - Executing "openroad -exit /openlane/scripts/openroad/repair_antennas.tcl |& tee /dev/null /project/openlane/runs/run_1/logs/routing/22-global.log"

Thu Jan 01 08:21:08 UTC 2026 - Executing "{openroad -exit /openlane/scripts/openroad/repair_antennas.tcl |& tee /dev/null /project/openlane/runs/run_1/logs/routing/22-global.log}"

Thu Jan 01 08:21:20 UTC 2026 - Executing "openroad -exit /openlane/scripts/openroad/write_views.tcl |& tee /dev/null /project/openlane/runs/run_1/logs/routing/22-global_write_netlist.log"

Thu Jan 01 08:21:20 UTC 2026 - Executing "{openroad -exit /openlane/scripts/openroad/write_views.tcl |& tee /dev/null /project/openlane/runs/run_1/logs/routing/22-global_write_netlist.log}"

Thu Jan 01 08:21:21 UTC 2026 - Executing "{sed -i.bak -e {s/\(set ::env(CURRENT_NETLIST)\).*/\1 \/project\/openlane\/runs\/run_1\/tmp\/routing\/global.nl.v/} /project/openlane/runs/run_1/config.tcl}"

Thu Jan 01 08:21:21 UTC 2026 - Executing "openroad -exit /openlane/scripts/openroad/sta/multi_corner.tcl |& tee /dev/null /project/openlane/runs/run_1/logs/routing/24-grt_sta.log"

Thu Jan 01 08:21:21 UTC 2026 - Executing "{openroad -exit /openlane/scripts/openroad/sta/multi_corner.tcl |& tee /dev/null /project/openlane/runs/run_1/logs/routing/24-grt_sta.log}"

Thu Jan 01 08:21:23 UTC 2026 - Executing "openroad -exit /openlane/scripts/openroad/fill.tcl |& tee /dev/null /project/openlane/runs/run_1/logs/routing/25-fill.log"

Thu Jan 01 08:21:23 UTC 2026 - Executing "{openroad -exit /openlane/scripts/openroad/fill.tcl |& tee /dev/null /project/openlane/runs/run_1/logs/routing/25-fill.log}"

Thu Jan 01 08:21:28 UTC 2026 - Executing "{sed -i.bak -e {s/\(set ::env(CURRENT_NETLIST)\).*/\1 \/project\/openlane\/runs\/run_1\/tmp\/routing\/25-fill.nl.v/} /project/openlane/runs/run_1/config.tcl}"

Thu Jan 01 08:21:28 UTC 2026 - Executing "openroad -exit /openlane/scripts/openroad/droute.tcl |& tee /dev/null /project/openlane/runs/run_1/logs/routing/26-detailed.log"

Thu Jan 01 08:21:28 UTC 2026 - Executing "{openroad -exit /openlane/scripts/openroad/droute.tcl |& tee /dev/null /project/openlane/runs/run_1/logs/routing/26-detailed.log}"

Thu Jan 01 08:34:13 UTC 2026 - Executing "{sed -i.bak -e {s/\(set ::env(CURRENT_NETLIST)\).*/\1 \/project\/openlane\/runs\/run_1\/results\/routing\/riscv_cpu.nl.v/} /project/openlane/runs/run_1/config.tcl}"

Thu Jan 01 08:34:13 UTC 2026 - Executing "{python3 /openlane/scripts/drc_rosetta.py tr to_klayout -o /project/openlane/runs/run_1/reports/routing/drt.klayout.xml --design-name riscv_cpu /project/openlane/runs/run_1/reports/routing/drt.drc}"

Thu Jan 01 08:34:14 UTC 2026 - Executing "{openroad -exit -no_init -python /openlane/scripts/odbpy/wire_lengths.py --report-out /project/openlane/runs/run_1/reports/routing/27-wire_lengths.csv --input-lef /project/openlane/runs/run_1/tmp/merged.nom.lef --output-def /dev/null --output /project/openlane/runs/run_1/results/routing/riscv_cpu.odb /project/openlane/runs/run_1/results/routing/riscv_cpu.odb |& tee /dev/null /project/openlane/runs/run_1/logs/routing/27-wire_lengths.log}"

Thu Jan 01 08:34:16 UTC 2026 - Executing "openroad -exit /openlane/scripts/openroad/rcx.tcl |& tee /dev/null /project/openlane/runs/run_1/logs/signoff/28-parasitics_extraction.min.log"

Thu Jan 01 08:34:16 UTC 2026 - Executing "{openroad -exit /openlane/scripts/openroad/rcx.tcl |& tee /dev/null /project/openlane/runs/run_1/logs/signoff/28-parasitics_extraction.min.log}"

Thu Jan 01 08:34:23 UTC 2026 - Executing "sta -exit -no_init /openlane/scripts/openroad/sta/multi_corner.tcl |& tee /dev/null /project/openlane/runs/run_1/logs/signoff/29-rcx_mcsta.min.log"

Thu Jan 01 08:34:23 UTC 2026 - Executing "{sta -exit -no_init /openlane/scripts/openroad/sta/multi_corner.tcl |& tee /dev/null /project/openlane/runs/run_1/logs/signoff/29-rcx_mcsta.min.log}"

Thu Jan 01 08:34:41 UTC 2026 - Executing "openroad -exit /openlane/scripts/openroad/rcx.tcl |& tee /dev/null /project/openlane/runs/run_1/logs/signoff/30-parasitics_extraction.max.log"

Thu Jan 01 08:34:41 UTC 2026 - Executing "{openroad -exit /openlane/scripts/openroad/rcx.tcl |& tee /dev/null /project/openlane/runs/run_1/logs/signoff/30-parasitics_extraction.max.log}"

Thu Jan 01 08:34:48 UTC 2026 - Executing "sta -exit -no_init /openlane/scripts/openroad/sta/multi_corner.tcl |& tee /dev/null /project/openlane/runs/run_1/logs/signoff/31-rcx_mcsta.max.log"

Thu Jan 01 08:34:48 UTC 2026 - Executing "{sta -exit -no_init /openlane/scripts/openroad/sta/multi_corner.tcl |& tee /dev/null /project/openlane/runs/run_1/logs/signoff/31-rcx_mcsta.max.log}"

Thu Jan 01 08:35:08 UTC 2026 - Executing "openroad -exit /openlane/scripts/openroad/rcx.tcl |& tee /dev/null /project/openlane/runs/run_1/logs/signoff/32-parasitics_extraction.nom.log"

Thu Jan 01 08:35:08 UTC 2026 - Executing "{openroad -exit /openlane/scripts/openroad/rcx.tcl |& tee /dev/null /project/openlane/runs/run_1/logs/signoff/32-parasitics_extraction.nom.log}"

Thu Jan 01 08:35:15 UTC 2026 - Executing "sta -exit -no_init /openlane/scripts/openroad/sta/multi_corner.tcl |& tee /dev/null /project/openlane/runs/run_1/logs/signoff/33-rcx_mcsta.nom.log"

Thu Jan 01 08:35:15 UTC 2026 - Executing "{sta -exit -no_init /openlane/scripts/openroad/sta/multi_corner.tcl |& tee /dev/null /project/openlane/runs/run_1/logs/signoff/33-rcx_mcsta.nom.log}"

Thu Jan 01 08:35:34 UTC 2026 - Executing "openroad -exit /openlane/scripts/openroad/irdrop.tcl |& tee /dev/null /project/openlane/runs/run_1/logs/signoff/34-irdrop.log"

Thu Jan 01 08:35:34 UTC 2026 - Executing "{openroad -exit /openlane/scripts/openroad/irdrop.tcl |& tee /dev/null /project/openlane/runs/run_1/logs/signoff/34-irdrop.log}"

Thu Jan 01 08:35:47 UTC 2026 - Executing "magic -noconsole -dnull -rcfile /build/pdk/sky130A/libs.tech/magic/sky130A.magicrc < /openlane/scripts/magic/wrapper.tcl |& tee /dev/null /project/openlane/runs/run_1/logs/signoff/35-gdsii.log"

Thu Jan 01 08:35:47 UTC 2026 - Executing "{magic -noconsole -dnull -rcfile /build/pdk/sky130A/libs.tech/magic/sky130A.magicrc < /openlane/scripts/magic/wrapper.tcl |& tee /dev/null /project/openlane/runs/run_1/logs/signoff/35-gdsii.log}"

Thu Jan 01 08:36:02 UTC 2026 - Executing "magic -noconsole -dnull -rcfile /build/pdk/sky130A/libs.tech/magic/sky130A.magicrc < /openlane/scripts/magic/wrapper.tcl |& tee /dev/null /project/openlane/runs/run_1/logs/signoff/35-gds_ptrs.log"

Thu Jan 01 08:36:02 UTC 2026 - Executing "{magic -noconsole -dnull -rcfile /build/pdk/sky130A/libs.tech/magic/sky130A.magicrc < /openlane/scripts/magic/wrapper.tcl |& tee /dev/null /project/openlane/runs/run_1/logs/signoff/35-gds_ptrs.log}"

Thu Jan 01 08:36:13 UTC 2026 - Executing "{sed -i.bak -n {/^<< properties >>/,/^<< end >>/p} /project/openlane/runs/run_1/tmp/signoff/gds_ptrs.mag}"

Thu Jan 01 08:36:14 UTC 2026 - Executing "magic -noconsole -dnull -rcfile /build/pdk/sky130A/libs.tech/magic/sky130A.magicrc < /openlane/scripts/magic/wrapper.tcl |& tee /dev/null /project/openlane/runs/run_1/logs/signoff/35-lef.log"

Thu Jan 01 08:36:14 UTC 2026 - Executing "{magic -noconsole -dnull -rcfile /build/pdk/sky130A/libs.tech/magic/sky130A.magicrc < /openlane/scripts/magic/wrapper.tcl |& tee /dev/null /project/openlane/runs/run_1/logs/signoff/35-lef.log}"

Thu Jan 01 08:37:38 UTC 2026 - Executing "magic -noconsole -dnull -rcfile /build/pdk/sky130A/libs.tech/magic/sky130A.magicrc < /openlane/scripts/magic/wrapper.tcl |& tee /dev/null /project/openlane/runs/run_1/logs/signoff/35-maglef.log"

Thu Jan 01 08:37:38 UTC 2026 - Executing "{magic -noconsole -dnull -rcfile /build/pdk/sky130A/libs.tech/magic/sky130A.magicrc < /openlane/scripts/magic/wrapper.tcl |& tee /dev/null /project/openlane/runs/run_1/logs/signoff/35-maglef.log}"

Thu Jan 01 08:37:38 UTC 2026 - Executing "{python3 /openlane/scripts/klayout/stream_out.py --output /project/openlane/runs/run_1/results/signoff/riscv_cpu.klayout.gds --lyt /build/pdk/sky130A/libs.tech/klayout/tech/sky130A.lyt --lym /build/pdk/sky130A/libs.tech/klayout/tech/sky130A.map --lyp /build/pdk/sky130A/libs.tech/klayout/tech/sky130A.lyp --top riscv_cpu --with-gds-file /build/pdk/sky130A/libs.ref/sky130_fd_sc_hd/gds/sky130_fd_sc_hd.gds --input-lef /project/openlane/runs/run_1/tmp/merged.nom.lef /project/openlane/runs/run_1/results/routing/riscv_cpu.def |& tee /dev/null /project/openlane/runs/run_1/logs/signoff/36-gdsii-klayout.log}"

Thu Jan 01 08:37:43 UTC 2026 - Executing "{klayout -b -r /openlane/scripts/klayout/xor.drc -rd a=/project/openlane/runs/run_1/results/signoff/riscv_cpu.gds -rd b=/project/openlane/runs/run_1/results/signoff/riscv_cpu.klayout.gds -rd jobs=1 -rd rdb_out=/project/openlane/runs/run_1/reports/signoff/37-xor.xml -rd ignore=81/14 -rd rpt_out=/project/openlane/runs/run_1/reports/signoff/37-xor.rpt |& tee /dev/null /project/openlane/runs/run_1/logs/signoff/37-xor.log}"

Thu Jan 01 08:39:15 UTC 2026 - Executing "magic -noconsole -dnull -rcfile /build/pdk/sky130A/libs.tech/magic/sky130A.magicrc < /openlane/scripts/magic/wrapper.tcl |& tee /dev/null /project/openlane/runs/run_1/logs/signoff/38-spice.log"

Thu Jan 01 08:39:16 UTC 2026 - Executing "{magic -noconsole -dnull -rcfile /build/pdk/sky130A/libs.tech/magic/sky130A.magicrc < /openlane/scripts/magic/wrapper.tcl |& tee /dev/null /project/openlane/runs/run_1/logs/signoff/38-spice.log}"

Thu Jan 01 08:41:03 UTC 2026 - Executing "{openroad -exit -no_init -python /openlane/scripts/odbpy/power_utils.py write_powered_def --output /project/openlane/runs/run_1/tmp/signoff/38-riscv_cpu.p.def --input-lef /project/openlane/runs/run_1/tmp/merged.nom.lef --power-port VPWR --ground-port VGND --powered-netlist {} /project/openlane/runs/run_1/results/routing/riscv_cpu.def |& tee /dev/null /project/openlane/runs/run_1/logs/signoff/39-write_powered_def.log}"

Thu Jan 01 08:41:09 UTC 2026 - Executing "openroad -exit /openlane/scripts/openroad/write_views.tcl |& tee /dev/null /project/openlane/runs/run_1/logs/signoff/39-write_powered_verilog.log"

Thu Jan 01 08:41:09 UTC 2026 - Executing "{openroad -exit /openlane/scripts/openroad/write_views.tcl |& tee /dev/null /project/openlane/runs/run_1/logs/signoff/39-write_powered_verilog.log}"

Thu Jan 01 08:41:13 UTC 2026 - Executing "{sed -i.bak -e {s/\(set ::env(CURRENT_NETLIST)\).*/\1 \/project\/openlane\/runs\/run_1\/tmp\/signoff\/38-riscv_cpu.nl.v/} /project/openlane/runs/run_1/config.tcl}"

Thu Jan 01 08:41:13 UTC 2026 - Executing "{netgen -batch source /project/openlane/runs/run_1/tmp/signoff/41-setup_file.lef.lvs |& tee /dev/null /project/openlane/runs/run_1/logs/signoff/41-lvs.lef.log}"

Thu Jan 01 08:41:45 UTC 2026 - Executing "magic -noconsole -dnull -rcfile /build/pdk/sky130A/libs.tech/magic/sky130A.magicrc < /openlane/scripts/magic/wrapper.tcl |& tee /dev/null /project/openlane/runs/run_1/logs/signoff/42-drc.log"

Thu Jan 01 08:41:45 UTC 2026 - Executing "{magic -noconsole -dnull -rcfile /build/pdk/sky130A/libs.tech/magic/sky130A.magicrc < /openlane/scripts/magic/wrapper.tcl |& tee /dev/null /project/openlane/runs/run_1/logs/signoff/42-drc.log}"

Thu Jan 01 08:53:21 UTC 2026 - Executing "{python3 /openlane/scripts/drc_rosetta.py magic to_tcl -o /project/openlane/runs/run_1/reports/signoff/drc.tcl /project/openlane/runs/run_1/reports/signoff/drc.rpt}"

Thu Jan 01 08:53:21 UTC 2026 - Executing "{python3 /openlane/scripts/drc_rosetta.py magic to_tr -o /project/openlane/runs/run_1/reports/signoff/drc.tr /project/openlane/runs/run_1/reports/signoff/drc.rpt}"

Thu Jan 01 08:53:21 UTC 2026 - Executing "{python3 /openlane/scripts/drc_rosetta.py tr to_klayout -o /project/openlane/runs/run_1/reports/signoff/drc.klayout.xml --design-name riscv_cpu /project/openlane/runs/run_1/reports/signoff/drc.tr}"

Thu Jan 01 08:53:21 UTC 2026 - Executing "{python3 /openlane/scripts/drc_rosetta.py magic to_rdb -o /project/openlane/runs/run_1/reports/signoff/drc.rdb /project/openlane/runs/run_1/reports/signoff/drc.rpt}"

Thu Jan 01 08:53:21 UTC 2026 - Executing "openroad -exit /openlane/scripts/openroad/antenna_check.tcl |& tee /dev/null /project/openlane/runs/run_1/logs/signoff/43-arc.log"

Thu Jan 01 08:53:21 UTC 2026 - Executing "{openroad -exit /openlane/scripts/openroad/antenna_check.tcl |& tee /dev/null /project/openlane/runs/run_1/logs/signoff/43-arc.log}"

Thu Jan 01 08:53:28 UTC 2026 - Executing "{python3 /openlane/scripts/extract_antenna_violators.py --output /project/openlane/runs/run_1/reports/signoff/43-antenna_violators.rpt --plain-out /project/openlane/runs/run_1/reports/signoff/43-antenna_violators_pins.txt /project/openlane/runs/run_1/logs/signoff/43-arc.log}"

Thu Jan 01 08:53:29 UTC 2026 - Executing "{python3 /openlane/scripts/write_runtime.py --conclude --seconds --time-in 1767257609 {flow completed}}"

Thu Jan 01 08:53:29 UTC 2026 - Executing "{python3 /openlane/scripts/generate_reports.py -d /project/openlane --design_name riscv_cpu --tag run_1 --output_file /project/openlane/runs/run_1/reports/metrics.csv --man_report /project/openlane/runs/run_1/reports/manufacturability.rpt --run_path /project/openlane/runs/run_1}"

