
Magic 8.3 revision 416 - Compiled on Tue Jul 25 11:03:51 UTC 2023.
Starting magic under Tcl interpreter
Using the terminal as the console.
Using NULL graphics device.
Processing system .magicrc file
Sourcing design .magicrc for technology sky130A ...
2 Magic internal units = 1 Lambda
Input style sky130(): scaleFactor=2, multiplier=2
The following types are not handled by extraction and will be treated as non-electrical types:
    ubm 
Scaled tech values by 2 / 1 to match internal grid scaling
Loading sky130A Device Generator Menu ...
Using technology "sky130A", version 1.0.466-0-gbdc9412
Reading LEF data from file /build/pdk/sky130A/libs.ref/sky130_fd_sc_hd/techlef/sky130_fd_sc_hd__nom.tlef.
This action cannot be undone.
LEF read, Line 78 (Message): Unknown keyword "ANTENNAMODEL" in LEF file; ignoring.
LEF read, Line 79 (Message): Unknown keyword "ANTENNADIFFSIDEAREARATIO" in LEF file; ignoring.
LEF read, Line 112 (Message): Unknown keyword "MINENCLOSEDAREA" in LEF file; ignoring.
LEF read, Line 114 (Message): Unknown keyword "ANTENNAMODEL" in LEF file; ignoring.
LEF read, Line 115 (Message): Unknown keyword "ANTENNADIFFSIDEAREARATIO" in LEF file; ignoring.
LEF read, Line 121 (Message): Unknown keyword "MAXIMUMDENSITY" in LEF file; ignoring.
LEF read, Line 122 (Message): Unknown keyword "DENSITYCHECKWINDOW" in LEF file; ignoring.
LEF read, Line 123 (Message): Unknown keyword "DENSITYCHECKSTEP" in LEF file; ignoring.
LEF read, Line 156 (Message): Unknown keyword "MINENCLOSEDAREA" in LEF file; ignoring.
LEF read, Line 164 (Message): Unknown keyword "ANTENNAMODEL" in LEF file; ignoring.
LEF read, Line 165 (Message): Unknown keyword "ANTENNADIFFSIDEAREARATIO" in LEF file; ignoring.
LEF read, Line 167 (Message): Unknown keyword "MAXIMUMDENSITY" in LEF file; ignoring.
LEF read, Line 168 (Message): Unknown keyword "DENSITYCHECKWINDOW" in LEF file; ignoring.
LEF read, Line 169 (Message): Unknown keyword "DENSITYCHECKSTEP" in LEF file; ignoring.
LEF read, Line 206 (Message): Unknown keyword "ANTENNAMODEL" in LEF file; ignoring.
LEF read, Line 207 (Message): Unknown keyword "ANTENNADIFFSIDEAREARATIO" in LEF file; ignoring.
LEF read, Line 209 (Message): Unknown keyword "MAXIMUMDENSITY" in LEF file; ignoring.
LEF read, Line 210 (Message): Unknown keyword "DENSITYCHECKWINDOW" in LEF file; ignoring.
LEF read, Line 211 (Message): Unknown keyword "DENSITYCHECKSTEP" in LEF file; ignoring.
LEF read, Line 248 (Message): Unknown keyword "ANTENNAMODEL" in LEF file; ignoring.
LEF read, Line 249 (Message): Unknown keyword "ANTENNADIFFSIDEAREARATIO" in LEF file; ignoring.
LEF read, Line 251 (Message): Unknown keyword "MAXIMUMDENSITY" in LEF file; ignoring.
LEF read, Line 252 (Message): Unknown keyword "DENSITYCHECKWINDOW" in LEF file; ignoring.
LEF read, Line 253 (Message): Unknown keyword "DENSITYCHECKSTEP" in LEF file; ignoring.
LEF read, Line 290 (Message): Unknown keyword "ANTENNAMODEL" in LEF file; ignoring.
LEF read, Line 291 (Message): Unknown keyword "ANTENNADIFFSIDEAREARATIO" in LEF file; ignoring.
LEF read: Processed 797 lines.
Reading DEF data from file /project/openlane/runs/run_1/results/routing/riscv_cpu.def.
This action cannot be undone.
  Processed 4 vias total.
Cell sky130_fd_sc_hd__diode_2 read from path /build/pdk/sky130A/libs.ref/sky130_fd_sc_hd/mag
Cell sky130_fd_sc_hd__decap_3 read from path /build/pdk/sky130A/libs.ref/sky130_fd_sc_hd/mag
Cell sky130_ef_sc_hd__decap_12 read from path /build/pdk/sky130A/libs.ref/sky130_fd_sc_hd/mag
Cell sky130_fd_sc_hd__decap_8 read from path /build/pdk/sky130A/libs.ref/sky130_fd_sc_hd/mag
Cell sky130_fd_sc_hd__fill_2 read from path /build/pdk/sky130A/libs.ref/sky130_fd_sc_hd/mag
Cell sky130_fd_sc_hd__fill_1 read from path /build/pdk/sky130A/libs.ref/sky130_fd_sc_hd/mag
Cell sky130_fd_sc_hd__decap_4 read from path /build/pdk/sky130A/libs.ref/sky130_fd_sc_hd/mag
Cell sky130_fd_sc_hd__decap_6 read from path /build/pdk/sky130A/libs.ref/sky130_fd_sc_hd/mag
Cell sky130_fd_sc_hd__tapvpwrvgnd_1 read from path /build/pdk/sky130A/libs.ref/sky130_fd_sc_hd/mag
Cell sky130_fd_sc_hd__or2_1 read from path /build/pdk/sky130A/libs.ref/sky130_fd_sc_hd/mag
Cell sky130_fd_sc_hd__clkbuf_8 read from path /build/pdk/sky130A/libs.ref/sky130_fd_sc_hd/mag
Cell sky130_fd_sc_hd__buf_2 read from path /build/pdk/sky130A/libs.ref/sky130_fd_sc_hd/mag
Cell sky130_fd_sc_hd__nand3b_1 read from path /build/pdk/sky130A/libs.ref/sky130_fd_sc_hd/mag
Cell sky130_fd_sc_hd__nor2_1 read from path /build/pdk/sky130A/libs.ref/sky130_fd_sc_hd/mag
Cell sky130_fd_sc_hd__buf_8 read from path /build/pdk/sky130A/libs.ref/sky130_fd_sc_hd/mag
Cell sky130_fd_sc_hd__or4_1 read from path /build/pdk/sky130A/libs.ref/sky130_fd_sc_hd/mag
Cell sky130_fd_sc_hd__inv_6 read from path /build/pdk/sky130A/libs.ref/sky130_fd_sc_hd/mag
Cell sky130_fd_sc_hd__clkinv_4 read from path /build/pdk/sky130A/libs.ref/sky130_fd_sc_hd/mag
Cell sky130_fd_sc_hd__o22a_1 read from path /build/pdk/sky130A/libs.ref/sky130_fd_sc_hd/mag
Cell sky130_fd_sc_hd__inv_2 read from path /build/pdk/sky130A/libs.ref/sky130_fd_sc_hd/mag
Cell sky130_fd_sc_hd__buf_6 read from path /build/pdk/sky130A/libs.ref/sky130_fd_sc_hd/mag
Cell sky130_fd_sc_hd__inv_4 read from path /build/pdk/sky130A/libs.ref/sky130_fd_sc_hd/mag
Cell sky130_fd_sc_hd__o2bb2a_1 read from path /build/pdk/sky130A/libs.ref/sky130_fd_sc_hd/mag
Cell sky130_fd_sc_hd__o221a_1 read from path /build/pdk/sky130A/libs.ref/sky130_fd_sc_hd/mag
Cell sky130_fd_sc_hd__xor2_1 read from path /build/pdk/sky130A/libs.ref/sky130_fd_sc_hd/mag
Cell sky130_fd_sc_hd__inv_8 read from path /build/pdk/sky130A/libs.ref/sky130_fd_sc_hd/mag
Cell sky130_fd_sc_hd__a22o_1 read from path /build/pdk/sky130A/libs.ref/sky130_fd_sc_hd/mag
Cell sky130_fd_sc_hd__a221o_1 read from path /build/pdk/sky130A/libs.ref/sky130_fd_sc_hd/mag
Cell sky130_fd_sc_hd__or3_1 read from path /build/pdk/sky130A/libs.ref/sky130_fd_sc_hd/mag
Cell sky130_fd_sc_hd__a21bo_1 read from path /build/pdk/sky130A/libs.ref/sky130_fd_sc_hd/mag
Cell sky130_fd_sc_hd__o211a_1 read from path /build/pdk/sky130A/libs.ref/sky130_fd_sc_hd/mag
Cell sky130_fd_sc_hd__and3b_2 read from path /build/pdk/sky130A/libs.ref/sky130_fd_sc_hd/mag
Cell sky130_fd_sc_hd__and4b_1 read from path /build/pdk/sky130A/libs.ref/sky130_fd_sc_hd/mag
Cell sky130_fd_sc_hd__a41o_1 read from path /build/pdk/sky130A/libs.ref/sky130_fd_sc_hd/mag
Cell sky130_fd_sc_hd__nand2_1 read from path /build/pdk/sky130A/libs.ref/sky130_fd_sc_hd/mag
Cell sky130_fd_sc_hd__o2111a_1 read from path /build/pdk/sky130A/libs.ref/sky130_fd_sc_hd/mag
Cell sky130_fd_sc_hd__xnor2_1 read from path /build/pdk/sky130A/libs.ref/sky130_fd_sc_hd/mag
Cell sky130_fd_sc_hd__and3b_1 read from path /build/pdk/sky130A/libs.ref/sky130_fd_sc_hd/mag
Cell sky130_fd_sc_hd__a21oi_1 read from path /build/pdk/sky130A/libs.ref/sky130_fd_sc_hd/mag
Cell sky130_fd_sc_hd__o21ba_1 read from path /build/pdk/sky130A/libs.ref/sky130_fd_sc_hd/mag
Cell sky130_fd_sc_hd__o31a_1 read from path /build/pdk/sky130A/libs.ref/sky130_fd_sc_hd/mag
Cell sky130_fd_sc_hd__buf_4 read from path /build/pdk/sky130A/libs.ref/sky130_fd_sc_hd/mag
Cell sky130_fd_sc_hd__or3_2 read from path /build/pdk/sky130A/libs.ref/sky130_fd_sc_hd/mag
Cell sky130_fd_sc_hd__clkbuf_16 read from path /build/pdk/sky130A/libs.ref/sky130_fd_sc_hd/mag
Cell sky130_fd_sc_hd__o21ai_1 read from path /build/pdk/sky130A/libs.ref/sky130_fd_sc_hd/mag
Cell sky130_fd_sc_hd__o311ai_4 read from path /build/pdk/sky130A/libs.ref/sky130_fd_sc_hd/mag
Cell sky130_fd_sc_hd__or4b_1 read from path /build/pdk/sky130A/libs.ref/sky130_fd_sc_hd/mag
Cell sky130_fd_sc_hd__nor2_2 read from path /build/pdk/sky130A/libs.ref/sky130_fd_sc_hd/mag
Cell sky130_fd_sc_hd__dlymetal6s2s_1 read from path /build/pdk/sky130A/libs.ref/sky130_fd_sc_hd/mag
Cell sky130_fd_sc_hd__clkbuf_4 read from path /build/pdk/sky130A/libs.ref/sky130_fd_sc_hd/mag
Cell sky130_fd_sc_hd__and3_1 read from path /build/pdk/sky130A/libs.ref/sky130_fd_sc_hd/mag
Cell sky130_fd_sc_hd__and4bb_1 read from path /build/pdk/sky130A/libs.ref/sky130_fd_sc_hd/mag
Cell sky130_fd_sc_hd__clkbuf_1 read from path /build/pdk/sky130A/libs.ref/sky130_fd_sc_hd/mag
Cell sky130_fd_sc_hd__buf_1 read from path /build/pdk/sky130A/libs.ref/sky130_fd_sc_hd/mag
Cell sky130_fd_sc_hd__and2_1 read from path /build/pdk/sky130A/libs.ref/sky130_fd_sc_hd/mag
Cell sky130_fd_sc_hd__and4_1 read from path /build/pdk/sky130A/libs.ref/sky130_fd_sc_hd/mag
Cell sky130_fd_sc_hd__mux2_2 read from path /build/pdk/sky130A/libs.ref/sky130_fd_sc_hd/mag
Cell sky130_fd_sc_hd__mux2_4 read from path /build/pdk/sky130A/libs.ref/sky130_fd_sc_hd/mag
Cell sky130_fd_sc_hd__buf_12 read from path /build/pdk/sky130A/libs.ref/sky130_fd_sc_hd/mag
Cell sky130_fd_sc_hd__mux2_1 read from path /build/pdk/sky130A/libs.ref/sky130_fd_sc_hd/mag
Cell sky130_fd_sc_hd__mux2_8 read from path /build/pdk/sky130A/libs.ref/sky130_fd_sc_hd/mag
Cell sky130_fd_sc_hd__nor4b_2 read from path /build/pdk/sky130A/libs.ref/sky130_fd_sc_hd/mag
Cell sky130_fd_sc_hd__a21o_1 read from path /build/pdk/sky130A/libs.ref/sky130_fd_sc_hd/mag
Cell sky130_fd_sc_hd__clkbuf_2 read from path /build/pdk/sky130A/libs.ref/sky130_fd_sc_hd/mag
Cell sky130_fd_sc_hd__and4_2 read from path /build/pdk/sky130A/libs.ref/sky130_fd_sc_hd/mag
Cell sky130_fd_sc_hd__o21a_1 read from path /build/pdk/sky130A/libs.ref/sky130_fd_sc_hd/mag
Cell sky130_fd_sc_hd__or4_2 read from path /build/pdk/sky130A/libs.ref/sky130_fd_sc_hd/mag
Cell sky130_fd_sc_hd__xor2_2 read from path /build/pdk/sky130A/libs.ref/sky130_fd_sc_hd/mag
Cell sky130_fd_sc_hd__a31oi_1 read from path /build/pdk/sky130A/libs.ref/sky130_fd_sc_hd/mag
Cell sky130_fd_sc_hd__or2_2 read from path /build/pdk/sky130A/libs.ref/sky130_fd_sc_hd/mag
Cell sky130_fd_sc_hd__a211oi_1 read from path /build/pdk/sky130A/libs.ref/sky130_fd_sc_hd/mag
Cell sky130_fd_sc_hd__xnor2_2 read from path /build/pdk/sky130A/libs.ref/sky130_fd_sc_hd/mag
Cell sky130_fd_sc_hd__a31oi_2 read from path /build/pdk/sky130A/libs.ref/sky130_fd_sc_hd/mag
Cell sky130_fd_sc_hd__nand3_1 read from path /build/pdk/sky130A/libs.ref/sky130_fd_sc_hd/mag
Cell sky130_fd_sc_hd__and4b_2 read from path /build/pdk/sky130A/libs.ref/sky130_fd_sc_hd/mag
Cell sky130_fd_sc_hd__o311a_2 read from path /build/pdk/sky130A/libs.ref/sky130_fd_sc_hd/mag
Cell sky130_fd_sc_hd__a31o_2 read from path /build/pdk/sky130A/libs.ref/sky130_fd_sc_hd/mag
Cell sky130_fd_sc_hd__nand2_2 read from path /build/pdk/sky130A/libs.ref/sky130_fd_sc_hd/mag
Cell sky130_fd_sc_hd__nor4_1 read from path /build/pdk/sky130A/libs.ref/sky130_fd_sc_hd/mag
Cell sky130_fd_sc_hd__a32o_1 read from path /build/pdk/sky130A/libs.ref/sky130_fd_sc_hd/mag
Cell sky130_fd_sc_hd__or4bb_2 read from path /build/pdk/sky130A/libs.ref/sky130_fd_sc_hd/mag
Cell sky130_fd_sc_hd__nor4b_1 read from path /build/pdk/sky130A/libs.ref/sky130_fd_sc_hd/mag
Cell sky130_fd_sc_hd__a31o_1 read from path /build/pdk/sky130A/libs.ref/sky130_fd_sc_hd/mag
Cell sky130_fd_sc_hd__a21o_2 read from path /build/pdk/sky130A/libs.ref/sky130_fd_sc_hd/mag
Cell sky130_fd_sc_hd__and3_2 read from path /build/pdk/sky130A/libs.ref/sky130_fd_sc_hd/mag
Cell sky130_fd_sc_hd__nor2_4 read from path /build/pdk/sky130A/libs.ref/sky130_fd_sc_hd/mag
Cell sky130_fd_sc_hd__nor2_8 read from path /build/pdk/sky130A/libs.ref/sky130_fd_sc_hd/mag
Cell sky130_fd_sc_hd__nand4_4 read from path /build/pdk/sky130A/libs.ref/sky130_fd_sc_hd/mag
Cell sky130_fd_sc_hd__o31ai_4 read from path /build/pdk/sky130A/libs.ref/sky130_fd_sc_hd/mag
Cell sky130_fd_sc_hd__nand3_4 read from path /build/pdk/sky130A/libs.ref/sky130_fd_sc_hd/mag
Cell sky130_fd_sc_hd__o211a_4 read from path /build/pdk/sky130A/libs.ref/sky130_fd_sc_hd/mag
Cell sky130_fd_sc_hd__or2_4 read from path /build/pdk/sky130A/libs.ref/sky130_fd_sc_hd/mag
Cell sky130_fd_sc_hd__a21oi_4 read from path /build/pdk/sky130A/libs.ref/sky130_fd_sc_hd/mag
Cell sky130_fd_sc_hd__nand3b_4 read from path /build/pdk/sky130A/libs.ref/sky130_fd_sc_hd/mag
Cell sky130_fd_sc_hd__nand4_2 read from path /build/pdk/sky130A/libs.ref/sky130_fd_sc_hd/mag
Cell sky130_fd_sc_hd__o21ai_2 read from path /build/pdk/sky130A/libs.ref/sky130_fd_sc_hd/mag
Cell sky130_fd_sc_hd__a311o_1 read from path /build/pdk/sky130A/libs.ref/sky130_fd_sc_hd/mag
Cell sky130_fd_sc_hd__o31a_2 read from path /build/pdk/sky130A/libs.ref/sky130_fd_sc_hd/mag
Cell sky130_fd_sc_hd__o21ai_4 read from path /build/pdk/sky130A/libs.ref/sky130_fd_sc_hd/mag
Cell sky130_fd_sc_hd__nand2_4 read from path /build/pdk/sky130A/libs.ref/sky130_fd_sc_hd/mag
Cell sky130_fd_sc_hd__a311o_4 read from path /build/pdk/sky130A/libs.ref/sky130_fd_sc_hd/mag
Cell sky130_fd_sc_hd__o21a_2 read from path /build/pdk/sky130A/libs.ref/sky130_fd_sc_hd/mag
Cell sky130_fd_sc_hd__o31ai_2 read from path /build/pdk/sky130A/libs.ref/sky130_fd_sc_hd/mag
Cell sky130_fd_sc_hd__nor3_2 read from path /build/pdk/sky130A/libs.ref/sky130_fd_sc_hd/mag
Cell sky130_fd_sc_hd__o211ai_4 read from path /build/pdk/sky130A/libs.ref/sky130_fd_sc_hd/mag
Cell sky130_fd_sc_hd__o2111ai_4 read from path /build/pdk/sky130A/libs.ref/sky130_fd_sc_hd/mag
Cell sky130_fd_sc_hd__nand3_2 read from path /build/pdk/sky130A/libs.ref/sky130_fd_sc_hd/mag
Cell sky130_fd_sc_hd__nand3b_2 read from path /build/pdk/sky130A/libs.ref/sky130_fd_sc_hd/mag
Cell sky130_fd_sc_hd__a311o_2 read from path /build/pdk/sky130A/libs.ref/sky130_fd_sc_hd/mag
Cell sky130_fd_sc_hd__nand4b_4 read from path /build/pdk/sky130A/libs.ref/sky130_fd_sc_hd/mag
Cell sky130_fd_sc_hd__a311oi_4 read from path /build/pdk/sky130A/libs.ref/sky130_fd_sc_hd/mag
Cell sky130_fd_sc_hd__a2bb2oi_2 read from path /build/pdk/sky130A/libs.ref/sky130_fd_sc_hd/mag
Cell sky130_fd_sc_hd__a21oi_2 read from path /build/pdk/sky130A/libs.ref/sky130_fd_sc_hd/mag
Cell sky130_fd_sc_hd__o211a_2 read from path /build/pdk/sky130A/libs.ref/sky130_fd_sc_hd/mag
Cell sky130_fd_sc_hd__and2_2 read from path /build/pdk/sky130A/libs.ref/sky130_fd_sc_hd/mag
Cell sky130_fd_sc_hd__and2b_1 read from path /build/pdk/sky130A/libs.ref/sky130_fd_sc_hd/mag
Cell sky130_fd_sc_hd__a21boi_4 read from path /build/pdk/sky130A/libs.ref/sky130_fd_sc_hd/mag
Cell sky130_fd_sc_hd__or2b_1 read from path /build/pdk/sky130A/libs.ref/sky130_fd_sc_hd/mag
Cell sky130_fd_sc_hd__o2bb2ai_4 read from path /build/pdk/sky130A/libs.ref/sky130_fd_sc_hd/mag
Cell sky130_fd_sc_hd__o22ai_4 read from path /build/pdk/sky130A/libs.ref/sky130_fd_sc_hd/mag
Cell sky130_fd_sc_hd__o22a_2 read from path /build/pdk/sky130A/libs.ref/sky130_fd_sc_hd/mag
Cell sky130_fd_sc_hd__o2bb2ai_2 read from path /build/pdk/sky130A/libs.ref/sky130_fd_sc_hd/mag
Cell sky130_fd_sc_hd__o41ai_4 read from path /build/pdk/sky130A/libs.ref/sky130_fd_sc_hd/mag
Cell sky130_fd_sc_hd__o41ai_1 read from path /build/pdk/sky130A/libs.ref/sky130_fd_sc_hd/mag
Cell sky130_fd_sc_hd__a31oi_4 read from path /build/pdk/sky130A/libs.ref/sky130_fd_sc_hd/mag
Cell sky130_fd_sc_hd__or2b_4 read from path /build/pdk/sky130A/libs.ref/sky130_fd_sc_hd/mag
Cell sky130_fd_sc_hd__a32oi_2 read from path /build/pdk/sky130A/libs.ref/sky130_fd_sc_hd/mag
Cell sky130_fd_sc_hd__o21bai_2 read from path /build/pdk/sky130A/libs.ref/sky130_fd_sc_hd/mag
Cell sky130_fd_sc_hd__o2bb2ai_1 read from path /build/pdk/sky130A/libs.ref/sky130_fd_sc_hd/mag
Cell sky130_fd_sc_hd__a22oi_4 read from path /build/pdk/sky130A/libs.ref/sky130_fd_sc_hd/mag
Cell sky130_fd_sc_hd__nor3_4 read from path /build/pdk/sky130A/libs.ref/sky130_fd_sc_hd/mag
Cell sky130_fd_sc_hd__a41oi_4 read from path /build/pdk/sky130A/libs.ref/sky130_fd_sc_hd/mag
Cell sky130_fd_sc_hd__a2bb2oi_4 read from path /build/pdk/sky130A/libs.ref/sky130_fd_sc_hd/mag
Cell sky130_fd_sc_hd__a31o_4 read from path /build/pdk/sky130A/libs.ref/sky130_fd_sc_hd/mag
Cell sky130_fd_sc_hd__a22oi_2 read from path /build/pdk/sky130A/libs.ref/sky130_fd_sc_hd/mag
Cell sky130_fd_sc_hd__o221ai_2 read from path /build/pdk/sky130A/libs.ref/sky130_fd_sc_hd/mag
Cell sky130_fd_sc_hd__o2111ai_2 read from path /build/pdk/sky130A/libs.ref/sky130_fd_sc_hd/mag
Cell sky130_fd_sc_hd__a211oi_4 read from path /build/pdk/sky130A/libs.ref/sky130_fd_sc_hd/mag
Cell sky130_fd_sc_hd__a311oi_2 read from path /build/pdk/sky130A/libs.ref/sky130_fd_sc_hd/mag
Cell sky130_fd_sc_hd__o21bai_1 read from path /build/pdk/sky130A/libs.ref/sky130_fd_sc_hd/mag
Cell sky130_fd_sc_hd__o22ai_2 read from path /build/pdk/sky130A/libs.ref/sky130_fd_sc_hd/mag
Cell sky130_fd_sc_hd__o22ai_1 read from path /build/pdk/sky130A/libs.ref/sky130_fd_sc_hd/mag
Cell sky130_fd_sc_hd__a41o_2 read from path /build/pdk/sky130A/libs.ref/sky130_fd_sc_hd/mag
Cell sky130_fd_sc_hd__and4_4 read from path /build/pdk/sky130A/libs.ref/sky130_fd_sc_hd/mag
Cell sky130_fd_sc_hd__nand4_1 read from path /build/pdk/sky130A/libs.ref/sky130_fd_sc_hd/mag
Cell sky130_fd_sc_hd__o31a_4 read from path /build/pdk/sky130A/libs.ref/sky130_fd_sc_hd/mag
Cell sky130_fd_sc_hd__a211o_1 read from path /build/pdk/sky130A/libs.ref/sky130_fd_sc_hd/mag
Cell sky130_fd_sc_hd__a41o_4 read from path /build/pdk/sky130A/libs.ref/sky130_fd_sc_hd/mag
Cell sky130_fd_sc_hd__and3b_4 read from path /build/pdk/sky130A/libs.ref/sky130_fd_sc_hd/mag
Cell sky130_fd_sc_hd__a311oi_1 read from path /build/pdk/sky130A/libs.ref/sky130_fd_sc_hd/mag
Cell sky130_fd_sc_hd__or3b_2 read from path /build/pdk/sky130A/libs.ref/sky130_fd_sc_hd/mag
Cell sky130_fd_sc_hd__mux4_2 read from path /build/pdk/sky130A/libs.ref/sky130_fd_sc_hd/mag
Cell sky130_fd_sc_hd__o211ai_1 read from path /build/pdk/sky130A/libs.ref/sky130_fd_sc_hd/mag
Cell sky130_fd_sc_hd__mux4_1 read from path /build/pdk/sky130A/libs.ref/sky130_fd_sc_hd/mag
Cell sky130_fd_sc_hd__o221ai_1 read from path /build/pdk/sky130A/libs.ref/sky130_fd_sc_hd/mag
Cell sky130_fd_sc_hd__a211o_2 read from path /build/pdk/sky130A/libs.ref/sky130_fd_sc_hd/mag
Cell sky130_fd_sc_hd__or3_4 read from path /build/pdk/sky130A/libs.ref/sky130_fd_sc_hd/mag
Cell sky130_fd_sc_hd__a2bb2o_1 read from path /build/pdk/sky130A/libs.ref/sky130_fd_sc_hd/mag
Cell sky130_fd_sc_hd__and3_4 read from path /build/pdk/sky130A/libs.ref/sky130_fd_sc_hd/mag
Cell sky130_fd_sc_hd__or4_4 read from path /build/pdk/sky130A/libs.ref/sky130_fd_sc_hd/mag
Cell sky130_fd_sc_hd__o211ai_2 read from path /build/pdk/sky130A/libs.ref/sky130_fd_sc_hd/mag
Cell sky130_fd_sc_hd__o311a_1 read from path /build/pdk/sky130A/libs.ref/sky130_fd_sc_hd/mag
Cell sky130_fd_sc_hd__a211oi_2 read from path /build/pdk/sky130A/libs.ref/sky130_fd_sc_hd/mag
Cell sky130_fd_sc_hd__o221ai_4 read from path /build/pdk/sky130A/libs.ref/sky130_fd_sc_hd/mag
Cell sky130_fd_sc_hd__a221o_2 read from path /build/pdk/sky130A/libs.ref/sky130_fd_sc_hd/mag
Cell sky130_fd_sc_hd__o32a_1 read from path /build/pdk/sky130A/libs.ref/sky130_fd_sc_hd/mag
Cell sky130_fd_sc_hd__a2111oi_4 read from path /build/pdk/sky130A/libs.ref/sky130_fd_sc_hd/mag
Cell sky130_fd_sc_hd__nor3_1 read from path /build/pdk/sky130A/libs.ref/sky130_fd_sc_hd/mag
Cell sky130_fd_sc_hd__a221oi_4 read from path /build/pdk/sky130A/libs.ref/sky130_fd_sc_hd/mag
Cell sky130_fd_sc_hd__o41ai_2 read from path /build/pdk/sky130A/libs.ref/sky130_fd_sc_hd/mag
Cell sky130_fd_sc_hd__o311ai_2 read from path /build/pdk/sky130A/libs.ref/sky130_fd_sc_hd/mag
Cell sky130_fd_sc_hd__o31ai_1 read from path /build/pdk/sky130A/libs.ref/sky130_fd_sc_hd/mag
Cell sky130_fd_sc_hd__o221a_2 read from path /build/pdk/sky130A/libs.ref/sky130_fd_sc_hd/mag
Cell sky130_fd_sc_hd__o2111a_2 read from path /build/pdk/sky130A/libs.ref/sky130_fd_sc_hd/mag
Cell sky130_fd_sc_hd__a32oi_4 read from path /build/pdk/sky130A/libs.ref/sky130_fd_sc_hd/mag
Cell sky130_fd_sc_hd__a2bb2oi_1 read from path /build/pdk/sky130A/libs.ref/sky130_fd_sc_hd/mag
Cell sky130_fd_sc_hd__nor3b_1 read from path /build/pdk/sky130A/libs.ref/sky130_fd_sc_hd/mag
Cell sky130_fd_sc_hd__o21ba_2 read from path /build/pdk/sky130A/libs.ref/sky130_fd_sc_hd/mag
Cell sky130_fd_sc_hd__o2111ai_1 read from path /build/pdk/sky130A/libs.ref/sky130_fd_sc_hd/mag
Cell sky130_fd_sc_hd__a22o_2 read from path /build/pdk/sky130A/libs.ref/sky130_fd_sc_hd/mag
Cell sky130_fd_sc_hd__a21boi_1 read from path /build/pdk/sky130A/libs.ref/sky130_fd_sc_hd/mag
Cell sky130_fd_sc_hd__a32oi_1 read from path /build/pdk/sky130A/libs.ref/sky130_fd_sc_hd/mag
Cell sky130_fd_sc_hd__a22oi_1 read from path /build/pdk/sky130A/libs.ref/sky130_fd_sc_hd/mag
Cell sky130_fd_sc_hd__a41oi_1 read from path /build/pdk/sky130A/libs.ref/sky130_fd_sc_hd/mag
Cell sky130_fd_sc_hd__a2111o_1 read from path /build/pdk/sky130A/libs.ref/sky130_fd_sc_hd/mag
Cell sky130_fd_sc_hd__or3b_1 read from path /build/pdk/sky130A/libs.ref/sky130_fd_sc_hd/mag
Cell sky130_fd_sc_hd__a2111oi_1 read from path /build/pdk/sky130A/libs.ref/sky130_fd_sc_hd/mag
Cell sky130_fd_sc_hd__o32ai_4 read from path /build/pdk/sky130A/libs.ref/sky130_fd_sc_hd/mag
Cell sky130_fd_sc_hd__and4b_4 read from path /build/pdk/sky130A/libs.ref/sky130_fd_sc_hd/mag
Cell sky130_fd_sc_hd__o41a_1 read from path /build/pdk/sky130A/libs.ref/sky130_fd_sc_hd/mag
Cell sky130_fd_sc_hd__or3b_4 read from path /build/pdk/sky130A/libs.ref/sky130_fd_sc_hd/mag
Cell sky130_fd_sc_hd__a221oi_1 read from path /build/pdk/sky130A/libs.ref/sky130_fd_sc_hd/mag
Cell sky130_fd_sc_hd__a21boi_2 read from path /build/pdk/sky130A/libs.ref/sky130_fd_sc_hd/mag
Cell sky130_fd_sc_hd__xor2_4 read from path /build/pdk/sky130A/libs.ref/sky130_fd_sc_hd/mag
Cell sky130_fd_sc_hd__o21bai_4 read from path /build/pdk/sky130A/libs.ref/sky130_fd_sc_hd/mag
Cell sky130_fd_sc_hd__xnor2_4 read from path /build/pdk/sky130A/libs.ref/sky130_fd_sc_hd/mag
Cell sky130_fd_sc_hd__o32ai_1 read from path /build/pdk/sky130A/libs.ref/sky130_fd_sc_hd/mag
Cell sky130_fd_sc_hd__o32ai_2 read from path /build/pdk/sky130A/libs.ref/sky130_fd_sc_hd/mag
Cell sky130_fd_sc_hd__a2bb2o_2 read from path /build/pdk/sky130A/libs.ref/sky130_fd_sc_hd/mag
Cell sky130_fd_sc_hd__dfxtp_1 read from path /build/pdk/sky130A/libs.ref/sky130_fd_sc_hd/mag
Cell sky130_fd_sc_hd__dfxtp_2 read from path /build/pdk/sky130A/libs.ref/sky130_fd_sc_hd/mag
Cell sky130_fd_sc_hd__dfxtp_4 read from path /build/pdk/sky130A/libs.ref/sky130_fd_sc_hd/mag
Cell sky130_fd_sc_hd__conb_1 read from path /build/pdk/sky130A/libs.ref/sky130_fd_sc_hd/mag
Cell sky130_fd_sc_hd__dlygate4sd3_1 read from path /build/pdk/sky130A/libs.ref/sky130_fd_sc_hd/mag
  Processed 224846 subcell instances total.
  Processed 170 pins total.
  Processed 2 special nets total.
  Processed 9405 nets total.
DEF read: Processed 441076 lines.
Moving label "_00000_" from metal2 to via2 in cell riscv_cpu.
Moving label "_00002_" from metal1 to via1 in cell riscv_cpu.
Moving label "_00009_" from metal1 to via1 in cell riscv_cpu.
Moving label "_00027_" from metal1 to via1 in cell riscv_cpu.
Moving label "_00034_" from metal1 to via1 in cell riscv_cpu.
Moving label "_00038_" from metal1 to via1 in cell riscv_cpu.
Moving label "_00043_" from metal1 to via1 in cell riscv_cpu.
Moving label "_00049_" from metal1 to via1 in cell riscv_cpu.
Moving label "_00050_" from metal1 to via1 in cell riscv_cpu.
Moving label "_00058_" from metal1 to via1 in cell riscv_cpu.
Moving label "_00088_" from metal1 to via1 in cell riscv_cpu.
Moving label "_00089_" from metal1 to via1 in cell riscv_cpu.
Moving label "_00148_" from metal1 to via1 in cell riscv_cpu.
Moving label "_00182_" from metal1 to via1 in cell riscv_cpu.
Moving label "_00194_" from metal1 to via1 in cell riscv_cpu.
Moving label "_00200_" from metal1 to via1 in cell riscv_cpu.
Moving label "_00201_" from metal1 to viali in cell riscv_cpu.
Moving label "_00209_" from metal1 to via1 in cell riscv_cpu.
Moving label "_00217_" from metal1 to via1 in cell riscv_cpu.
Moving label "_00223_" from metal1 to via1 in cell riscv_cpu.
Moving label "_00225_" from metal1 to via1 in cell riscv_cpu.
Moving label "_00232_" from metal1 to via1 in cell riscv_cpu.
Moving label "_00233_" from metal1 to via1 in cell riscv_cpu.
Moving label "_00235_" from metal1 to viali in cell riscv_cpu.
Moving label "_00240_" from metal1 to viali in cell riscv_cpu.
Moving label "_00241_" from metal1 to via1 in cell riscv_cpu.
Moving label "_00249_" from metal1 to via1 in cell riscv_cpu.
Moving label "_00256_" from metal1 to via1 in cell riscv_cpu.
Moving label "_00333_" from metal1 to via1 in cell riscv_cpu.
Moving label "_00334_" from metal1 to via1 in cell riscv_cpu.
Moving label "_00336_" from metal1 to via1 in cell riscv_cpu.
Moving label "_00337_" from metal1 to via1 in cell riscv_cpu.
Moving label "_00342_" from metal1 to via1 in cell riscv_cpu.
Moving label "_00343_" from metal1 to via1 in cell riscv_cpu.
Moving label "_00351_" from metal1 to via1 in cell riscv_cpu.
Moving label "_00366_" from metal1 to via1 in cell riscv_cpu.
Moving label "_00370_" from metal1 to viali in cell riscv_cpu.
Moving label "_00372_" from metal1 to via1 in cell riscv_cpu.
Moving label "_00378_" from metal1 to via1 in cell riscv_cpu.
Moving label "_00380_" from metal1 to via1 in cell riscv_cpu.
Moving label "_00381_" from metal1 to via1 in cell riscv_cpu.
Moving label "_00394_" from metal1 to via1 in cell riscv_cpu.
Moving label "_00413_" from metal1 to via1 in cell riscv_cpu.
Moving label "_00414_" from metal1 to via1 in cell riscv_cpu.
Moving label "_00415_" from metal1 to via1 in cell riscv_cpu.
Moving label "_00416_" from metal1 to via1 in cell riscv_cpu.
Moving label "_00417_" from metal1 to via1 in cell riscv_cpu.
Moving label "_00421_" from metal1 to via1 in cell riscv_cpu.
Moving label "_00431_" from metal1 to via1 in cell riscv_cpu.
Moving label "_00436_" from metal1 to viali in cell riscv_cpu.
Moving label "_00444_" from metal1 to via1 in cell riscv_cpu.
Moving label "_00446_" from metal1 to viali in cell riscv_cpu.
Moving label "_00452_" from metal1 to via1 in cell riscv_cpu.
Moving label "_00453_" from metal1 to via1 in cell riscv_cpu.
Moving label "_00460_" from metal1 to via1 in cell riscv_cpu.
Moving label "_00470_" from metal1 to via1 in cell riscv_cpu.
Moving label "_00479_" from metal1 to via1 in cell riscv_cpu.
Moving label "_00487_" from metal1 to via1 in cell riscv_cpu.
Moving label "_00503_" from metal1 to via1 in cell riscv_cpu.
Moving label "_00514_" from metal1 to via1 in cell riscv_cpu.
Moving label "_00520_" from metal2 to via2 in cell riscv_cpu.
Moving label "_00522_" from metal2 to via2 in cell riscv_cpu.
Moving label "_00537_" from metal2 to via2 in cell riscv_cpu.
Moving label "_00538_" from metal2 to via2 in cell riscv_cpu.
Moving label "_00543_" from metal2 to via2 in cell riscv_cpu.
Moving label "_00545_" from metal2 to via2 in cell riscv_cpu.
Moving label "_00549_" from metal2 to via2 in cell riscv_cpu.
Moving label "_00560_" from metal1 to via1 in cell riscv_cpu.
Moving label "_00576_" from metal1 to via1 in cell riscv_cpu.
Moving label "_00585_" from metal1 to via1 in cell riscv_cpu.
Moving label "_00606_" from metal1 to via1 in cell riscv_cpu.
Moving label "_00638_" from metal1 to via1 in cell riscv_cpu.
Moving label "_00640_" from metal1 to via1 in cell riscv_cpu.
Moving label "_00650_" from metal1 to via1 in cell riscv_cpu.
Moving label "_00651_" from metal1 to via1 in cell riscv_cpu.
Moving label "_00663_" from metal1 to via1 in cell riscv_cpu.
Moving label "_00757_" from metal1 to via1 in cell riscv_cpu.
Moving label "_00770_" from metal1 to via1 in cell riscv_cpu.
Moving label "_00811_" from metal1 to via1 in cell riscv_cpu.
Moving label "_00821_" from metal1 to via1 in cell riscv_cpu.
Moving label "_00823_" from metal1 to via1 in cell riscv_cpu.
Moving label "_00824_" from metal1 to via1 in cell riscv_cpu.
Moving label "_00831_" from metal1 to viali in cell riscv_cpu.
Moving label "_00838_" from metal1 to via1 in cell riscv_cpu.
Moving label "_00843_" from metal1 to via1 in cell riscv_cpu.
Moving label "_00881_" from metal1 to via1 in cell riscv_cpu.
Moving label "_00895_" from metal1 to via1 in cell riscv_cpu.
Moving label "_00920_" from metal1 to via1 in cell riscv_cpu.
Moving label "_00929_" from metal1 to via1 in cell riscv_cpu.
Moving label "_00966_" from metal1 to via1 in cell riscv_cpu.
Moving label "_00969_" from metal1 to via1 in cell riscv_cpu.
Moving label "_00994_" from metal1 to via1 in cell riscv_cpu.
Moving label "_01022_" from metal1 to via1 in cell riscv_cpu.
Moving label "_01027_" from metal1 to via1 in cell riscv_cpu.
Moving label "_01044_" from metal1 to via1 in cell riscv_cpu.
Moving label "_01045_" from metal1 to viali in cell riscv_cpu.
Moving label "_01051_" from metal1 to via1 in cell riscv_cpu.
Moving label "_01055_" from metal1 to via1 in cell riscv_cpu.
Moving label "_01060_" from metal1 to via1 in cell riscv_cpu.
Moving label "_01083_" from metal1 to via1 in cell riscv_cpu.
Moving label "_01092_" from metal1 to via1 in cell riscv_cpu.
Moving label "_01094_" from metal1 to via1 in cell riscv_cpu.
Moving label "_01095_" from metal1 to via1 in cell riscv_cpu.
Moving label "_01102_" from metal1 to via1 in cell riscv_cpu.
Moving label "_01113_" from metal1 to via1 in cell riscv_cpu.
Moving label "_01115_" from metal1 to via1 in cell riscv_cpu.
Moving label "_01135_" from metal1 to via1 in cell riscv_cpu.
Moving label "_01140_" from metal1 to via1 in cell riscv_cpu.
Moving label "_01155_" from metal1 to viali in cell riscv_cpu.
Moving label "_01169_" from metal1 to via1 in cell riscv_cpu.
Moving label "_01172_" from metal1 to via1 in cell riscv_cpu.
Moving label "_01174_" from metal1 to via1 in cell riscv_cpu.
Moving label "_01176_" from metal1 to via1 in cell riscv_cpu.
Moving label "_01177_" from metal1 to via1 in cell riscv_cpu.
Moving label "_01188_" from metal1 to via1 in cell riscv_cpu.
Moving label "_01189_" from metal1 to via1 in cell riscv_cpu.
Moving label "_01193_" from metal1 to viali in cell riscv_cpu.
Moving label "_01209_" from metal1 to via1 in cell riscv_cpu.
Moving label "_01212_" from metal1 to via1 in cell riscv_cpu.
Moving label "_01237_" from metal1 to via1 in cell riscv_cpu.
Moving label "_01251_" from metal1 to via1 in cell riscv_cpu.
Moving label "_01266_" from metal1 to viali in cell riscv_cpu.
Moving label "_01282_" from metal1 to via1 in cell riscv_cpu.
Moving label "_01284_" from metal1 to via1 in cell riscv_cpu.
Moving label "_01295_" from metal1 to via1 in cell riscv_cpu.
Moving label "_01301_" from metal1 to via1 in cell riscv_cpu.
Moving label "_01315_" from metal1 to via1 in cell riscv_cpu.
Moving label "_01316_" from metal1 to via1 in cell riscv_cpu.
Moving label "_01317_" from metal1 to via1 in cell riscv_cpu.
Moving label "_01328_" from metal1 to via1 in cell riscv_cpu.
Moving label "_01333_" from metal1 to via1 in cell riscv_cpu.
Moving label "_01347_" from metal1 to via1 in cell riscv_cpu.
Moving label "_01366_" from metal1 to via1 in cell riscv_cpu.
Moving label "_01371_" from metal1 to via1 in cell riscv_cpu.
Moving label "_01378_" from metal1 to via1 in cell riscv_cpu.
Moving label "_01381_" from metal1 to via1 in cell riscv_cpu.
Moving label "_01383_" from metal1 to via1 in cell riscv_cpu.
Moving label "_01384_" from metal1 to via1 in cell riscv_cpu.
Moving label "_01400_" from metal1 to via1 in cell riscv_cpu.
Moving label "_01401_" from metal1 to via1 in cell riscv_cpu.
Moving label "_01408_" from metal1 to via1 in cell riscv_cpu.
Moving label "_01412_" from metal1 to via1 in cell riscv_cpu.
Moving label "_01427_" from metal2 to via2 in cell riscv_cpu.
Moving label "_01448_" from metal2 to via2 in cell riscv_cpu.
Moving label "_01453_" from metal2 to via2 in cell riscv_cpu.
Moving label "_01463_" from metal1 to via1 in cell riscv_cpu.
Moving label "_01468_" from metal2 to via2 in cell riscv_cpu.
Moving label "_01469_" from metal2 to via2 in cell riscv_cpu.
Moving label "_01471_" from metal2 to via2 in cell riscv_cpu.
Moving label "_01479_" from metal2 to via2 in cell riscv_cpu.
Moving label "_01541_" from metal1 to viali in cell riscv_cpu.
Moving label "_01548_" from metal1 to via1 in cell riscv_cpu.
Moving label "_01685_" from metal1 to via1 in cell riscv_cpu.
Moving label "_01705_" from metal2 to via1 in cell riscv_cpu.
Moving label "_01743_" from metal1 to viali in cell riscv_cpu.
Moving label "_01761_" from metal1 to via1 in cell riscv_cpu.
Moving label "_01871_" from metal1 to viali in cell riscv_cpu.
Moving label "_01952_" from metal1 to via1 in cell riscv_cpu.
Moving label "_01982_" from metal1 to via1 in cell riscv_cpu.
Moving label "_01992_" from metal3 to via3 in cell riscv_cpu.
Moving label "_02006_" from metal3 to via3 in cell riscv_cpu.
Moving label "_02119_" from metal2 to via2 in cell riscv_cpu.
Moving label "_02125_" from metal2 to via2 in cell riscv_cpu.
Moving label "_02146_" from metal2 to via2 in cell riscv_cpu.
Moving label "_02149_" from metal1 to via1 in cell riscv_cpu.
Moving label "_02155_" from metal2 to via1 in cell riscv_cpu.
Moving label "_02159_" from metal1 to via1 in cell riscv_cpu.
Moving label "_02347_" from metal2 to via2 in cell riscv_cpu.
Moving label "_02380_" from metal2 to via2 in cell riscv_cpu.
Moving label "_02408_" from metal1 to viali in cell riscv_cpu.
Moving label "_02427_" from metal2 to via1 in cell riscv_cpu.
Moving label "_02520_" from metal2 to via2 in cell riscv_cpu.
Moving label "_02526_" from metal1 to via1 in cell riscv_cpu.
Moving label "_02531_" from metal2 to via2 in cell riscv_cpu.
Moving label "_02564_" from metal2 to via2 in cell riscv_cpu.
Moving label "_02575_" from metal2 to via2 in cell riscv_cpu.
Moving label "_02603_" from metal1 to via1 in cell riscv_cpu.
Moving label "_02617_" from metal1 to viali in cell riscv_cpu.
Moving label "_02660_" from metal1 to via1 in cell riscv_cpu.
Moving label "_02675_" from metal2 to via2 in cell riscv_cpu.
Moving label "_02676_" from metal2 to via2 in cell riscv_cpu.
Moving label "_02680_" from metal2 to via2 in cell riscv_cpu.
Moving label "_02740_" from metal2 to via2 in cell riscv_cpu.
Moving label "_02798_" from metal3 to via3 in cell riscv_cpu.
Moving label "_02871_" from metal3 to via3 in cell riscv_cpu.
Moving label "_02883_" from metal2 to via2 in cell riscv_cpu.
Moving label "_02924_" from metal3 to via3 in cell riscv_cpu.
Moving label "_02972_" from metal2 to via2 in cell riscv_cpu.
Moving label "_02975_" from metal2 to via2 in cell riscv_cpu.
Moving label "_03013_" from metal2 to via1 in cell riscv_cpu.
Moving label "_03024_" from metal3 to via3 in cell riscv_cpu.
Moving label "_03084_" from metal3 to via3 in cell riscv_cpu.
Moving label "_03107_" from metal1 to viali in cell riscv_cpu.
Moving label "_03111_" from metal3 to via3 in cell riscv_cpu.
Moving label "_03113_" from metal1 to via1 in cell riscv_cpu.
Moving label "_03144_" from metal2 to via2 in cell riscv_cpu.
Moving label "_03228_" from metal2 to via1 in cell riscv_cpu.
Moving label "_03241_" from metal3 to via3 in cell riscv_cpu.
Moving label "_03330_" from metal1 to via1 in cell riscv_cpu.
Moving label "_03335_" from metal2 to via2 in cell riscv_cpu.
Moving label "_03349_" from metal1 to via1 in cell riscv_cpu.
Moving label "_03353_" from metal1 to viali in cell riscv_cpu.
Moving label "_03385_" from metal1 to viali in cell riscv_cpu.
Moving label "_03433_" from metal2 to via2 in cell riscv_cpu.
Moving label "_03485_" from metal2 to via2 in cell riscv_cpu.
Moving label "_03490_" from metal1 to viali in cell riscv_cpu.
Moving label "_03523_" from metal2 to via2 in cell riscv_cpu.
Moving label "_03619_" from metal2 to via2 in cell riscv_cpu.
Moving label "_03625_" from metal1 to viali in cell riscv_cpu.
Moving label "_03729_" from metal1 to via1 in cell riscv_cpu.
Moving label "_03730_" from metal1 to viali in cell riscv_cpu.
Moving label "_03764_" from metal2 to via2 in cell riscv_cpu.
Moving label "_03913_" from metal2 to via2 in cell riscv_cpu.
Moving label "_03953_" from metal1 to via1 in cell riscv_cpu.
Moving label "_03977_" from metal2 to via2 in cell riscv_cpu.
Moving label "_03985_" from metal2 to via2 in cell riscv_cpu.
Moving label "_04032_" from metal1 to via1 in cell riscv_cpu.
Moving label "_04041_" from metal2 to via2 in cell riscv_cpu.
Moving label "_04049_" from metal2 to via2 in cell riscv_cpu.
Moving label "_04058_" from metal3 to via3 in cell riscv_cpu.
Moving label "_04080_" from metal2 to via2 in cell riscv_cpu.
Moving label "_04081_" from metal2 to via2 in cell riscv_cpu.
Moving label "_04146_" from metal1 to viali in cell riscv_cpu.
Moving label "_04160_" from metal3 to via3 in cell riscv_cpu.
Moving label "_04174_" from metal1 to viali in cell riscv_cpu.
Moving label "_04185_" from metal2 to via2 in cell riscv_cpu.
Moving label "_04278_" from metal2 to via1 in cell riscv_cpu.
Moving label "_04364_" from metal3 to via2 in cell riscv_cpu.
Moving label "_04390_" from metal1 to via1 in cell riscv_cpu.
Moving label "_04394_" from metal1 to viali in cell riscv_cpu.
Moving label "_04571_" from metal2 to via2 in cell riscv_cpu.
Moving label "_04637_" from metal2 to via2 in cell riscv_cpu.
Moving label "_04652_" from metal2 to via2 in cell riscv_cpu.
Moving label "_04670_" from metal2 to via1 in cell riscv_cpu.
Moving label "_04689_" from metal1 to via1 in cell riscv_cpu.
Moving label "_04704_" from metal3 to via3 in cell riscv_cpu.
Moving label "_04784_" from metal1 to viali in cell riscv_cpu.
Moving label "_04796_" from metal3 to via3 in cell riscv_cpu.
Moving label "_04804_" from metal1 to via1 in cell riscv_cpu.
Moving label "_04824_" from metal1 to viali in cell riscv_cpu.
Moving label "_04875_" from metal1 to via1 in cell riscv_cpu.
Moving label "_04965_" from metal1 to via1 in cell riscv_cpu.
Moving label "_05102_" from metal1 to via1 in cell riscv_cpu.
Moving label "_05117_" from metal1 to viali in cell riscv_cpu.
Moving label "_05247_" from metal2 to via1 in cell riscv_cpu.
Moving label "_05271_" from metal3 to via3 in cell riscv_cpu.
Moving label "_05295_" from metal3 to via3 in cell riscv_cpu.
Moving label "_05364_" from metal1 to via1 in cell riscv_cpu.
Moving label "_05369_" from metal3 to via3 in cell riscv_cpu.
Moving label "_05395_" from metal1 to via1 in cell riscv_cpu.
Moving label "_05401_" from metal1 to via1 in cell riscv_cpu.
Moving label "_05421_" from metal2 to via1 in cell riscv_cpu.
Moving label "_05454_" from metal2 to via2 in cell riscv_cpu.
Moving label "_05490_" from metal3 to via3 in cell riscv_cpu.
Moving label "_05517_" from metal1 to via1 in cell riscv_cpu.
Moving label "_05526_" from metal1 to via1 in cell riscv_cpu.
Moving label "_05543_" from metal2 to via2 in cell riscv_cpu.
Moving label "_05582_" from metal2 to via2 in cell riscv_cpu.
Moving label "_05596_" from metal2 to via2 in cell riscv_cpu.
Moving label "_05603_" from metal1 to via1 in cell riscv_cpu.
Moving label "_05625_" from metal1 to via1 in cell riscv_cpu.
Moving label "_05654_" from metal2 to via2 in cell riscv_cpu.
Moving label "_05704_" from metal3 to via3 in cell riscv_cpu.
Moving label "_05709_" from metal2 to via2 in cell riscv_cpu.
Moving label "_05726_" from metal1 to via1 in cell riscv_cpu.
Moving label "_05739_" from metal2 to via1 in cell riscv_cpu.
Moving label "_05756_" from metal1 to viali in cell riscv_cpu.
Moving label "_05761_" from metal1 to viali in cell riscv_cpu.
Moving label "_05775_" from metal2 to via2 in cell riscv_cpu.
Moving label "_05856_" from metal2 to via1 in cell riscv_cpu.
Moving label "_06028_" from metal3 to via3 in cell riscv_cpu.
Moving label "_06059_" from metal1 to via1 in cell riscv_cpu.
Moving label "_06075_" from metal2 to via2 in cell riscv_cpu.
Moving label "_06079_" from metal2 to via2 in cell riscv_cpu.
Moving label "_06082_" from metal1 to via1 in cell riscv_cpu.
Moving label "_06118_" from metal1 to via1 in cell riscv_cpu.
Moving label "_06188_" from metal2 to via2 in cell riscv_cpu.
Moving label "_06243_" from metal2 to via2 in cell riscv_cpu.
Moving label "clknet_3_2_0_clk" from metal3 to via3 in cell riscv_cpu.
Moving label "clknet_3_5_0_clk" from metal2 to via2 in cell riscv_cpu.
Moving label "clknet_3_7_0_clk" from metal2 to via2 in cell riscv_cpu.
Moving label "clknet_4_6__leaf_clk" from metal2 to via2 in cell riscv_cpu.
Moving label "clknet_4_8__leaf_clk" from metal2 to via2 in cell riscv_cpu.
Moving label "clknet_leaf_64_clk" from metal2 to via1 in cell riscv_cpu.
Moving label "clknet_leaf_76_clk" from metal2 to via1 in cell riscv_cpu.
Moving label "dmem_byte_en[1]" from metal2 to via2 in cell riscv_cpu.
Moving label "dmem_wdata[5]" from metal2 to via2 in cell riscv_cpu.
Moving label "dmem_wdata[7]" from metal2 to via2 in cell riscv_cpu.
Moving label "dmem_wdata[8]" from metal2 to via2 in cell riscv_cpu.
Moving label "dmem_wdata[9]" from metal2 to via2 in cell riscv_cpu.
Moving label "haz_detect.id_rs2\[2\]" from metal1 to via1 in cell riscv_cpu.
Moving label "imem_addr[0]" from metal2 to via2 in cell riscv_cpu.
Moving label "imem_addr[13]" from metal2 to via2 in cell riscv_cpu.
Moving label "imem_addr[23]" from metal2 to via2 in cell riscv_cpu.
Moving label "imem_addr[24]" from metal2 to via2 in cell riscv_cpu.
Moving label "imem_addr[26]" from metal2 to via2 in cell riscv_cpu.
Moving label "imem_addr[2]" from metal2 to via2 in cell riscv_cpu.
Moving label "imm_ex\[0\]" from metal2 to via2 in cell riscv_cpu.
Moving label "imm_ex\[3\]" from metal3 to via3 in cell riscv_cpu.
Moving label "imm_ex\[4\]" from metal3 to via3 in cell riscv_cpu.
Moving label "net1012" from metal1 to viali in cell riscv_cpu.
Moving label "net1023" from metal1 to via1 in cell riscv_cpu.
Moving label "net1086" from metal1 to via1 in cell riscv_cpu.
Moving label "net1096" from metal1 to via1 in cell riscv_cpu.
Moving label "net110" from metal1 to via1 in cell riscv_cpu.
Moving label "net1145" from metal1 to viali in cell riscv_cpu.
Moving label "net1221" from metal1 to via1 in cell riscv_cpu.
Moving label "net1254" from metal1 to viali in cell riscv_cpu.
Moving label "net1270" from metal1 to viali in cell riscv_cpu.
Moving label "net1289" from metal1 to via1 in cell riscv_cpu.
Moving label "net1309" from metal1 to via1 in cell riscv_cpu.
Moving label "net1338" from metal1 to viali in cell riscv_cpu.
Moving label "net1342" from metal1 to viali in cell riscv_cpu.
Moving label "net188" from metal1 to viali in cell riscv_cpu.
Moving label "net234" from metal1 to via1 in cell riscv_cpu.
Moving label "net277" from metal1 to viali in cell riscv_cpu.
Moving label "net34" from metal2 to via2 in cell riscv_cpu.
Moving label "net366" from metal1 to viali in cell riscv_cpu.
Moving label "net392" from metal1 to via1 in cell riscv_cpu.
Moving label "net400" from metal2 to via1 in cell riscv_cpu.
Moving label "net422" from metal1 to viali in cell riscv_cpu.
Moving label "net451" from metal2 to via1 in cell riscv_cpu.
Moving label "net513" from metal1 to viali in cell riscv_cpu.
Moving label "net544" from metal1 to viali in cell riscv_cpu.
Moving label "net596" from metal1 to via1 in cell riscv_cpu.
Moving label "net61" from metal2 to via2 in cell riscv_cpu.
Moving label "net619" from metal2 to via1 in cell riscv_cpu.
Moving label "net65" from metal2 to via2 in cell riscv_cpu.
Moving label "net722" from metal1 to via1 in cell riscv_cpu.
Moving label "net855" from metal1 to via1 in cell riscv_cpu.
Moving label "net866" from metal1 to viali in cell riscv_cpu.
Moving label "pc_plus_4_ex\[7\]" from metal1 to via1 in cell riscv_cpu.
Moving label "pc_plus_4_wb\[22\]" from metal1 to via1 in cell riscv_cpu.
Moving label "pc_plus_4_wb\[2\]" from metal1 to viali in cell riscv_cpu.
Moving label "rd1_ex\[0\]" from metal2 to via2 in cell riscv_cpu.
Moving label "rd1_ex\[27\]" from metal2 to via2 in cell riscv_cpu.
Moving label "rd2_ex\[4\]" from metal3 to via3 in cell riscv_cpu.
Moving label "rd2_ex\[5\]" from metal2 to via2 in cell riscv_cpu.
Moving label "regfile.registers\[10\]\[0\]" from metal1 to via1 in cell riscv_cpu.
Moving label "regfile.registers\[10\]\[12\]" from metal1 to via1 in cell riscv_cpu.
Moving label "regfile.registers\[10\]\[13\]" from metal1 to via1 in cell riscv_cpu.
Moving label "regfile.registers\[10\]\[14\]" from metal1 to via1 in cell riscv_cpu.
Moving label "regfile.registers\[10\]\[27\]" from metal1 to via1 in cell riscv_cpu.
Moving label "regfile.registers\[10\]\[29\]" from metal1 to via1 in cell riscv_cpu.
Moving label "regfile.registers\[12\]\[13\]" from metal1 to via1 in cell riscv_cpu.
Moving label "regfile.registers\[14\]\[10\]" from metal1 to via1 in cell riscv_cpu.
Moving label "regfile.registers\[14\]\[16\]" from metal1 to via1 in cell riscv_cpu.
Moving label "regfile.registers\[14\]\[3\]" from metal1 to via1 in cell riscv_cpu.
Moving label "regfile.registers\[16\]\[28\]" from metal2 to via1 in cell riscv_cpu.
Moving label "regfile.registers\[18\]\[11\]" from metal1 to via1 in cell riscv_cpu.
Moving label "regfile.registers\[18\]\[12\]" from metal1 to via1 in cell riscv_cpu.
Moving label "regfile.registers\[18\]\[15\]" from metal1 to via1 in cell riscv_cpu.
Moving label "regfile.registers\[18\]\[20\]" from metal1 to via1 in cell riscv_cpu.
Moving label "regfile.registers\[18\]\[25\]" from metal1 to via1 in cell riscv_cpu.
Moving label "regfile.registers\[18\]\[26\]" from metal1 to via1 in cell riscv_cpu.
Moving label "regfile.registers\[18\]\[8\]" from metal1 to via1 in cell riscv_cpu.
Moving label "regfile.registers\[19\]\[19\]" from metal1 to via1 in cell riscv_cpu.
Moving label "regfile.registers\[20\]\[28\]" from metal1 to via1 in cell riscv_cpu.
Moving label "regfile.registers\[20\]\[29\]" from metal1 to via1 in cell riscv_cpu.
Moving label "regfile.registers\[22\]\[25\]" from metal1 to viali in cell riscv_cpu.
Moving label "regfile.registers\[22\]\[30\]" from metal1 to via1 in cell riscv_cpu.
Moving label "regfile.registers\[23\]\[11\]" from metal1 to via1 in cell riscv_cpu.
Moving label "regfile.registers\[23\]\[3\]" from metal2 to via1 in cell riscv_cpu.
Moving label "regfile.registers\[26\]\[10\]" from metal1 to via1 in cell riscv_cpu.
Moving label "regfile.registers\[26\]\[12\]" from metal1 to via1 in cell riscv_cpu.
Moving label "regfile.registers\[26\]\[13\]" from metal1 to via1 in cell riscv_cpu.
Moving label "regfile.registers\[26\]\[18\]" from metal1 to via1 in cell riscv_cpu.
Moving label "regfile.registers\[26\]\[19\]" from metal1 to via1 in cell riscv_cpu.
Moving label "regfile.registers\[26\]\[20\]" from metal1 to via1 in cell riscv_cpu.
Moving label "regfile.registers\[26\]\[25\]" from metal1 to via1 in cell riscv_cpu.
Moving label "regfile.registers\[26\]\[28\]" from metal1 to via1 in cell riscv_cpu.
Moving label "regfile.registers\[26\]\[31\]" from metal1 to via1 in cell riscv_cpu.
Moving label "regfile.registers\[27\]\[25\]" from metal2 to via1 in cell riscv_cpu.
Moving label "regfile.registers\[2\]\[12\]" from metal1 to via1 in cell riscv_cpu.
Moving label "regfile.registers\[2\]\[13\]" from metal1 to via1 in cell riscv_cpu.
Moving label "regfile.registers\[2\]\[17\]" from metal1 to via1 in cell riscv_cpu.
Moving label "regfile.registers\[2\]\[18\]" from metal1 to via1 in cell riscv_cpu.
Moving label "regfile.registers\[2\]\[1\]" from metal1 to via1 in cell riscv_cpu.
Moving label "regfile.registers\[2\]\[24\]" from metal1 to via1 in cell riscv_cpu.
Moving label "regfile.registers\[2\]\[2\]" from metal1 to via1 in cell riscv_cpu.
Moving label "regfile.registers\[2\]\[3\]" from metal1 to via1 in cell riscv_cpu.
Moving label "regfile.registers\[2\]\[9\]" from metal1 to via1 in cell riscv_cpu.
Moving label "regfile.registers\[30\]\[13\]" from metal1 to via1 in cell riscv_cpu.
Moving label "regfile.registers\[3\]\[11\]" from metal1 to via1 in cell riscv_cpu.
Moving label "regfile.registers\[3\]\[22\]" from metal2 to via2 in cell riscv_cpu.
Moving label "regfile.registers\[3\]\[7\]" from metal2 to via1 in cell riscv_cpu.
Moving label "regfile.registers\[6\]\[17\]" from metal1 to via1 in cell riscv_cpu.
Moving label "regfile.registers\[6\]\[1\]" from metal1 to via1 in cell riscv_cpu.
Moving label "regfile.registers\[6\]\[25\]" from metal1 to via1 in cell riscv_cpu.
Moving label "regfile.registers\[6\]\[3\]" from metal1 to via1 in cell riscv_cpu.
Moving label "regfile.registers\[6\]\[5\]" from metal1 to via1 in cell riscv_cpu.
Root cell box:
           width x height  (   llx,  lly  ), (   urx,  ury  )  area (units^2)

microns:  1500.000 x 1500.000  ( 0.000,  0.000), ( 1500.000,  1500.000)  2250000.000
lambda:   150000.00 x 150000.00  (  0.00,  0.00 ), ( 150000.00,  150000.00)  22499999744.00
internal: 300000 x 300000  (     0,  0    ), ( 300000,  300000)  90000000000
   Generating output for cell sky130_ef_sc_hd__decap_12
   Generating output for cell sky130_fd_sc_hd__decap_3
   Generating output for cell sky130_fd_sc_hd__fill_1
   Generating output for cell sky130_fd_sc_hd__tapvpwrvgnd_1
   Generating output for cell sky130_fd_sc_hd__decap_4
   Generating output for cell sky130_fd_sc_hd__decap_6
   Generating output for cell sky130_fd_sc_hd__decap_8
   Generating output for cell sky130_fd_sc_hd__fill_2
   Generating output for cell sky130_fd_sc_hd__diode_2
   Generating output for cell sky130_fd_sc_hd__clkbuf_4
   Generating output for cell sky130_fd_sc_hd__buf_4
   Generating output for cell sky130_fd_sc_hd__clkbuf_1
   Generating output for cell sky130_fd_sc_hd__dfxtp_1
   Generating output for cell sky130_fd_sc_hd__and2_1
   Generating output for cell sky130_fd_sc_hd__dlygate4sd3_1
   Generating output for cell sky130_fd_sc_hd__a22o_1
   Generating output for cell sky130_fd_sc_hd__clkbuf_16
   Generating output for cell sky130_fd_sc_hd__mux4_1
   Generating output for cell sky130_fd_sc_hd__mux2_1
   Generating output for cell sky130_fd_sc_hd__or2_1
   Generating output for cell sky130_fd_sc_hd__o211a_1
   Generating output for cell sky130_fd_sc_hd__a21o_1
   Generating output for cell sky130_fd_sc_hd__o22a_1
   Generating output for cell sky130_fd_sc_hd__o221a_1
   Generating output for cell sky130_fd_sc_hd__mux4_2
   Generating output for cell sky130_fd_sc_hd__mux2_2
   Generating output for cell sky130_fd_sc_hd__a32o_1
   Generating output for cell sky130_fd_sc_hd__a211o_1
   Generating output for cell sky130_fd_sc_hd__o21a_1
   Generating output for cell sky130_fd_sc_hd__buf_12
   Generating output for cell sky130_fd_sc_hd__a221o_1
   Generating output for cell sky130_fd_sc_hd__buf_6
   Generating output for cell sky130_fd_sc_hd__mux2_4
   Generating output for cell sky130_fd_sc_hd__mux2_8
   Generating output for cell sky130_fd_sc_hd__buf_8
   Generating output for cell sky130_fd_sc_hd__clkbuf_8
   Generating output for cell sky130_fd_sc_hd__dfxtp_4
   Generating output for cell sky130_fd_sc_hd__clkbuf_2
   Generating output for cell sky130_fd_sc_hd__nor2_1
   Generating output for cell sky130_fd_sc_hd__inv_2
   Generating output for cell sky130_fd_sc_hd__nand4_1
   Generating output for cell sky130_fd_sc_hd__a21oi_1
   Generating output for cell sky130_fd_sc_hd__nand2_1
   Generating output for cell sky130_fd_sc_hd__and4_1
   Generating output for cell sky130_fd_sc_hd__nor3_1
   Generating output for cell sky130_fd_sc_hd__buf_1
   Generating output for cell sky130_fd_sc_hd__nand3_1
   Generating output for cell sky130_fd_sc_hd__o211ai_1
   Generating output for cell sky130_fd_sc_hd__nand4_4
   Generating output for cell sky130_fd_sc_hd__nor4_1
   Generating output for cell sky130_fd_sc_hd__buf_2
   Generating output for cell sky130_fd_sc_hd__a31oi_2
   Generating output for cell sky130_fd_sc_hd__and3_1
   Generating output for cell sky130_fd_sc_hd__nand4_2
   Generating output for cell sky130_fd_sc_hd__o31a_1
   Generating output for cell sky130_fd_sc_hd__a31oi_4
   Generating output for cell sky130_fd_sc_hd__a31o_1
   Generating output for cell sky130_fd_sc_hd__o311ai_2
   Generating output for cell sky130_fd_sc_hd__dfxtp_2
   Generating output for cell sky130_fd_sc_hd__nor3b_1
   Generating output for cell sky130_fd_sc_hd__a211oi_1
   Generating output for cell sky130_fd_sc_hd__a21oi_4
   Generating output for cell sky130_fd_sc_hd__a311o_1
   Generating output for cell sky130_fd_sc_hd__o211ai_2
   Generating output for cell sky130_fd_sc_hd__o221ai_4
   Generating output for cell sky130_fd_sc_hd__a22oi_4
   Generating output for cell sky130_fd_sc_hd__a2bb2oi_1
   Generating output for cell sky130_fd_sc_hd__nand2_4
   Generating output for cell sky130_fd_sc_hd__o21ai_1
   Generating output for cell sky130_fd_sc_hd__o211a_2
   Generating output for cell sky130_fd_sc_hd__o32ai_4
   Generating output for cell sky130_fd_sc_hd__a21oi_2
   Generating output for cell sky130_fd_sc_hd__o22ai_4
   Generating output for cell sky130_fd_sc_hd__o2bb2ai_1
   Generating output for cell sky130_fd_sc_hd__or2_2
   Generating output for cell sky130_fd_sc_hd__and2_2
   Generating output for cell sky130_fd_sc_hd__or4_1
   Generating output for cell sky130_fd_sc_hd__a311oi_2
   Generating output for cell sky130_fd_sc_hd__a31oi_1
   Generating output for cell sky130_fd_sc_hd__a21o_2
   Generating output for cell sky130_fd_sc_hd__o21a_2
   Generating output for cell sky130_fd_sc_hd__a311oi_4
   Generating output for cell sky130_fd_sc_hd__nand2_2
   Generating output for cell sky130_fd_sc_hd__o21ai_2
   Generating output for cell sky130_fd_sc_hd__o21ai_4
   Generating output for cell sky130_fd_sc_hd__a311o_2
   Generating output for cell sky130_fd_sc_hd__o2111ai_2
   Generating output for cell sky130_fd_sc_hd__o31a_2
   Generating output for cell sky130_fd_sc_hd__o32a_1
   Generating output for cell sky130_fd_sc_hd__o211ai_4
   Generating output for cell sky130_fd_sc_hd__nand3_2
   Generating output for cell sky130_fd_sc_hd__and3_2
   Generating output for cell sky130_fd_sc_hd__nor2_4
   Generating output for cell sky130_fd_sc_hd__nor2_8
   Generating output for cell sky130_fd_sc_hd__a221o_2
   Generating output for cell sky130_fd_sc_hd__o31ai_4
   Generating output for cell sky130_fd_sc_hd__a41o_2
   Generating output for cell sky130_fd_sc_hd__o2bb2ai_4
   Generating output for cell sky130_fd_sc_hd__and4_4
   Generating output for cell sky130_fd_sc_hd__a31o_2
   Generating output for cell sky130_fd_sc_hd__nor2_2
   Generating output for cell sky130_fd_sc_hd__o311a_1
   Generating output for cell sky130_fd_sc_hd__o22ai_2
   Generating output for cell sky130_fd_sc_hd__a22oi_2
   Generating output for cell sky130_fd_sc_hd__nand3_4
   Generating output for cell sky130_fd_sc_hd__or2_4
   Generating output for cell sky130_fd_sc_hd__o31ai_1
   Generating output for cell sky130_fd_sc_hd__a22oi_1
   Generating output for cell sky130_fd_sc_hd__and3b_1
   Generating output for cell sky130_fd_sc_hd__a21boi_2
   Generating output for cell sky130_fd_sc_hd__a21boi_1
   Generating output for cell sky130_fd_sc_hd__a311oi_1
   Generating output for cell sky130_fd_sc_hd__o2111ai_4
   Generating output for cell sky130_fd_sc_hd__o21ba_1
   Generating output for cell sky130_fd_sc_hd__or3b_2
   Generating output for cell sky130_fd_sc_hd__xor2_4
   Generating output for cell sky130_fd_sc_hd__xor2_2
   Generating output for cell sky130_fd_sc_hd__nor3_2
   Generating output for cell sky130_fd_sc_hd__o31ai_2
   Generating output for cell sky130_fd_sc_hd__o311ai_4
   Generating output for cell sky130_fd_sc_hd__a2bb2o_1
   Generating output for cell sky130_fd_sc_hd__o21bai_2
   Generating output for cell sky130_fd_sc_hd__o2bb2a_1
   Generating output for cell sky130_fd_sc_hd__o2111a_1
   Generating output for cell sky130_fd_sc_hd__nand3b_1
   Generating output for cell sky130_fd_sc_hd__o22ai_1
   Generating output for cell sky130_fd_sc_hd__or3_1
   Generating output for cell sky130_fd_sc_hd__nand3b_4
   Generating output for cell sky130_fd_sc_hd__or4_4
   Generating output for cell sky130_fd_sc_hd__a211oi_2
   Generating output for cell sky130_fd_sc_hd__xnor2_4
   Generating output for cell sky130_fd_sc_hd__o311a_2
   Generating output for cell sky130_fd_sc_hd__dlymetal6s2s_1
   Generating output for cell sky130_fd_sc_hd__a311o_4
   Generating output for cell sky130_fd_sc_hd__a31o_4
   Generating output for cell sky130_fd_sc_hd__o22a_2
   Generating output for cell sky130_fd_sc_hd__or4_2
   Generating output for cell sky130_fd_sc_hd__a2bb2oi_4
   Generating output for cell sky130_fd_sc_hd__xor2_1
   Generating output for cell sky130_fd_sc_hd__o211a_4
   Generating output for cell sky130_fd_sc_hd__and3b_2
   Generating output for cell sky130_fd_sc_hd__xnor2_2
   Generating output for cell sky130_fd_sc_hd__a221oi_1
   Generating output for cell sky130_fd_sc_hd__a21bo_1
   Generating output for cell sky130_fd_sc_hd__o21bai_1
   Generating output for cell sky130_fd_sc_hd__o31a_4
   Generating output for cell sky130_fd_sc_hd__nand4b_4
   Generating output for cell sky130_fd_sc_hd__and4b_1
   Generating output for cell sky130_fd_sc_hd__or3_4
   Generating output for cell sky130_fd_sc_hd__a41o_1
   Generating output for cell sky130_fd_sc_hd__a2bb2oi_2
   Generating output for cell sky130_fd_sc_hd__or4b_1
   Generating output for cell sky130_fd_sc_hd__nand3b_2
   Generating output for cell sky130_fd_sc_hd__a2111oi_1
   Generating output for cell sky130_fd_sc_hd__and2b_1
   Generating output for cell sky130_fd_sc_hd__a41oi_1
   Generating output for cell sky130_fd_sc_hd__a2111o_1
   Generating output for cell sky130_fd_sc_hd__a211oi_4
   Generating output for cell sky130_fd_sc_hd__a21boi_4
   Generating output for cell sky130_fd_sc_hd__or3b_1
   Generating output for cell sky130_fd_sc_hd__o41ai_2
   Generating output for cell sky130_fd_sc_hd__o2bb2ai_2
   Generating output for cell sky130_fd_sc_hd__and4_2
   Generating output for cell sky130_fd_sc_hd__a22o_2
   Generating output for cell sky130_fd_sc_hd__a221oi_4
   Generating output for cell sky130_fd_sc_hd__a32oi_1
   Generating output for cell sky130_fd_sc_hd__o221ai_1
   Generating output for cell sky130_fd_sc_hd__o221a_2
   Generating output for cell sky130_fd_sc_hd__a41oi_4
   Generating output for cell sky130_fd_sc_hd__o2111ai_1
   Generating output for cell sky130_fd_sc_hd__o21ba_2
   Generating output for cell sky130_fd_sc_hd__nor3_4
   Generating output for cell sky130_fd_sc_hd__and3_4
   Generating output for cell sky130_fd_sc_hd__o221ai_2
   Generating output for cell sky130_fd_sc_hd__a211o_2
   Generating output for cell sky130_fd_sc_hd__and4bb_1
   Generating output for cell sky130_fd_sc_hd__or3_2
   Generating output for cell sky130_fd_sc_hd__a32oi_4
   Generating output for cell sky130_fd_sc_hd__o21bai_4
   Generating output for cell sky130_fd_sc_hd__or2b_1
   Generating output for cell sky130_fd_sc_hd__a2bb2o_2
   Generating output for cell sky130_fd_sc_hd__a2111oi_4
   Generating output for cell sky130_fd_sc_hd__o2111a_2
   Generating output for cell sky130_fd_sc_hd__o41ai_4
   Generating output for cell sky130_fd_sc_hd__xnor2_1
   Generating output for cell sky130_fd_sc_hd__inv_4
   Generating output for cell sky130_fd_sc_hd__and4b_4
   Generating output for cell sky130_fd_sc_hd__clkinv_4
   Generating output for cell sky130_fd_sc_hd__a32oi_2
   Generating output for cell sky130_fd_sc_hd__and4b_2
   Generating output for cell sky130_fd_sc_hd__inv_6
   Generating output for cell sky130_fd_sc_hd__or2b_4
   Generating output for cell sky130_fd_sc_hd__a41o_4
   Generating output for cell sky130_fd_sc_hd__o32ai_2
   Generating output for cell sky130_fd_sc_hd__and3b_4
   Generating output for cell sky130_fd_sc_hd__o41ai_1
   Generating output for cell sky130_fd_sc_hd__nor4b_1
   Generating output for cell sky130_fd_sc_hd__or3b_4
   Generating output for cell sky130_fd_sc_hd__inv_8
   Generating output for cell sky130_fd_sc_hd__nor4b_2
   Generating output for cell sky130_fd_sc_hd__conb_1
   Generating output for cell sky130_fd_sc_hd__o32ai_1
   Generating output for cell sky130_fd_sc_hd__o41a_1
   Generating output for cell sky130_fd_sc_hd__or4bb_2
   Generating output for cell riscv_cpu
[INFO]: GDS Write Complete
